{"/Users/dominik.vbric/code/open-jii/apps/web/env.ts": {"path":"/Users/dominik.vbric/code/open-jii/apps/web/env.ts","statementMap":{"0":{"start":{"line":3,"column":18},"end":{"line":13,"column":null}},"1":{"start":{"line":15,"column":17},"end":{"line":25,"column":null}},"2":{"start":{"line":16,"column":2},"end":{"line":24,"column":null}},"3":{"start":{"line":17,"column":4},"end":{"line":17,"column":null}},"4":{"start":{"line":19,"column":4},"end":{"line":22,"column":null}},"5":{"start":{"line":20,"column":26},"end":{"line":20,"column":null}},"6":{"start":{"line":20,"column":52},"end":{"line":20,"column":70}},"7":{"start":{"line":21,"column":6},"end":{"line":21,"column":null}},"8":{"start":{"line":23,"column":4},"end":{"line":23,"column":null}},"9":{"start":{"line":27,"column":19},"end":{"line":27,"column":null}}},"fnMap":{"0":{"name":"(anonymous_0)","decl":{"start":{"line":15,"column":17},"end":{"line":15,"column":23}},"loc":{"start":{"line":15,"column":23},"end":{"line":25,"column":null}}},"1":{"name":"(anonymous_1)","decl":{"start":{"line":20,"column":43},"end":{"line":20,"column":44}},"loc":{"start":{"line":20,"column":52},"end":{"line":20,"column":70}}}},"branchMap":{"0":{"loc":{"start":{"line":19,"column":4},"end":{"line":22,"column":null}},"type":"if","locations":[{"start":{"line":19,"column":4},"end":{"line":22,"column":null}},{"start":{},"end":{}}]}},"s":{"0":0,"1":0,"2":0,"3":0,"4":0,"5":0,"6":0,"7":0,"8":0,"9":0},"f":{"0":0,"1":0},"b":{"0":[0,0]}}
,"/Users/dominik.vbric/code/open-jii/apps/web/middleware.ts": {"path":"/Users/dominik.vbric/code/open-jii/apps/web/middleware.ts","statementMap":{"0":{"start":{"line":8,"column":19},"end":{"line":8,"column":null}},"1":{"start":{"line":11,"column":28},"end":{"line":13,"column":null}},"2":{"start":{"line":12,"column":16},"end":{"line":12,"column":null}},"3":{"start":{"line":15,"column":2},"end":{"line":23,"column":null}},"4":{"start":{"line":17,"column":19},"end":{"line":17,"column":null}},"5":{"start":{"line":18,"column":24},"end":{"line":21,"column":null}},"6":{"start":{"line":22,"column":4},"end":{"line":22,"column":null}},"7":{"start":{"line":25,"column":2},"end":{"line":25,"column":null}},"8":{"start":{"line":31,"column":23},"end":{"line":31,"column":null}},"9":{"start":{"line":32,"column":2},"end":{"line":34,"column":null}},"10":{"start":{"line":33,"column":4},"end":{"line":33,"column":null}},"11":{"start":{"line":37,"column":25},"end":{"line":37,"column":null}},"12":{"start":{"line":38,"column":2},"end":{"line":38,"column":null}},"13":{"start":{"line":39,"column":2},"end":{"line":41,"column":null}},"14":{"start":{"line":44,"column":22},"end":{"line":49,"column":null}}},"fnMap":{"0":{"name":"handleI18nRouting","decl":{"start":{"line":7,"column":9},"end":{"line":7,"column":27}},"loc":{"start":{"line":7,"column":49},"end":{"line":26,"column":null}}},"1":{"name":"(anonymous_1)","decl":{"start":{"line":12,"column":4},"end":{"line":12,"column":5}},"loc":{"start":{"line":12,"column":16},"end":{"line":12,"column":null}}},"2":{"name":"middleware","decl":{"start":{"line":29,"column":16},"end":{"line":29,"column":27}},"loc":{"start":{"line":29,"column":49},"end":{"line":42,"column":null}}}},"branchMap":{"0":{"loc":{"start":{"line":12,"column":16},"end":{"line":12,"column":null}},"type":"binary-expr","locations":[{"start":{"line":12,"column":16},"end":{"line":12,"column":54}},{"start":{"line":12,"column":54},"end":{"line":12,"column":null}}]},"1":{"loc":{"start":{"line":15,"column":2},"end":{"line":23,"column":null}},"type":"if","locations":[{"start":{"line":15,"column":2},"end":{"line":23,"column":null}},{"start":{},"end":{}}]},"2":{"loc":{"start":{"line":32,"column":2},"end":{"line":34,"column":null}},"type":"if","locations":[{"start":{"line":32,"column":2},"end":{"line":34,"column":null}},{"start":{},"end":{}}]}},"s":{"0":0,"1":0,"2":0,"3":0,"4":0,"5":0,"6":0,"7":0,"8":0,"9":0,"10":0,"11":0,"12":0,"13":0,"14":0},"f":{"0":0,"1":0,"2":0},"b":{"0":[0,0],"1":[0,0],"2":[0,0]}}
,"/Users/dominik.vbric/code/open-jii/apps/web/next.config.js": {"path":"/Users/dominik.vbric/code/open-jii/apps/web/next.config.js","statementMap":{"0":{"start":{"line":4,"column":19},"end":{"line":4,"column":49}},"1":{"start":{"line":5,"column":18},"end":{"line":5,"column":37}},"2":{"start":{"line":8,"column":19},"end":{"line":31,"column":1}}},"fnMap":{},"branchMap":{},"s":{"0":0,"1":0,"2":0},"f":{},"b":{}}
,"/Users/dominik.vbric/code/open-jii/apps/web/vitest.setup.ts": {"path":"/Users/dominik.vbric/code/open-jii/apps/web/vitest.setup.ts","statementMap":{"0":{"start":{"line":5,"column":0},"end":{"line":5,"column":null}},"1":{"start":{"line":7,"column":0},"end":{"line":9,"column":null}},"2":{"start":{"line":8,"column":2},"end":{"line":8,"column":null}}},"fnMap":{"0":{"name":"(anonymous_0)","decl":{"start":{"line":7,"column":10},"end":{"line":7,"column":16}},"loc":{"start":{"line":7,"column":16},"end":{"line":9,"column":1}}}},"branchMap":{},"s":{"0":0,"1":0,"2":0},"f":{"0":0},"b":{}}
,"/Users/dominik.vbric/code/open-jii/apps/web/app/layout.tsx": {"path":"/Users/dominik.vbric/code/open-jii/apps/web/app/layout.tsx","statementMap":{"0":{"start":{"line":6,"column":34},"end":{"line":9,"column":null}},"1":{"start":{"line":16,"column":2},"end":{"line":16,"column":null}}},"fnMap":{"0":{"name":"RootLayout","decl":{"start":{"line":11,"column":24},"end":{"line":11,"column":35}},"loc":{"start":{"line":15,"column":4},"end":{"line":17,"column":null}}}},"branchMap":{},"s":{"0":0,"1":0},"f":{"0":0},"b":{}}
,"/Users/dominik.vbric/code/open-jii/apps/web/app/[locale]/layout.tsx": {"path":"/Users/dominik.vbric/code/open-jii/apps/web/app/[locale]/layout.tsx","statementMap":{"0":{"start":{"line":17,"column":16},"end":{"line":21,"column":null}},"1":{"start":{"line":23,"column":17},"end":{"line":27,"column":null}},"2":{"start":{"line":29,"column":36},"end":{"line":29,"column":null}},"3":{"start":{"line":41,"column":21},"end":{"line":41,"column":null}},"4":{"start":{"line":42,"column":16},"end":{"line":45,"column":null}},"5":{"start":{"line":47,"column":2},"end":{"line":50,"column":null}},"6":{"start":{"line":53,"column":26},"end":{"line":53,"column":null}},"7":{"start":{"line":56,"column":21},"end":{"line":56,"column":null}},"8":{"start":{"line":57,"column":33},"end":{"line":57,"column":null}},"9":{"start":{"line":58,"column":24},"end":{"line":61,"column":null}},"10":{"start":{"line":63,"column":2},"end":{"line":88,"column":null}}},"fnMap":{"0":{"name":"generateMetadata","decl":{"start":{"line":36,"column":22},"end":{"line":36,"column":39}},"loc":{"start":{"line":40,"column":22},"end":{"line":51,"column":null}}},"1":{"name":"LocaleLayout","decl":{"start":{"line":55,"column":30},"end":{"line":55,"column":43}},"loc":{"start":{"line":55,"column":84},"end":{"line":90,"column":null}}}},"branchMap":{},"s":{"0":0,"1":0,"2":0,"3":0,"4":0,"5":0,"6":0,"7":0,"8":0,"9":0,"10":0},"f":{"0":0,"1":0},"b":{}}
,"/Users/dominik.vbric/code/open-jii/apps/web/app/[locale]/page.tsx": {"path":"/Users/dominik.vbric/code/open-jii/apps/web/app/[locale]/page.tsx","statementMap":{"0":{"start":{"line":28,"column":21},"end":{"line":28,"column":null}},"1":{"start":{"line":29,"column":18},"end":{"line":29,"column":null}},"2":{"start":{"line":31,"column":33},"end":{"line":31,"column":null}},"3":{"start":{"line":32,"column":36},"end":{"line":32,"column":null}},"4":{"start":{"line":33,"column":20},"end":{"line":33,"column":null}},"5":{"start":{"line":37,"column":25},"end":{"line":43,"column":null}},"6":{"start":{"line":46,"column":74},"end":{"line":52,"column":null}},"7":{"start":{"line":54,"column":2},"end":{"line":78,"column":null}}},"fnMap":{"0":{"name":"Home","decl":{"start":{"line":27,"column":30},"end":{"line":27,"column":35}},"loc":{"start":{"line":27,"column":62},"end":{"line":80,"column":null}}}},"branchMap":{"0":{"loc":{"start":{"line":33,"column":20},"end":{"line":33,"column":null}},"type":"cond-expr","locations":[{"start":{"line":33,"column":30},"end":{"line":33,"column":46}},{"start":{"line":33,"column":46},"end":{"line":33,"column":null}}]}},"s":{"0":0,"1":0,"2":0,"3":0,"4":0,"5":0,"6":0,"7":0},"f":{"0":0},"b":{"0":[0,0]}}
,"/Users/dominik.vbric/code/open-jii/apps/web/app/[locale]/(info)/layout.tsx": {"path":"/Users/dominik.vbric/code/open-jii/apps/web/app/[locale]/(info)/layout.tsx","statementMap":{"0":{"start":{"line":12,"column":26},"end":{"line":12,"column":null}},"1":{"start":{"line":20,"column":33},"end":{"line":20,"column":null}},"2":{"start":{"line":21,"column":21},"end":{"line":21,"column":null}},"3":{"start":{"line":22,"column":18},"end":{"line":22,"column":null}},"4":{"start":{"line":25,"column":36},"end":{"line":25,"column":null}},"5":{"start":{"line":26,"column":20},"end":{"line":26,"column":null}},"6":{"start":{"line":27,"column":22},"end":{"line":27,"column":null}},"7":{"start":{"line":28,"column":21},"end":{"line":28,"column":null}},"8":{"start":{"line":30,"column":2},"end":{"line":44,"column":null}}},"fnMap":{"0":{"name":"InfoGroupLayout","decl":{"start":{"line":19,"column":30},"end":{"line":19,"column":46}},"loc":{"start":{"line":19,"column":81},"end":{"line":46,"column":null}}}},"branchMap":{"0":{"loc":{"start":{"line":26,"column":20},"end":{"line":26,"column":null}},"type":"cond-expr","locations":[{"start":{"line":26,"column":30},"end":{"line":26,"column":46}},{"start":{"line":26,"column":46},"end":{"line":26,"column":null}}]}},"s":{"0":0,"1":0,"2":0,"3":0,"4":0,"5":0,"6":0,"7":0,"8":0},"f":{"0":0},"b":{"0":[0,0]}}
,"/Users/dominik.vbric/code/open-jii/apps/web/app/[locale]/(info)/about/page.tsx": {"path":"/Users/dominik.vbric/code/open-jii/apps/web/app/[locale]/(info)/about/page.tsx","statementMap":{"0":{"start":{"line":13,"column":21},"end":{"line":13,"column":null}},"1":{"start":{"line":15,"column":33},"end":{"line":15,"column":null}},"2":{"start":{"line":16,"column":36},"end":{"line":16,"column":null}},"3":{"start":{"line":17,"column":20},"end":{"line":17,"column":null}},"4":{"start":{"line":18,"column":21},"end":{"line":18,"column":null}},"5":{"start":{"line":19,"column":16},"end":{"line":19,"column":null}},"6":{"start":{"line":21,"column":2},"end":{"line":21,"column":null}}},"fnMap":{"0":{"name":"AboutPage","decl":{"start":{"line":12,"column":30},"end":{"line":12,"column":40}},"loc":{"start":{"line":12,"column":68},"end":{"line":22,"column":null}}}},"branchMap":{"0":{"loc":{"start":{"line":17,"column":20},"end":{"line":17,"column":null}},"type":"cond-expr","locations":[{"start":{"line":17,"column":30},"end":{"line":17,"column":46}},{"start":{"line":17,"column":46},"end":{"line":17,"column":null}}]}},"s":{"0":0,"1":0,"2":0,"3":0,"4":0,"5":0,"6":0},"f":{"0":0},"b":{"0":[0,0]}}
,"/Users/dominik.vbric/code/open-jii/apps/web/app/[locale]/(info)/blog/not-found.tsx": {"path":"/Users/dominik.vbric/code/open-jii/apps/web/app/[locale]/(info)/blog/not-found.tsx","statementMap":{"0":{"start":{"line":10,"column":16},"end":{"line":10,"column":null}},"1":{"start":{"line":12,"column":2},"end":{"line":22,"column":null}}},"fnMap":{"0":{"name":"NotFound","decl":{"start":{"line":7,"column":30},"end":{"line":7,"column":41}},"loc":{"start":{"line":7,"column":41},"end":{"line":24,"column":null}}}},"branchMap":{},"s":{"0":0,"1":0},"f":{"0":0},"b":{}}
,"/Users/dominik.vbric/code/open-jii/apps/web/app/[locale]/(info)/blog/page.tsx": {"path":"/Users/dominik.vbric/code/open-jii/apps/web/app/[locale]/(info)/blog/page.tsx","statementMap":{"0":{"start":{"line":22,"column":21},"end":{"line":22,"column":null}},"1":{"start":{"line":23,"column":33},"end":{"line":23,"column":null}},"2":{"start":{"line":24,"column":36},"end":{"line":24,"column":null}},"3":{"start":{"line":25,"column":20},"end":{"line":25,"column":null}},"4":{"start":{"line":26,"column":26},"end":{"line":29,"column":null}},"5":{"start":{"line":30,"column":15},"end":{"line":30,"column":null}},"6":{"start":{"line":32,"column":20},"end":{"line":34,"column":null}},"7":{"start":{"line":33,"column":28},"end":{"line":33,"column":83}},"8":{"start":{"line":35,"column":29},"end":{"line":40,"column":null}},"9":{"start":{"line":41,"column":2},"end":{"line":48,"column":null}},"10":{"start":{"line":42,"column":4},"end":{"line":42,"column":null}},"11":{"start":{"line":43,"column":4},"end":{"line":43,"column":null}},"12":{"start":{"line":44,"column":4},"end":{"line":47,"column":null}},"13":{"start":{"line":50,"column":2},"end":{"line":50,"column":null}},"14":{"start":{"line":54,"column":21},"end":{"line":54,"column":null}},"15":{"start":{"line":55,"column":33},"end":{"line":55,"column":null}},"16":{"start":{"line":56,"column":27},"end":{"line":56,"column":null}},"17":{"start":{"line":57,"column":36},"end":{"line":57,"column":null}},"18":{"start":{"line":58,"column":20},"end":{"line":58,"column":null}},"19":{"start":{"line":60,"column":26},"end":{"line":60,"column":null}},"20":{"start":{"line":61,"column":15},"end":{"line":61,"column":null}},"21":{"start":{"line":63,"column":2},"end":{"line":65,"column":null}},"22":{"start":{"line":64,"column":4},"end":{"line":64,"column":null}},"23":{"start":{"line":67,"column":24},"end":{"line":75,"column":null}},"24":{"start":{"line":76,"column":16},"end":{"line":76,"column":null}},"25":{"start":{"line":78,"column":2},"end":{"line":80,"column":null}},"26":{"start":{"line":79,"column":4},"end":{"line":79,"column":null}},"27":{"start":{"line":82,"column":2},"end":{"line":106,"column":null}}},"fnMap":{"0":{"name":"generateMetadata","decl":{"start":{"line":21,"column":22},"end":{"line":21,"column":39}},"loc":{"start":{"line":21,"column":88},"end":{"line":51,"column":null}}},"1":{"name":"(anonymous_1)","decl":{"start":{"line":33,"column":16},"end":{"line":33,"column":17}},"loc":{"start":{"line":33,"column":28},"end":{"line":33,"column":83}}},"2":{"name":"Page","decl":{"start":{"line":53,"column":30},"end":{"line":53,"column":35}},"loc":{"start":{"line":53,"column":65},"end":{"line":108,"column":null}}}},"branchMap":{"0":{"loc":{"start":{"line":25,"column":20},"end":{"line":25,"column":null}},"type":"cond-expr","locations":[{"start":{"line":25,"column":30},"end":{"line":25,"column":46}},{"start":{"line":25,"column":46},"end":{"line":25,"column":null}}]},"1":{"loc":{"start":{"line":33,"column":37},"end":{"line":33,"column":82}},"type":"cond-expr","locations":[{"start":{"line":33,"column":64},"end":{"line":33,"column":70}},{"start":{"line":33,"column":70},"end":{"line":33,"column":82}}]},"2":{"loc":{"start":{"line":41,"column":2},"end":{"line":48,"column":null}},"type":"if","locations":[{"start":{"line":41,"column":2},"end":{"line":48,"column":null}},{"start":{},"end":{}}]},"3":{"loc":{"start":{"line":58,"column":20},"end":{"line":58,"column":null}},"type":"cond-expr","locations":[{"start":{"line":58,"column":30},"end":{"line":58,"column":46}},{"start":{"line":58,"column":46},"end":{"line":58,"column":null}}]},"4":{"loc":{"start":{"line":63,"column":2},"end":{"line":65,"column":null}},"type":"if","locations":[{"start":{"line":63,"column":2},"end":{"line":65,"column":null}},{"start":{},"end":{}}]},"5":{"loc":{"start":{"line":78,"column":2},"end":{"line":80,"column":null}},"type":"if","locations":[{"start":{"line":78,"column":2},"end":{"line":80,"column":null}},{"start":{},"end":{}}]},"6":{"loc":{"start":{"line":78,"column":6},"end":{"line":78,"column":40}},"type":"binary-expr","locations":[{"start":{"line":78,"column":6},"end":{"line":78,"column":32}},{"start":{"line":78,"column":32},"end":{"line":78,"column":40}}]}},"s":{"0":0,"1":0,"2":0,"3":0,"4":0,"5":0,"6":0,"7":0,"8":0,"9":0,"10":0,"11":0,"12":0,"13":0,"14":0,"15":0,"16":0,"17":0,"18":0,"19":0,"20":0,"21":0,"22":0,"23":0,"24":0,"25":0,"26":0,"27":0},"f":{"0":0,"1":0,"2":0},"b":{"0":[0,0],"1":[0,0],"2":[0,0],"3":[0,0],"4":[0,0],"5":[0,0],"6":[0,0]}}
,"/Users/dominik.vbric/code/open-jii/apps/web/app/[locale]/(info)/blog/[...notFound]/page.tsx": {"path":"/Users/dominik.vbric/code/open-jii/apps/web/app/[locale]/(info)/blog/[...notFound]/page.tsx","statementMap":{"0":{"start":{"line":4,"column":2},"end":{"line":4,"column":null}}},"fnMap":{"0":{"name":"NotFoundCatchAll","decl":{"start":{"line":3,"column":24},"end":{"line":3,"column":43}},"loc":{"start":{"line":3,"column":43},"end":{"line":5,"column":null}}}},"branchMap":{},"s":{"0":0},"f":{"0":0},"b":{}}
,"/Users/dominik.vbric/code/open-jii/apps/web/app/[locale]/(info)/blog/[slug]/page.tsx": {"path":"/Users/dominik.vbric/code/open-jii/apps/web/app/[locale]/(info)/blog/[slug]/page.tsx","statementMap":{"0":{"start":{"line":20,"column":27},"end":{"line":20,"column":null}},"1":{"start":{"line":21,"column":33},"end":{"line":21,"column":null}},"2":{"start":{"line":22,"column":36},"end":{"line":22,"column":null}},"3":{"start":{"line":23,"column":20},"end":{"line":23,"column":null}},"4":{"start":{"line":25,"column":37},"end":{"line":29,"column":null}},"5":{"start":{"line":30,"column":19},"end":{"line":30,"column":null}},"6":{"start":{"line":32,"column":20},"end":{"line":34,"column":null}},"7":{"start":{"line":33,"column":28},"end":{"line":33,"column":98}},"8":{"start":{"line":35,"column":29},"end":{"line":40,"column":null}},"9":{"start":{"line":42,"column":2},"end":{"line":49,"column":null}},"10":{"start":{"line":43,"column":4},"end":{"line":43,"column":null}},"11":{"start":{"line":44,"column":4},"end":{"line":44,"column":null}},"12":{"start":{"line":45,"column":4},"end":{"line":48,"column":null}},"13":{"start":{"line":51,"column":2},"end":{"line":51,"column":null}},"14":{"start":{"line":55,"column":27},"end":{"line":55,"column":null}},"15":{"start":{"line":56,"column":33},"end":{"line":56,"column":null}},"16":{"start":{"line":57,"column":36},"end":{"line":57,"column":null}},"17":{"start":{"line":58,"column":20},"end":{"line":58,"column":null}},"18":{"start":{"line":59,"column":16},"end":{"line":59,"column":null}},"19":{"start":{"line":60,"column":37},"end":{"line":64,"column":null}},"20":{"start":{"line":65,"column":36},"end":{"line":68,"column":null}},"21":{"start":{"line":69,"column":22},"end":{"line":69,"column":null}},"22":{"start":{"line":70,"column":19},"end":{"line":70,"column":null}},"23":{"start":{"line":71,"column":23},"end":{"line":71,"column":null}},"24":{"start":{"line":72,"column":21},"end":{"line":74,"column":null}},"25":{"start":{"line":76,"column":2},"end":{"line":78,"column":null}},"26":{"start":{"line":77,"column":4},"end":{"line":77,"column":null}},"27":{"start":{"line":80,"column":2},"end":{"line":99,"column":null}},"28":{"start":{"line":94,"column":86},"end":{"line":94,"column":98}}},"fnMap":{"0":{"name":"generateMetadata","decl":{"start":{"line":19,"column":22},"end":{"line":19,"column":39}},"loc":{"start":{"line":19,"column":85},"end":{"line":52,"column":null}}},"1":{"name":"(anonymous_1)","decl":{"start":{"line":33,"column":16},"end":{"line":33,"column":17}},"loc":{"start":{"line":33,"column":28},"end":{"line":33,"column":98}}},"2":{"name":"Page","decl":{"start":{"line":54,"column":30},"end":{"line":54,"column":35}},"loc":{"start":{"line":54,"column":62},"end":{"line":101,"column":null}}},"3":{"name":"(anonymous_3)","decl":{"start":{"line":94,"column":42},"end":{"line":94,"column":43}},"loc":{"start":{"line":94,"column":86},"end":{"line":94,"column":98}}}},"branchMap":{"0":{"loc":{"start":{"line":23,"column":20},"end":{"line":23,"column":null}},"type":"cond-expr","locations":[{"start":{"line":23,"column":30},"end":{"line":23,"column":46}},{"start":{"line":23,"column":46},"end":{"line":23,"column":null}}]},"1":{"loc":{"start":{"line":33,"column":37},"end":{"line":33,"column":97}},"type":"cond-expr","locations":[{"start":{"line":33,"column":64},"end":{"line":33,"column":77}},{"start":{"line":33,"column":77},"end":{"line":33,"column":97}}]},"2":{"loc":{"start":{"line":42,"column":2},"end":{"line":49,"column":null}},"type":"if","locations":[{"start":{"line":42,"column":2},"end":{"line":49,"column":null}},{"start":{},"end":{}}]},"3":{"loc":{"start":{"line":58,"column":20},"end":{"line":58,"column":null}},"type":"cond-expr","locations":[{"start":{"line":58,"column":30},"end":{"line":58,"column":46}},{"start":{"line":58,"column":46},"end":{"line":58,"column":null}}]},"4":{"loc":{"start":{"line":73,"column":4},"end":{"line":73,"column":null}},"type":"binary-expr","locations":[{"start":{"line":73,"column":4},"end":{"line":73,"column":22}},{"start":{"line":73,"column":22},"end":{"line":73,"column":null}}]},"5":{"loc":{"start":{"line":76,"column":2},"end":{"line":78,"column":null}},"type":"if","locations":[{"start":{"line":76,"column":2},"end":{"line":78,"column":null}},{"start":{},"end":{}}]},"6":{"loc":{"start":{"line":88,"column":7},"end":{"line":97,"column":null}},"type":"binary-expr","locations":[{"start":{"line":88,"column":7},"end":{"line":88,"column":null}},{"start":{"line":89,"column":8},"end":{"line":97,"column":null}}]}},"s":{"0":0,"1":0,"2":0,"3":0,"4":0,"5":0,"6":0,"7":0,"8":0,"9":0,"10":0,"11":0,"12":0,"13":0,"14":0,"15":0,"16":0,"17":0,"18":0,"19":0,"20":0,"21":0,"22":0,"23":0,"24":0,"25":0,"26":0,"27":0,"28":0},"f":{"0":0,"1":0,"2":0,"3":0},"b":{"0":[0,0],"1":[0,0],"2":[0,0],"3":[0,0],"4":[0,0],"5":[0,0],"6":[0,0]}}
,"/Users/dominik.vbric/code/open-jii/apps/web/app/[locale]/(info)/faq/page.tsx": {"path":"/Users/dominik.vbric/code/open-jii/apps/web/app/[locale]/(info)/faq/page.tsx","statementMap":{"0":{"start":{"line":13,"column":21},"end":{"line":13,"column":null}},"1":{"start":{"line":15,"column":33},"end":{"line":15,"column":null}},"2":{"start":{"line":16,"column":36},"end":{"line":16,"column":null}},"3":{"start":{"line":17,"column":20},"end":{"line":17,"column":null}},"4":{"start":{"line":18,"column":19},"end":{"line":18,"column":null}},"5":{"start":{"line":19,"column":14},"end":{"line":19,"column":null}},"6":{"start":{"line":21,"column":2},"end":{"line":21,"column":null}}},"fnMap":{"0":{"name":"FaqPage","decl":{"start":{"line":12,"column":30},"end":{"line":12,"column":38}},"loc":{"start":{"line":12,"column":64},"end":{"line":22,"column":null}}}},"branchMap":{"0":{"loc":{"start":{"line":17,"column":20},"end":{"line":17,"column":null}},"type":"cond-expr","locations":[{"start":{"line":17,"column":30},"end":{"line":17,"column":46}},{"start":{"line":17,"column":46},"end":{"line":17,"column":null}}]}},"s":{"0":0,"1":0,"2":0,"3":0,"4":0,"5":0,"6":0},"f":{"0":0},"b":{"0":[0,0]}}
,"/Users/dominik.vbric/code/open-jii/apps/web/app/[locale]/(info)/policies/page.tsx": {"path":"/Users/dominik.vbric/code/open-jii/apps/web/app/[locale]/(info)/policies/page.tsx","statementMap":{"0":{"start":{"line":13,"column":21},"end":{"line":13,"column":null}},"1":{"start":{"line":15,"column":33},"end":{"line":15,"column":null}},"2":{"start":{"line":16,"column":36},"end":{"line":16,"column":null}},"3":{"start":{"line":17,"column":20},"end":{"line":17,"column":null}},"4":{"start":{"line":18,"column":24},"end":{"line":18,"column":null}},"5":{"start":{"line":19,"column":19},"end":{"line":19,"column":null}},"6":{"start":{"line":21,"column":2},"end":{"line":21,"column":null}}},"fnMap":{"0":{"name":"PoliciesPage","decl":{"start":{"line":12,"column":30},"end":{"line":12,"column":43}},"loc":{"start":{"line":12,"column":74},"end":{"line":22,"column":null}}}},"branchMap":{"0":{"loc":{"start":{"line":17,"column":20},"end":{"line":17,"column":null}},"type":"cond-expr","locations":[{"start":{"line":17,"column":30},"end":{"line":17,"column":46}},{"start":{"line":17,"column":46},"end":{"line":17,"column":null}}]}},"s":{"0":0,"1":0,"2":0,"3":0,"4":0,"5":0,"6":0},"f":{"0":0},"b":{"0":[0,0]}}
,"/Users/dominik.vbric/code/open-jii/apps/web/app/[locale]/login/page.tsx": {"path":"/Users/dominik.vbric/code/open-jii/apps/web/app/[locale]/login/page.tsx","statementMap":{"0":{"start":{"line":12,"column":21},"end":{"line":12,"column":null}},"1":{"start":{"line":13,"column":26},"end":{"line":13,"column":null}},"2":{"start":{"line":15,"column":2},"end":{"line":33,"column":null}}},"fnMap":{"0":{"name":"LoginPage","decl":{"start":{"line":8,"column":30},"end":{"line":8,"column":40}},"loc":{"start":{"line":11,"column":3},"end":{"line":35,"column":null}}}},"branchMap":{},"s":{"0":0,"1":0,"2":0},"f":{"0":0},"b":{}}
,"/Users/dominik.vbric/code/open-jii/apps/web/app/[locale]/platform/layout.tsx": {"path":"/Users/dominik.vbric/code/open-jii/apps/web/app/[locale]/platform/layout.tsx","statementMap":{"0":{"start":{"line":18,"column":23},"end":{"line":25,"column":null}},"1":{"start":{"line":22,"column":8},"end":{"line":22,"column":null}},"2":{"start":{"line":24,"column":2},"end":{"line":24,"column":null}},"3":{"start":{"line":36,"column":21},"end":{"line":36,"column":null}},"4":{"start":{"line":37,"column":18},"end":{"line":37,"column":null}},"5":{"start":{"line":39,"column":2},"end":{"line":45,"column":null}},"6":{"start":{"line":40,"column":24},"end":{"line":40,"column":null}},"7":{"start":{"line":44,"column":4},"end":{"line":44,"column":null}},"8":{"start":{"line":46,"column":2},"end":{"line":51,"column":null}},"9":{"start":{"line":47,"column":24},"end":{"line":47,"column":null}},"10":{"start":{"line":50,"column":4},"end":{"line":50,"column":null}},"11":{"start":{"line":53,"column":8},"end":{"line":53,"column":null}},"12":{"start":{"line":55,"column":2},"end":{"line":75,"column":null}}},"fnMap":{"0":{"name":"(anonymous_0)","decl":{"start":{"line":18,"column":23},"end":{"line":18,"column":35}},"loc":{"start":{"line":18,"column":35},"end":{"line":25,"column":null}}},"1":{"name":"AppLayout","decl":{"start":{"line":27,"column":30},"end":{"line":27,"column":40}},"loc":{"start":{"line":35,"column":4},"end":{"line":77,"column":null}}}},"branchMap":{"0":{"loc":{"start":{"line":22,"column":8},"end":{"line":22,"column":null}},"type":"binary-expr","locations":[{"start":{"line":22,"column":8},"end":{"line":22,"column":73}},{"start":{"line":22,"column":73},"end":{"line":22,"column":null}}]},"1":{"loc":{"start":{"line":39,"column":2},"end":{"line":45,"column":null}},"type":"if","locations":[{"start":{"line":39,"column":2},"end":{"line":45,"column":null}},{"start":{},"end":{}}]},"2":{"loc":{"start":{"line":46,"column":2},"end":{"line":51,"column":null}},"type":"if","locations":[{"start":{"line":46,"column":2},"end":{"line":51,"column":null}},{"start":{},"end":{}}]},"3":{"loc":{"start":{"line":53,"column":8},"end":{"line":53,"column":null}},"type":"binary-expr","locations":[{"start":{"line":53,"column":8},"end":{"line":53,"column":62}},{"start":{"line":53,"column":62},"end":{"line":53,"column":null}}]}},"s":{"0":0,"1":0,"2":0,"3":0,"4":0,"5":0,"6":0,"7":0,"8":0,"9":0,"10":0,"11":0,"12":0},"f":{"0":0,"1":0},"b":{"0":[0,0],"1":[0,0],"2":[0,0],"3":[0,0]}}
,"/Users/dominik.vbric/code/open-jii/apps/web/app/[locale]/platform/page.tsx": {"path":"/Users/dominik.vbric/code/open-jii/apps/web/app/[locale]/platform/page.tsx","statementMap":{"0":{"start":{"line":7,"column":34},"end":{"line":9,"column":null}},"1":{"start":{"line":16,"column":21},"end":{"line":16,"column":null}},"2":{"start":{"line":17,"column":16},"end":{"line":20,"column":null}},"3":{"start":{"line":22,"column":2},"end":{"line":33,"column":null}}},"fnMap":{"0":{"name":"OpenJIIHome","decl":{"start":{"line":15,"column":30},"end":{"line":15,"column":42}},"loc":{"start":{"line":15,"column":73},"end":{"line":35,"column":null}}}},"branchMap":{},"s":{"0":0,"1":0,"2":0,"3":0},"f":{"0":0},"b":{}}
,"/Users/dominik.vbric/code/open-jii/apps/web/app/[locale]/platform/experiments/page.tsx": {"path":"/Users/dominik.vbric/code/open-jii/apps/web/app/[locale]/platform/experiments/page.tsx","statementMap":{"0":{"start":{"line":9,"column":34},"end":{"line":11,"column":null}},"1":{"start":{"line":18,"column":21},"end":{"line":18,"column":null}},"2":{"start":{"line":19,"column":16},"end":{"line":22,"column":null}},"3":{"start":{"line":24,"column":2},"end":{"line":34,"column":null}}},"fnMap":{"0":{"name":"ExperimentPage","decl":{"start":{"line":17,"column":30},"end":{"line":17,"column":45}},"loc":{"start":{"line":17,"column":78},"end":{"line":36,"column":null}}}},"branchMap":{},"s":{"0":0,"1":0,"2":0,"3":0},"f":{"0":0},"b":{}}
,"/Users/dominik.vbric/code/open-jii/apps/web/app/[locale]/platform/experiments/[id]/layout.tsx": {"path":"/Users/dominik.vbric/code/open-jii/apps/web/app/[locale]/platform/experiments/[id]/layout.tsx","statementMap":{"0":{"start":{"line":17,"column":19},"end":{"line":17,"column":null}},"1":{"start":{"line":18,"column":17},"end":{"line":18,"column":null}},"2":{"start":{"line":19,"column":16},"end":{"line":19,"column":null}},"3":{"start":{"line":20,"column":17},"end":{"line":20,"column":null}},"4":{"start":{"line":23,"column":49},"end":{"line":23,"column":null}},"5":{"start":{"line":25,"column":21},"end":{"line":25,"column":null}},"6":{"start":{"line":26,"column":20},"end":{"line":26,"column":null}},"7":{"start":{"line":29,"column":2},"end":{"line":35,"column":null}},"8":{"start":{"line":30,"column":4},"end":{"line":33,"column":null}},"9":{"start":{"line":38,"column":2},"end":{"line":64,"column":null}},"10":{"start":{"line":40,"column":23},"end":{"line":40,"column":null}},"11":{"start":{"line":42,"column":4},"end":{"line":52,"column":null}},"12":{"start":{"line":43,"column":6},"end":{"line":50,"column":null}},"13":{"start":{"line":55,"column":4},"end":{"line":62,"column":null}},"14":{"start":{"line":67,"column":2},"end":{"line":76,"column":null}},"15":{"start":{"line":68,"column":4},"end":{"line":74,"column":null}},"16":{"start":{"line":79,"column":23},"end":{"line":84,"column":null}},"17":{"start":{"line":80,"column":4},"end":{"line":80,"column":null}},"18":{"start":{"line":80,"column":40},"end":{"line":80,"column":null}},"19":{"start":{"line":81,"column":4},"end":{"line":81,"column":null}},"20":{"start":{"line":81,"column":75},"end":{"line":81,"column":null}},"21":{"start":{"line":82,"column":4},"end":{"line":82,"column":null}},"22":{"start":{"line":82,"column":49},"end":{"line":82,"column":null}},"23":{"start":{"line":83,"column":4},"end":{"line":83,"column":null}},"24":{"start":{"line":86,"column":20},"end":{"line":86,"column":null}},"25":{"start":{"line":87,"column":2},"end":{"line":126,"column":null}}},"fnMap":{"0":{"name":"ExperimentLayout","decl":{"start":{"line":16,"column":24},"end":{"line":16,"column":41}},"loc":{"start":{"line":16,"column":78},"end":{"line":128,"column":null}}},"1":{"name":"(anonymous_1)","decl":{"start":{"line":79,"column":23},"end":{"line":79,"column":29}},"loc":{"start":{"line":79,"column":29},"end":{"line":84,"column":null}}}},"branchMap":{"0":{"loc":{"start":{"line":29,"column":2},"end":{"line":35,"column":null}},"type":"if","locations":[{"start":{"line":29,"column":2},"end":{"line":35,"column":null}},{"start":{},"end":{}}]},"1":{"loc":{"start":{"line":38,"column":2},"end":{"line":64,"column":null}},"type":"if","locations":[{"start":{"line":38,"column":2},"end":{"line":64,"column":null}},{"start":{},"end":{}}]},"2":{"loc":{"start":{"line":40,"column":23},"end":{"line":40,"column":null}},"type":"binary-expr","locations":[{"start":{"line":40,"column":23},"end":{"line":40,"column":52}},{"start":{"line":40,"column":52},"end":{"line":40,"column":73}},{"start":{"line":40,"column":73},"end":{"line":40,"column":null}}]},"3":{"loc":{"start":{"line":42,"column":4},"end":{"line":52,"column":null}},"type":"if","locations":[{"start":{"line":42,"column":4},"end":{"line":52,"column":null}},{"start":{},"end":{}}]},"4":{"loc":{"start":{"line":67,"column":2},"end":{"line":76,"column":null}},"type":"if","locations":[{"start":{"line":67,"column":2},"end":{"line":76,"column":null}},{"start":{},"end":{}}]},"5":{"loc":{"start":{"line":80,"column":4},"end":{"line":80,"column":null}},"type":"if","locations":[{"start":{"line":80,"column":4},"end":{"line":80,"column":null}},{"start":{},"end":{}}]},"6":{"loc":{"start":{"line":81,"column":4},"end":{"line":81,"column":null}},"type":"if","locations":[{"start":{"line":81,"column":4},"end":{"line":81,"column":null}},{"start":{},"end":{}}]},"7":{"loc":{"start":{"line":82,"column":4},"end":{"line":82,"column":null}},"type":"if","locations":[{"start":{"line":82,"column":4},"end":{"line":82,"column":null}},{"start":{},"end":{}}]},"8":{"loc":{"start":{"line":111,"column":24},"end":{"line":111,"column":null}},"type":"cond-expr","locations":[{"start":{"line":111,"column":37},"end":{"line":111,"column":73}},{"start":{"line":111,"column":73},"end":{"line":111,"column":null}}]},"9":{"loc":{"start":{"line":114,"column":13},"end":{"line":119,"column":null}},"type":"cond-expr","locations":[{"start":{"line":115,"column":14},"end":{"line":117,"column":null}},{"start":{"line":119,"column":14},"end":{"line":119,"column":null}}]}},"s":{"0":0,"1":0,"2":0,"3":0,"4":0,"5":0,"6":0,"7":0,"8":0,"9":0,"10":0,"11":0,"12":0,"13":0,"14":0,"15":0,"16":0,"17":0,"18":0,"19":0,"20":0,"21":0,"22":0,"23":0,"24":0,"25":0},"f":{"0":0,"1":0},"b":{"0":[0,0],"1":[0,0],"2":[0,0,0],"3":[0,0],"4":[0,0],"5":[0,0],"6":[0,0],"7":[0,0],"8":[0,0],"9":[0,0]}}
,"/Users/dominik.vbric/code/open-jii/apps/web/app/[locale]/platform/experiments/[id]/page.tsx": {"path":"/Users/dominik.vbric/code/open-jii/apps/web/app/[locale]/platform/experiments/[id]/page.tsx","statementMap":{"0":{"start":{"line":24,"column":17},"end":{"line":24,"column":null}},"1":{"start":{"line":25,"column":37},"end":{"line":25,"column":null}},"2":{"start":{"line":26,"column":16},"end":{"line":26,"column":null}},"3":{"start":{"line":27,"column":2},"end":{"line":29,"column":null}},"4":{"start":{"line":28,"column":4},"end":{"line":28,"column":null}},"5":{"start":{"line":31,"column":2},"end":{"line":33,"column":null}},"6":{"start":{"line":32,"column":4},"end":{"line":32,"column":null}},"7":{"start":{"line":35,"column":2},"end":{"line":37,"column":null}},"8":{"start":{"line":36,"column":4},"end":{"line":36,"column":null}},"9":{"start":{"line":39,"column":21},"end":{"line":39,"column":null}},"10":{"start":{"line":41,"column":25},"end":{"line":56,"column":null}},"11":{"start":{"line":42,"column":4},"end":{"line":55,"column":null}},"12":{"start":{"line":44,"column":8},"end":{"line":44,"column":null}},"13":{"start":{"line":46,"column":8},"end":{"line":47,"column":null}},"14":{"start":{"line":50,"column":8},"end":{"line":50,"column":null}},"15":{"start":{"line":52,"column":8},"end":{"line":52,"column":null}},"16":{"start":{"line":54,"column":8},"end":{"line":54,"column":null}},"17":{"start":{"line":58,"column":2},"end":{"line":114,"column":null}}},"fnMap":{"0":{"name":"ExperimentOverviewPage","decl":{"start":{"line":23,"column":24},"end":{"line":23,"column":47}},"loc":{"start":{"line":23,"column":88},"end":{"line":116,"column":null}}},"1":{"name":"(anonymous_1)","decl":{"start":{"line":41,"column":25},"end":{"line":41,"column":26}},"loc":{"start":{"line":41,"column":45},"end":{"line":56,"column":null}}}},"branchMap":{"0":{"loc":{"start":{"line":27,"column":2},"end":{"line":29,"column":null}},"type":"if","locations":[{"start":{"line":27,"column":2},"end":{"line":29,"column":null}},{"start":{},"end":{}}]},"1":{"loc":{"start":{"line":31,"column":2},"end":{"line":33,"column":null}},"type":"if","locations":[{"start":{"line":31,"column":2},"end":{"line":33,"column":null}},{"start":{},"end":{}}]},"2":{"loc":{"start":{"line":35,"column":2},"end":{"line":37,"column":null}},"type":"if","locations":[{"start":{"line":35,"column":2},"end":{"line":37,"column":null}},{"start":{},"end":{}}]},"3":{"loc":{"start":{"line":42,"column":4},"end":{"line":55,"column":null}},"type":"switch","locations":[{"start":{"line":43,"column":6},"end":{"line":44,"column":null}},{"start":{"line":45,"column":6},"end":{"line":47,"column":null}},{"start":{"line":49,"column":6},"end":{"line":50,"column":null}},{"start":{"line":51,"column":6},"end":{"line":52,"column":null}},{"start":{"line":53,"column":6},"end":{"line":54,"column":null}}]},"4":{"loc":{"start":{"line":111,"column":37},"end":{"line":111,"column":67}},"type":"binary-expr","locations":[{"start":{"line":111,"column":37},"end":{"line":111,"column":63}},{"start":{"line":111,"column":63},"end":{"line":111,"column":67}}]}},"s":{"0":0,"1":0,"2":0,"3":0,"4":0,"5":0,"6":0,"7":0,"8":0,"9":0,"10":0,"11":0,"12":0,"13":0,"14":0,"15":0,"16":0,"17":0},"f":{"0":0,"1":0},"b":{"0":[0,0],"1":[0,0],"2":[0,0],"3":[0,0,0,0,0],"4":[0,0]}}
,"/Users/dominik.vbric/code/open-jii/apps/web/app/[locale]/platform/experiments/[id]/data/page.tsx": {"path":"/Users/dominik.vbric/code/open-jii/apps/web/app/[locale]/platform/experiments/[id]/data/page.tsx","statementMap":{"0":{"start":{"line":17,"column":17},"end":{"line":17,"column":null}},"1":{"start":{"line":18,"column":37},"end":{"line":18,"column":null}},"2":{"start":{"line":19,"column":16},"end":{"line":19,"column":null}},"3":{"start":{"line":20,"column":17},"end":{"line":20,"column":null}},"4":{"start":{"line":22,"column":2},"end":{"line":24,"column":null}},"5":{"start":{"line":23,"column":4},"end":{"line":23,"column":null}},"6":{"start":{"line":26,"column":2},"end":{"line":28,"column":null}},"7":{"start":{"line":27,"column":4},"end":{"line":27,"column":null}},"8":{"start":{"line":30,"column":2},"end":{"line":32,"column":null}},"9":{"start":{"line":31,"column":4},"end":{"line":31,"column":null}},"10":{"start":{"line":34,"column":2},"end":{"line":42,"column":null}}},"fnMap":{"0":{"name":"ExperimentDataPage","decl":{"start":{"line":16,"column":24},"end":{"line":16,"column":43}},"loc":{"start":{"line":16,"column":80},"end":{"line":44,"column":null}}}},"branchMap":{"0":{"loc":{"start":{"line":22,"column":2},"end":{"line":24,"column":null}},"type":"if","locations":[{"start":{"line":22,"column":2},"end":{"line":24,"column":null}},{"start":{},"end":{}}]},"1":{"loc":{"start":{"line":26,"column":2},"end":{"line":28,"column":null}},"type":"if","locations":[{"start":{"line":26,"column":2},"end":{"line":28,"column":null}},{"start":{},"end":{}}]},"2":{"loc":{"start":{"line":30,"column":2},"end":{"line":32,"column":null}},"type":"if","locations":[{"start":{"line":30,"column":2},"end":{"line":32,"column":null}},{"start":{},"end":{}}]}},"s":{"0":0,"1":0,"2":0,"3":0,"4":0,"5":0,"6":0,"7":0,"8":0,"9":0,"10":0},"f":{"0":0},"b":{"0":[0,0],"1":[0,0],"2":[0,0]}}
,"/Users/dominik.vbric/code/open-jii/apps/web/app/[locale]/platform/experiments/[id]/data/[tableName]/page.tsx": {"path":"/Users/dominik.vbric/code/open-jii/apps/web/app/[locale]/platform/experiments/[id]/data/[tableName]/page.tsx","statementMap":{"0":{"start":{"line":15,"column":28},"end":{"line":15,"column":null}},"1":{"start":{"line":16,"column":37},"end":{"line":16,"column":null}},"2":{"start":{"line":17,"column":16},"end":{"line":17,"column":null}},"3":{"start":{"line":19,"column":2},"end":{"line":21,"column":null}},"4":{"start":{"line":20,"column":4},"end":{"line":20,"column":null}},"5":{"start":{"line":23,"column":2},"end":{"line":25,"column":null}},"6":{"start":{"line":24,"column":4},"end":{"line":24,"column":null}},"7":{"start":{"line":27,"column":2},"end":{"line":29,"column":null}},"8":{"start":{"line":28,"column":4},"end":{"line":28,"column":null}},"9":{"start":{"line":31,"column":2},"end":{"line":39,"column":null}}},"fnMap":{"0":{"name":"ExperimentDataDetailsPage","decl":{"start":{"line":14,"column":24},"end":{"line":14,"column":50}},"loc":{"start":{"line":14,"column":94},"end":{"line":41,"column":null}}}},"branchMap":{"0":{"loc":{"start":{"line":19,"column":2},"end":{"line":21,"column":null}},"type":"if","locations":[{"start":{"line":19,"column":2},"end":{"line":21,"column":null}},{"start":{},"end":{}}]},"1":{"loc":{"start":{"line":23,"column":2},"end":{"line":25,"column":null}},"type":"if","locations":[{"start":{"line":23,"column":2},"end":{"line":25,"column":null}},{"start":{},"end":{}}]},"2":{"loc":{"start":{"line":27,"column":2},"end":{"line":29,"column":null}},"type":"if","locations":[{"start":{"line":27,"column":2},"end":{"line":29,"column":null}},{"start":{},"end":{}}]}},"s":{"0":0,"1":0,"2":0,"3":0,"4":0,"5":0,"6":0,"7":0,"8":0,"9":0},"f":{"0":0},"b":{"0":[0,0],"1":[0,0],"2":[0,0]}}
,"/Users/dominik.vbric/code/open-jii/apps/web/app/[locale]/platform/experiments/[id]/settings/page.tsx": {"path":"/Users/dominik.vbric/code/open-jii/apps/web/app/[locale]/platform/experiments/[id]/settings/page.tsx","statementMap":{"0":{"start":{"line":11,"column":25},"end":{"line":11,"column":null}},"1":{"start":{"line":13,"column":16},"end":{"line":16,"column":null}},"2":{"start":{"line":18,"column":2},"end":{"line":28,"column":null}}},"fnMap":{"0":{"name":"ExperimentSettingsPage","decl":{"start":{"line":10,"column":30},"end":{"line":10,"column":53}},"loc":{"start":{"line":10,"column":94},"end":{"line":30,"column":null}}}},"branchMap":{},"s":{"0":0,"1":0,"2":0},"f":{"0":0},"b":{}}
,"/Users/dominik.vbric/code/open-jii/apps/web/app/[locale]/platform/experiments/new/page.tsx": {"path":"/Users/dominik.vbric/code/open-jii/apps/web/app/[locale]/platform/experiments/new/page.tsx","statementMap":{"0":{"start":{"line":7,"column":34},"end":{"line":9,"column":null}},"1":{"start":{"line":16,"column":21},"end":{"line":16,"column":null}},"2":{"start":{"line":17,"column":16},"end":{"line":20,"column":null}},"3":{"start":{"line":22,"column":2},"end":{"line":29,"column":null}}},"fnMap":{"0":{"name":"NewExperimentPage","decl":{"start":{"line":15,"column":30},"end":{"line":15,"column":48}},"loc":{"start":{"line":15,"column":84},"end":{"line":31,"column":null}}}},"branchMap":{},"s":{"0":0,"1":0,"2":0,"3":0},"f":{"0":0},"b":{}}
,"/Users/dominik.vbric/code/open-jii/apps/web/app/[locale]/platform/protocols/page.tsx": {"path":"/Users/dominik.vbric/code/open-jii/apps/web/app/[locale]/platform/protocols/page.tsx","statementMap":{"0":{"start":{"line":9,"column":34},"end":{"line":11,"column":null}},"1":{"start":{"line":18,"column":21},"end":{"line":18,"column":null}},"2":{"start":{"line":19,"column":16},"end":{"line":22,"column":null}},"3":{"start":{"line":24,"column":2},"end":{"line":34,"column":null}}},"fnMap":{"0":{"name":"ProtocolPage","decl":{"start":{"line":17,"column":30},"end":{"line":17,"column":43}},"loc":{"start":{"line":17,"column":74},"end":{"line":36,"column":null}}}},"branchMap":{},"s":{"0":0,"1":0,"2":0,"3":0},"f":{"0":0},"b":{}}
,"/Users/dominik.vbric/code/open-jii/apps/web/app/[locale]/platform/protocols/[id]/layout.tsx": {"path":"/Users/dominik.vbric/code/open-jii/apps/web/app/[locale]/platform/protocols/[id]/layout.tsx","statementMap":{"0":{"start":{"line":17,"column":19},"end":{"line":17,"column":null}},"1":{"start":{"line":18,"column":17},"end":{"line":18,"column":null}},"2":{"start":{"line":19,"column":16},"end":{"line":19,"column":null}},"3":{"start":{"line":20,"column":17},"end":{"line":20,"column":null}},"4":{"start":{"line":21,"column":28},"end":{"line":21,"column":null}},"5":{"start":{"line":22,"column":33},"end":{"line":22,"column":null}},"6":{"start":{"line":25,"column":23},"end":{"line":29,"column":null}},"7":{"start":{"line":26,"column":4},"end":{"line":26,"column":null}},"8":{"start":{"line":26,"column":40},"end":{"line":26,"column":null}},"9":{"start":{"line":27,"column":4},"end":{"line":27,"column":null}},"10":{"start":{"line":27,"column":47},"end":{"line":27,"column":null}},"11":{"start":{"line":28,"column":4},"end":{"line":28,"column":null}},"12":{"start":{"line":31,"column":20},"end":{"line":31,"column":null}},"13":{"start":{"line":34,"column":17},"end":{"line":34,"column":null}},"14":{"start":{"line":35,"column":20},"end":{"line":35,"column":null}},"15":{"start":{"line":36,"column":20},"end":{"line":36,"column":null}},"16":{"start":{"line":38,"column":2},"end":{"line":63,"column":null}}},"fnMap":{"0":{"name":"ProtocolLayout","decl":{"start":{"line":16,"column":24},"end":{"line":16,"column":39}},"loc":{"start":{"line":16,"column":74},"end":{"line":65,"column":null}}},"1":{"name":"(anonymous_1)","decl":{"start":{"line":25,"column":23},"end":{"line":25,"column":29}},"loc":{"start":{"line":25,"column":29},"end":{"line":29,"column":null}}}},"branchMap":{"0":{"loc":{"start":{"line":26,"column":4},"end":{"line":26,"column":null}},"type":"if","locations":[{"start":{"line":26,"column":4},"end":{"line":26,"column":null}},{"start":{},"end":{}}]},"1":{"loc":{"start":{"line":27,"column":4},"end":{"line":27,"column":null}},"type":"if","locations":[{"start":{"line":27,"column":4},"end":{"line":27,"column":null}},{"start":{},"end":{}}]},"2":{"loc":{"start":{"line":36,"column":20},"end":{"line":36,"column":null}},"type":"binary-expr","locations":[{"start":{"line":36,"column":20},"end":{"line":36,"column":30}},{"start":{"line":36,"column":30},"end":{"line":36,"column":43}},{"start":{"line":36,"column":43},"end":{"line":36,"column":null}}]},"3":{"loc":{"start":{"line":46,"column":44},"end":{"line":46,"column":85}},"type":"cond-expr","locations":[{"start":{"line":46,"column":56},"end":{"line":46,"column":72}},{"start":{"line":46,"column":72},"end":{"line":46,"column":85}}]},"4":{"loc":{"start":{"line":52,"column":11},"end":{"line":57,"column":null}},"type":"binary-expr","locations":[{"start":{"line":52,"column":11},"end":{"line":52,"column":null}},{"start":{"line":53,"column":12},"end":{"line":57,"column":null}}]}},"s":{"0":0,"1":0,"2":0,"3":0,"4":0,"5":0,"6":0,"7":0,"8":0,"9":0,"10":0,"11":0,"12":0,"13":0,"14":0,"15":0,"16":0},"f":{"0":0,"1":0},"b":{"0":[0,0],"1":[0,0],"2":[0,0,0],"3":[0,0],"4":[0,0]}}
,"/Users/dominik.vbric/code/open-jii/apps/web/app/[locale]/platform/protocols/[id]/page.tsx": {"path":"/Users/dominik.vbric/code/open-jii/apps/web/app/[locale]/platform/protocols/[id]/page.tsx","statementMap":{"0":{"start":{"line":18,"column":17},"end":{"line":18,"column":null}},"1":{"start":{"line":19,"column":37},"end":{"line":19,"column":null}},"2":{"start":{"line":20,"column":16},"end":{"line":20,"column":null}},"3":{"start":{"line":22,"column":2},"end":{"line":24,"column":null}},"4":{"start":{"line":23,"column":4},"end":{"line":23,"column":null}},"5":{"start":{"line":26,"column":2},"end":{"line":28,"column":null}},"6":{"start":{"line":27,"column":4},"end":{"line":27,"column":null}},"7":{"start":{"line":30,"column":2},"end":{"line":32,"column":null}},"8":{"start":{"line":31,"column":4},"end":{"line":31,"column":null}},"9":{"start":{"line":34,"column":19},"end":{"line":34,"column":null}},"10":{"start":{"line":36,"column":2},"end":{"line":97,"column":null}}},"fnMap":{"0":{"name":"ProtocolOverviewPage","decl":{"start":{"line":17,"column":24},"end":{"line":17,"column":45}},"loc":{"start":{"line":17,"column":84},"end":{"line":99,"column":null}}}},"branchMap":{"0":{"loc":{"start":{"line":22,"column":2},"end":{"line":24,"column":null}},"type":"if","locations":[{"start":{"line":22,"column":2},"end":{"line":24,"column":null}},{"start":{},"end":{}}]},"1":{"loc":{"start":{"line":26,"column":2},"end":{"line":28,"column":null}},"type":"if","locations":[{"start":{"line":26,"column":2},"end":{"line":28,"column":null}},{"start":{},"end":{}}]},"2":{"loc":{"start":{"line":30,"column":2},"end":{"line":32,"column":null}},"type":"if","locations":[{"start":{"line":30,"column":2},"end":{"line":32,"column":null}},{"start":{},"end":{}}]},"3":{"loc":{"start":{"line":64,"column":17},"end":{"line":64,"column":null}},"type":"cond-expr","locations":[{"start":{"line":64,"column":51},"end":{"line":64,"column":65}},{"start":{"line":64,"column":65},"end":{"line":64,"column":null}}]},"4":{"loc":{"start":{"line":71,"column":39},"end":{"line":71,"column":69}},"type":"binary-expr","locations":[{"start":{"line":71,"column":39},"end":{"line":71,"column":65}},{"start":{"line":71,"column":65},"end":{"line":71,"column":69}}]},"5":{"loc":{"start":{"line":81,"column":37},"end":{"line":81,"column":65}},"type":"binary-expr","locations":[{"start":{"line":81,"column":37},"end":{"line":81,"column":61}},{"start":{"line":81,"column":61},"end":{"line":81,"column":65}}]}},"s":{"0":0,"1":0,"2":0,"3":0,"4":0,"5":0,"6":0,"7":0,"8":0,"9":0,"10":0},"f":{"0":0},"b":{"0":[0,0],"1":[0,0],"2":[0,0],"3":[0,0],"4":[0,0],"5":[0,0]}}
,"/Users/dominik.vbric/code/open-jii/apps/web/app/[locale]/platform/protocols/[id]/settings/page.tsx": {"path":"/Users/dominik.vbric/code/open-jii/apps/web/app/[locale]/platform/protocols/[id]/settings/page.tsx","statementMap":{"0":{"start":{"line":15,"column":17},"end":{"line":15,"column":null}},"1":{"start":{"line":16,"column":28},"end":{"line":16,"column":null}},"2":{"start":{"line":17,"column":44},"end":{"line":17,"column":null}},"3":{"start":{"line":18,"column":16},"end":{"line":18,"column":null}},"4":{"start":{"line":21,"column":2},"end":{"line":23,"column":null}},"5":{"start":{"line":22,"column":4},"end":{"line":22,"column":null}},"6":{"start":{"line":26,"column":2},"end":{"line":35,"column":null}},"7":{"start":{"line":27,"column":4},"end":{"line":33,"column":null}},"8":{"start":{"line":38,"column":2},"end":{"line":47,"column":null}},"9":{"start":{"line":39,"column":4},"end":{"line":45,"column":null}},"10":{"start":{"line":50,"column":20},"end":{"line":50,"column":null}},"11":{"start":{"line":52,"column":2},"end":{"line":61,"column":null}},"12":{"start":{"line":53,"column":4},"end":{"line":59,"column":null}},"13":{"start":{"line":63,"column":2},"end":{"line":73,"column":null}}},"fnMap":{"0":{"name":"ProtocolSettingsPage","decl":{"start":{"line":14,"column":24},"end":{"line":14,"column":45}},"loc":{"start":{"line":14,"column":84},"end":{"line":75,"column":null}}}},"branchMap":{"0":{"loc":{"start":{"line":21,"column":2},"end":{"line":23,"column":null}},"type":"if","locations":[{"start":{"line":21,"column":2},"end":{"line":23,"column":null}},{"start":{},"end":{}}]},"1":{"loc":{"start":{"line":26,"column":2},"end":{"line":35,"column":null}},"type":"if","locations":[{"start":{"line":26,"column":2},"end":{"line":35,"column":null}},{"start":{},"end":{}}]},"2":{"loc":{"start":{"line":38,"column":2},"end":{"line":47,"column":null}},"type":"if","locations":[{"start":{"line":38,"column":2},"end":{"line":47,"column":null}},{"start":{},"end":{}}]},"3":{"loc":{"start":{"line":52,"column":2},"end":{"line":61,"column":null}},"type":"if","locations":[{"start":{"line":52,"column":2},"end":{"line":61,"column":null}},{"start":{},"end":{}}]}},"s":{"0":0,"1":0,"2":0,"3":0,"4":0,"5":0,"6":0,"7":0,"8":0,"9":0,"10":0,"11":0,"12":0,"13":0},"f":{"0":0},"b":{"0":[0,0],"1":[0,0],"2":[0,0],"3":[0,0]}}
,"/Users/dominik.vbric/code/open-jii/apps/web/app/[locale]/platform/protocols/new/page.tsx": {"path":"/Users/dominik.vbric/code/open-jii/apps/web/app/[locale]/platform/protocols/new/page.tsx","statementMap":{"0":{"start":{"line":7,"column":34},"end":{"line":9,"column":null}},"1":{"start":{"line":16,"column":21},"end":{"line":16,"column":null}},"2":{"start":{"line":17,"column":16},"end":{"line":20,"column":null}},"3":{"start":{"line":22,"column":2},"end":{"line":29,"column":null}}},"fnMap":{"0":{"name":"NewProtocolPage","decl":{"start":{"line":15,"column":30},"end":{"line":15,"column":46}},"loc":{"start":{"line":15,"column":80},"end":{"line":31,"column":null}}}},"branchMap":{},"s":{"0":0,"1":0,"2":0,"3":0},"f":{"0":0},"b":{}}
,"/Users/dominik.vbric/code/open-jii/apps/web/app/[locale]/platform/signout/page.tsx": {"path":"/Users/dominik.vbric/code/open-jii/apps/web/app/[locale]/platform/signout/page.tsx","statementMap":{"0":{"start":{"line":11,"column":21},"end":{"line":11,"column":null}},"1":{"start":{"line":12,"column":16},"end":{"line":15,"column":null}},"2":{"start":{"line":17,"column":23},"end":{"line":22,"column":null}},"3":{"start":{"line":24,"column":2},"end":{"line":24,"column":null}}},"fnMap":{"0":{"name":"SignOutPage","decl":{"start":{"line":10,"column":30},"end":{"line":10,"column":42}},"loc":{"start":{"line":10,"column":72},"end":{"line":25,"column":null}}}},"branchMap":{},"s":{"0":0,"1":0,"2":0,"3":0},"f":{"0":0},"b":{}}
,"/Users/dominik.vbric/code/open-jii/apps/web/app/[locale]/register/page.tsx": {"path":"/Users/dominik.vbric/code/open-jii/apps/web/app/[locale]/register/page.tsx","statementMap":{"0":{"start":{"line":19,"column":18},"end":{"line":19,"column":null}},"1":{"start":{"line":20,"column":21},"end":{"line":20,"column":null}},"2":{"start":{"line":21,"column":26},"end":{"line":21,"column":null}},"3":{"start":{"line":23,"column":2},"end":{"line":25,"column":null}},"4":{"start":{"line":24,"column":4},"end":{"line":24,"column":null}},"5":{"start":{"line":27,"column":2},"end":{"line":29,"column":null}},"6":{"start":{"line":28,"column":4},"end":{"line":28,"column":null}},"7":{"start":{"line":31,"column":2},"end":{"line":52,"column":null}}},"fnMap":{"0":{"name":"UserRegistrationPage","decl":{"start":{"line":12,"column":30},"end":{"line":12,"column":51}},"loc":{"start":{"line":18,"column":3},"end":{"line":54,"column":null}}}},"branchMap":{"0":{"loc":{"start":{"line":23,"column":2},"end":{"line":25,"column":null}},"type":"if","locations":[{"start":{"line":23,"column":2},"end":{"line":25,"column":null}},{"start":{},"end":{}}]},"1":{"loc":{"start":{"line":27,"column":2},"end":{"line":29,"column":null}},"type":"if","locations":[{"start":{"line":27,"column":2},"end":{"line":29,"column":null}},{"start":{},"end":{}}]}},"s":{"0":0,"1":0,"2":0,"3":0,"4":0,"5":0,"6":0,"7":0},"f":{"0":0},"b":{"0":[0,0],"1":[0,0]}}
,"/Users/dominik.vbric/code/open-jii/apps/web/app/[locale]/verify-request/page.tsx": {"path":"/Users/dominik.vbric/code/open-jii/apps/web/app/[locale]/verify-request/page.tsx","statementMap":{"0":{"start":{"line":12,"column":21},"end":{"line":12,"column":null}},"1":{"start":{"line":13,"column":16},"end":{"line":16,"column":null}},"2":{"start":{"line":17,"column":23},"end":{"line":17,"column":null}},"3":{"start":{"line":18,"column":2},"end":{"line":20,"column":null}},"4":{"start":{"line":19,"column":4},"end":{"line":19,"column":null}},"5":{"start":{"line":22,"column":2},"end":{"line":46,"column":null}}},"fnMap":{"0":{"name":"VerifyRequestPage","decl":{"start":{"line":8,"column":30},"end":{"line":8,"column":48}},"loc":{"start":{"line":11,"column":3},"end":{"line":48,"column":null}}}},"branchMap":{"0":{"loc":{"start":{"line":18,"column":2},"end":{"line":20,"column":null}},"type":"if","locations":[{"start":{"line":18,"column":2},"end":{"line":20,"column":null}},{"start":{},"end":{}}]}},"s":{"0":0,"1":0,"2":0,"3":0,"4":0,"5":0},"f":{"0":0},"b":{"0":[0,0]}}
,"/Users/dominik.vbric/code/open-jii/apps/web/app/actions/auth.ts": {"path":"/Users/dominik.vbric/code/open-jii/apps/web/app/actions/auth.ts","statementMap":{"0":{"start":{"line":6,"column":2},"end":{"line":6,"column":null}},"1":{"start":{"line":10,"column":2},"end":{"line":10,"column":null}},"2":{"start":{"line":14,"column":18},"end":{"line":14,"column":null}},"3":{"start":{"line":16,"column":2},"end":{"line":18,"column":null}},"4":{"start":{"line":17,"column":4},"end":{"line":17,"column":null}}},"fnMap":{"0":{"name":"handleLogin","decl":{"start":{"line":5,"column":22},"end":{"line":5,"column":36}},"loc":{"start":{"line":5,"column":36},"end":{"line":7,"column":null}}},"1":{"name":"handleLogout","decl":{"start":{"line":9,"column":22},"end":{"line":9,"column":35}},"loc":{"start":{"line":9,"column":79},"end":{"line":11,"column":null}}},"2":{"name":"handleRegister","decl":{"start":{"line":13,"column":22},"end":{"line":13,"column":39}},"loc":{"start":{"line":13,"column":39},"end":{"line":19,"column":null}}}},"branchMap":{"0":{"loc":{"start":{"line":9,"column":35},"end":{"line":9,"column":79}},"type":"default-arg","locations":[{"start":{"line":9,"column":75},"end":{"line":9,"column":79}}]},"1":{"loc":{"start":{"line":9,"column":37},"end":{"line":9,"column":55}},"type":"default-arg","locations":[{"start":{"line":9,"column":50},"end":{"line":9,"column":55}}]},"2":{"loc":{"start":{"line":9,"column":55},"end":{"line":9,"column":71}},"type":"default-arg","locations":[{"start":{"line":9,"column":66},"end":{"line":9,"column":71}}]},"3":{"loc":{"start":{"line":16,"column":2},"end":{"line":18,"column":null}},"type":"if","locations":[{"start":{"line":16,"column":2},"end":{"line":18,"column":null}},{"start":{},"end":{}}]}},"s":{"0":0,"1":0,"2":0,"3":0,"4":0},"f":{"0":0,"1":0,"2":0},"b":{"0":[0],"1":[0],"2":[0],"3":[0,0]}}
,"/Users/dominik.vbric/code/open-jii/apps/web/app/api/auth/[...nextauth]/route.ts": {"path":"/Users/dominik.vbric/code/open-jii/apps/web/app/api/auth/[...nextauth]/route.ts","statementMap":{"0":{"start":{"line":3,"column":29},"end":{"line":3,"column":null}}},"fnMap":{},"branchMap":{},"s":{"0":0},"f":{},"b":{}}
,"/Users/dominik.vbric/code/open-jii/apps/web/app/api/auth/mobile-redirect/route.ts": {"path":"/Users/dominik.vbric/code/open-jii/apps/web/app/api/auth/mobile-redirect/route.ts","statementMap":{"0":{"start":{"line":5,"column":23},"end":{"line":5,"column":null}},"1":{"start":{"line":7,"column":2},"end":{"line":11,"column":null}},"2":{"start":{"line":8,"column":4},"end":{"line":10,"column":null}},"3":{"start":{"line":13,"column":22},"end":{"line":13,"column":null}},"4":{"start":{"line":14,"column":2},"end":{"line":14,"column":null}}},"fnMap":{"0":{"name":"GET","decl":{"start":{"line":4,"column":16},"end":{"line":4,"column":20}},"loc":{"start":{"line":4,"column":42},"end":{"line":15,"column":null}}}},"branchMap":{"0":{"loc":{"start":{"line":7,"column":2},"end":{"line":11,"column":null}},"type":"if","locations":[{"start":{"line":7,"column":2},"end":{"line":11,"column":null}},{"start":{},"end":{}}]}},"s":{"0":0,"1":0,"2":0,"3":0,"4":0},"f":{"0":0},"b":{"0":[0,0]}}
,"/Users/dominik.vbric/code/open-jii/apps/web/app/api/enable-draft/route.ts": {"path":"/Users/dominik.vbric/code/open-jii/apps/web/app/api/enable-draft/route.ts","statementMap":{"0":{"start":{"line":14,"column":24},"end":{"line":27,"column":null}},"1":{"start":{"line":15,"column":2},"end":{"line":15,"column":null}},"2":{"start":{"line":15,"column":19},"end":{"line":15,"column":null}},"3":{"start":{"line":16,"column":41},"end":{"line":16,"column":null}},"4":{"start":{"line":18,"column":18},"end":{"line":18,"column":null}},"5":{"start":{"line":19,"column":22},"end":{"line":19,"column":null}},"6":{"start":{"line":20,"column":34},"end":{"line":20,"column":null}},"7":{"start":{"line":24,"column":15},"end":{"line":24,"column":null}},"8":{"start":{"line":26,"column":2},"end":{"line":26,"column":null}},"9":{"start":{"line":29,"column":25},"end":{"line":48,"column":null}},"10":{"start":{"line":38,"column":22},"end":{"line":38,"column":null}},"11":{"start":{"line":42,"column":2},"end":{"line":45,"column":null}},"12":{"start":{"line":43,"column":4},"end":{"line":43,"column":null}},"13":{"start":{"line":44,"column":4},"end":{"line":44,"column":null}},"14":{"start":{"line":47,"column":2},"end":{"line":47,"column":null}},"15":{"start":{"line":51,"column":2},"end":{"line":51,"column":null}},"16":{"start":{"line":52,"column":22},"end":{"line":52,"column":null}},"17":{"start":{"line":53,"column":16},"end":{"line":53,"column":null}},"18":{"start":{"line":54,"column":17},"end":{"line":54,"column":null}},"19":{"start":{"line":55,"column":2},"end":{"line":57,"column":null}},"20":{"start":{"line":56,"column":4},"end":{"line":56,"column":null}},"21":{"start":{"line":58,"column":2},"end":{"line":65,"column":null}},"22":{"start":{"line":69,"column":68},"end":{"line":69,"column":null}},"23":{"start":{"line":71,"column":2},"end":{"line":75,"column":null}},"24":{"start":{"line":72,"column":4},"end":{"line":72,"column":null}},"25":{"start":{"line":73,"column":24},"end":{"line":73,"column":null}},"26":{"start":{"line":74,"column":4},"end":{"line":74,"column":null}},"27":{"start":{"line":77,"column":2},"end":{"line":81,"column":null}},"28":{"start":{"line":78,"column":4},"end":{"line":80,"column":null}},"29":{"start":{"line":83,"column":2},"end":{"line":83,"column":null}},"30":{"start":{"line":85,"column":22},"end":{"line":89,"column":null}},"31":{"start":{"line":90,"column":2},"end":{"line":90,"column":null}}},"fnMap":{"0":{"name":"(anonymous_0)","decl":{"start":{"line":14,"column":24},"end":{"line":14,"column":25}},"loc":{"start":{"line":14,"column":78},"end":{"line":27,"column":null}}},"1":{"name":"(anonymous_1)","decl":{"start":{"line":29,"column":25},"end":{"line":29,"column":26}},"loc":{"start":{"line":37,"column":14},"end":{"line":48,"column":null}}},"2":{"name":"enableDraftMode","decl":{"start":{"line":50,"column":15},"end":{"line":50,"column":33}},"loc":{"start":{"line":50,"column":33},"end":{"line":66,"column":null}}},"3":{"name":"GET","decl":{"start":{"line":68,"column":22},"end":{"line":68,"column":26}},"loc":{"start":{"line":68,"column":74},"end":{"line":91,"column":null}}}},"branchMap":{"0":{"loc":{"start":{"line":15,"column":2},"end":{"line":15,"column":null}},"type":"if","locations":[{"start":{"line":15,"column":2},"end":{"line":15,"column":null}},{"start":{},"end":{}}]},"1":{"loc":{"start":{"line":18,"column":18},"end":{"line":18,"column":null}},"type":"binary-expr","locations":[{"start":{"line":18,"column":18},"end":{"line":18,"column":46}},{"start":{"line":18,"column":46},"end":{"line":18,"column":null}}]},"2":{"loc":{"start":{"line":19,"column":22},"end":{"line":19,"column":null}},"type":"binary-expr","locations":[{"start":{"line":19,"column":22},"end":{"line":19,"column":72}},{"start":{"line":19,"column":72},"end":{"line":19,"column":null}}]},"3":{"loc":{"start":{"line":20,"column":34},"end":{"line":20,"column":null}},"type":"binary-expr","locations":[{"start":{"line":20,"column":34},"end":{"line":20,"column":85}},{"start":{"line":20,"column":85},"end":{"line":20,"column":null}}]},"4":{"loc":{"start":{"line":42,"column":2},"end":{"line":45,"column":null}},"type":"if","locations":[{"start":{"line":42,"column":2},"end":{"line":45,"column":null}},{"start":{},"end":{}}]},"5":{"loc":{"start":{"line":55,"column":2},"end":{"line":57,"column":null}},"type":"if","locations":[{"start":{"line":55,"column":2},"end":{"line":57,"column":null}},{"start":{},"end":{}}]},"6":{"loc":{"start":{"line":71,"column":2},"end":{"line":75,"column":null}},"type":"if","locations":[{"start":{"line":71,"column":2},"end":{"line":75,"column":null}},{"start":{},"end":{}}]},"7":{"loc":{"start":{"line":77,"column":2},"end":{"line":81,"column":null}},"type":"if","locations":[{"start":{"line":77,"column":2},"end":{"line":81,"column":null}},{"start":{},"end":{}}]}},"s":{"0":0,"1":0,"2":0,"3":0,"4":0,"5":0,"6":0,"7":0,"8":0,"9":0,"10":0,"11":0,"12":0,"13":0,"14":0,"15":0,"16":0,"17":0,"18":0,"19":0,"20":0,"21":0,"22":0,"23":0,"24":0,"25":0,"26":0,"27":0,"28":0,"29":0,"30":0,"31":0},"f":{"0":0,"1":0,"2":0,"3":0},"b":{"0":[0,0],"1":[0,0],"2":[0,0],"3":[0,0],"4":[0,0],"5":[0,0],"6":[0,0],"7":[0,0]}}
,"/Users/dominik.vbric/code/open-jii/apps/web/components/ExperimentStatusBadge.tsx": {"path":"/Users/dominik.vbric/code/open-jii/apps/web/components/ExperimentStatusBadge.tsx","statementMap":{"0":{"start":{"line":4,"column":37},"end":{"line":19,"column":null}},"1":{"start":{"line":5,"column":16},"end":{"line":5,"column":null}},"2":{"start":{"line":7,"column":2},"end":{"line":18,"column":null}},"3":{"start":{"line":9,"column":6},"end":{"line":9,"column":null}},"4":{"start":{"line":11,"column":6},"end":{"line":11,"column":null}},"5":{"start":{"line":13,"column":6},"end":{"line":13,"column":null}},"6":{"start":{"line":15,"column":6},"end":{"line":15,"column":null}},"7":{"start":{"line":17,"column":6},"end":{"line":17,"column":null}}},"fnMap":{"0":{"name":"(anonymous_0)","decl":{"start":{"line":4,"column":37},"end":{"line":4,"column":38}},"loc":{"start":{"line":4,"column":73},"end":{"line":19,"column":null}}}},"branchMap":{"0":{"loc":{"start":{"line":7,"column":2},"end":{"line":18,"column":null}},"type":"switch","locations":[{"start":{"line":8,"column":4},"end":{"line":9,"column":null}},{"start":{"line":10,"column":4},"end":{"line":11,"column":null}},{"start":{"line":12,"column":4},"end":{"line":13,"column":null}},{"start":{"line":14,"column":4},"end":{"line":15,"column":null}},{"start":{"line":16,"column":4},"end":{"line":17,"column":null}}]}},"s":{"0":0,"1":0,"2":0,"3":0,"4":0,"5":0,"6":0,"7":0},"f":{"0":0},"b":{"0":[0,0,0,0,0]}}
,"/Users/dominik.vbric/code/open-jii/apps/web/components/app-breadcrumbs.tsx": {"path":"/Users/dominik.vbric/code/open-jii/apps/web/components/app-breadcrumbs.tsx","statementMap":{"0":{"start":{"line":20,"column":56},"end":{"line":26,"column":null}},"1":{"start":{"line":29,"column":2},"end":{"line":29,"column":null}},"2":{"start":{"line":29,"column":21},"end":{"line":29,"column":null}},"3":{"start":{"line":31,"column":25},"end":{"line":31,"column":null}},"4":{"start":{"line":32,"column":2},"end":{"line":34,"column":null}},"5":{"start":{"line":33,"column":4},"end":{"line":33,"column":null}},"6":{"start":{"line":37,"column":2},"end":{"line":37,"column":null}},"7":{"start":{"line":41,"column":16},"end":{"line":44,"column":null}},"8":{"start":{"line":46,"column":20},"end":{"line":46,"column":null}},"9":{"start":{"line":46,"column":57},"end":{"line":46,"column":61}},"10":{"start":{"line":48,"column":33},"end":{"line":48,"column":null}},"11":{"start":{"line":50,"column":2},"end":{"line":74,"column":null}},"12":{"start":{"line":57,"column":23},"end":{"line":57,"column":null}},"13":{"start":{"line":58,"column":24},"end":{"line":62,"column":null}},"14":{"start":{"line":64,"column":10},"end":{"line":70,"column":null}}},"fnMap":{"0":{"name":"getTitle","decl":{"start":{"line":28,"column":9},"end":{"line":28,"column":18}},"loc":{"start":{"line":28,"column":94},"end":{"line":38,"column":null}}},"1":{"name":"Breadcrumbs","decl":{"start":{"line":40,"column":22},"end":{"line":40,"column":34}},"loc":{"start":{"line":40,"column":85},"end":{"line":76,"column":null}}},"2":{"name":"(anonymous_2)","decl":{"start":{"line":46,"column":47},"end":{"line":46,"column":48}},"loc":{"start":{"line":46,"column":57},"end":{"line":46,"column":61}}},"3":{"name":"(anonymous_3)","decl":{"start":{"line":56,"column":36},"end":{"line":56,"column":37}},"loc":{"start":{"line":56,"column":53},"end":{"line":72,"column":9}}}},"branchMap":{"0":{"loc":{"start":{"line":29,"column":2},"end":{"line":29,"column":null}},"type":"if","locations":[{"start":{"line":29,"column":2},"end":{"line":29,"column":null}},{"start":{},"end":{}}]},"1":{"loc":{"start":{"line":32,"column":2},"end":{"line":34,"column":null}},"type":"if","locations":[{"start":{"line":32,"column":2},"end":{"line":34,"column":null}},{"start":{},"end":{}}]},"2":{"loc":{"start":{"line":32,"column":6},"end":{"line":32,"column":27}},"type":"binary-expr","locations":[{"start":{"line":32,"column":6},"end":{"line":32,"column":24}},{"start":{"line":32,"column":24},"end":{"line":32,"column":27}}]},"3":{"loc":{"start":{"line":33,"column":11},"end":{"line":33,"column":null}},"type":"cond-expr","locations":[{"start":{"line":33,"column":55},"end":{"line":33,"column":75}},{"start":{"line":33,"column":75},"end":{"line":33,"column":null}}]},"4":{"loc":{"start":{"line":60,"column":12},"end":{"line":60,"column":null}},"type":"cond-expr","locations":[{"start":{"line":60,"column":58},"end":{"line":60,"column":70}},{"start":{"line":60,"column":70},"end":{"line":60,"column":null}}]}},"s":{"0":0,"1":0,"2":0,"3":0,"4":0,"5":0,"6":0,"7":0,"8":0,"9":0,"10":0,"11":0,"12":0,"13":0,"14":0},"f":{"0":0,"1":0,"2":0,"3":0},"b":{"0":[0,0],"1":[0,0],"2":[0,0],"3":[0,0],"4":[0,0]}}
,"/Users/dominik.vbric/code/open-jii/apps/web/components/app-sidebar-wrapper.tsx": {"path":"/Users/dominik.vbric/code/open-jii/apps/web/components/app-sidebar-wrapper.tsx","statementMap":{"0":{"start":{"line":16,"column":29},"end":{"line":19,"column":null}},"1":{"start":{"line":21,"column":25},"end":{"line":24,"column":null}},"2":{"start":{"line":27,"column":25},"end":{"line":64,"column":null}},"3":{"start":{"line":66,"column":23},"end":{"line":72,"column":null}},"4":{"start":{"line":74,"column":2},"end":{"line":81,"column":null}}},"fnMap":{"0":{"name":"AppSidebarWrapper","decl":{"start":{"line":8,"column":22},"end":{"line":8,"column":40}},"loc":{"start":{"line":14,"column":3},"end":{"line":83,"column":null}}}},"branchMap":{},"s":{"0":0,"1":0,"2":0,"3":0,"4":0},"f":{"0":0},"b":{}}
,"/Users/dominik.vbric/code/open-jii/apps/web/components/app-sidebar.tsx": {"path":"/Users/dominik.vbric/code/open-jii/apps/web/components/app-sidebar.tsx","statementMap":{"0":{"start":{"line":63,"column":16},"end":{"line":71,"column":null}},"1":{"start":{"line":86,"column":34},"end":{"line":89,"column":null}},"2":{"start":{"line":86,"column":79},"end":{"line":89,"column":4}},"3":{"start":{"line":91,"column":31},"end":{"line":94,"column":null}},"4":{"start":{"line":91,"column":73},"end":{"line":94,"column":4}},"5":{"start":{"line":96,"column":2},"end":{"line":137,"column":null}}},"fnMap":{"0":{"name":"AppSidebar","decl":{"start":{"line":73,"column":16},"end":{"line":73,"column":27}},"loc":{"start":{"line":84,"column":3},"end":{"line":139,"column":null}}},"1":{"name":"(anonymous_1)","decl":{"start":{"line":86,"column":68},"end":{"line":86,"column":69}},"loc":{"start":{"line":86,"column":79},"end":{"line":89,"column":4}}},"2":{"name":"(anonymous_2)","decl":{"start":{"line":91,"column":62},"end":{"line":91,"column":63}},"loc":{"start":{"line":91,"column":73},"end":{"line":94,"column":4}}}},"branchMap":{"0":{"loc":{"start":{"line":115,"column":9},"end":{"line":133,"column":null}},"type":"cond-expr","locations":[{"start":{"line":116,"column":10},"end":{"line":123,"column":null}},{"start":{"line":125,"column":10},"end":{"line":133,"column":null}}]},"1":{"loc":{"start":{"line":119,"column":20},"end":{"line":119,"column":null}},"type":"binary-expr","locations":[{"start":{"line":119,"column":20},"end":{"line":119,"column":33}},{"start":{"line":119,"column":33},"end":{"line":119,"column":null}}]},"2":{"loc":{"start":{"line":120,"column":21},"end":{"line":120,"column":null}},"type":"binary-expr","locations":[{"start":{"line":120,"column":21},"end":{"line":120,"column":35}},{"start":{"line":120,"column":35},"end":{"line":120,"column":null}}]},"3":{"loc":{"start":{"line":121,"column":22},"end":{"line":121,"column":null}},"type":"binary-expr","locations":[{"start":{"line":121,"column":22},"end":{"line":121,"column":36}},{"start":{"line":121,"column":36},"end":{"line":121,"column":null}}]}},"s":{"0":0,"1":0,"2":0,"3":0,"4":0,"5":0},"f":{"0":0,"1":0,"2":0},"b":{"0":[0,0],"1":[0,0],"2":[0,0],"3":[0,0]}}
,"/Users/dominik.vbric/code/open-jii/apps/web/components/current-members-list.tsx": {"path":"/Users/dominik.vbric/code/open-jii/apps/web/components/current-members-list.tsx","statementMap":{"0":{"start":{"line":44,"column":16},"end":{"line":44,"column":null}},"1":{"start":{"line":47,"column":30},"end":{"line":72,"column":null}},"2":{"start":{"line":48,"column":4},"end":{"line":48,"column":null}},"3":{"start":{"line":48,"column":37},"end":{"line":48,"column":null}},"4":{"start":{"line":50,"column":4},"end":{"line":50,"column":null}},"5":{"start":{"line":50,"column":18},"end":{"line":50,"column":null}},"6":{"start":{"line":52,"column":4},"end":{"line":71,"column":null}},"7":{"start":{"line":53,"column":19},"end":{"line":60,"column":null}},"8":{"start":{"line":53,"column":38},"end":{"line":53,"column":60}},"9":{"start":{"line":62,"column":6},"end":{"line":70,"column":null}},"10":{"start":{"line":74,"column":2},"end":{"line":85,"column":null}},"11":{"start":{"line":75,"column":4},"end":{"line":83,"column":null}},"12":{"start":{"line":87,"column":2},"end":{"line":144,"column":null}},"13":{"start":{"line":90,"column":28},"end":{"line":90,"column":null}},"14":{"start":{"line":91,"column":8},"end":{"line":141,"column":null}},"15":{"start":{"line":129,"column":31},"end":{"line":129,"column":null}}},"fnMap":{"0":{"name":"MemberList","decl":{"start":{"line":35,"column":16},"end":{"line":35,"column":27}},"loc":{"start":{"line":43,"column":20},"end":{"line":146,"column":null}}},"1":{"name":"(anonymous_1)","decl":{"start":{"line":47,"column":38},"end":{"line":47,"column":44}},"loc":{"start":{"line":47,"column":44},"end":{"line":72,"column":5}}},"2":{"name":"(anonymous_2)","decl":{"start":{"line":52,"column":23},"end":{"line":52,"column":24}},"loc":{"start":{"line":52,"column":35},"end":{"line":71,"column":5}}},"3":{"name":"(anonymous_3)","decl":{"start":{"line":53,"column":31},"end":{"line":53,"column":32}},"loc":{"start":{"line":53,"column":38},"end":{"line":53,"column":60}}},"4":{"name":"(anonymous_4)","decl":{"start":{"line":89,"column":31},"end":{"line":89,"column":32}},"loc":{"start":{"line":89,"column":43},"end":{"line":143,"column":7}}},"5":{"name":"(anonymous_5)","decl":{"start":{"line":129,"column":25},"end":{"line":129,"column":31}},"loc":{"start":{"line":129,"column":31},"end":{"line":129,"column":null}}}},"branchMap":{"0":{"loc":{"start":{"line":42,"column":2},"end":{"line":42,"column":null}},"type":"default-arg","locations":[{"start":{"line":42,"column":15},"end":{"line":42,"column":null}}]},"1":{"loc":{"start":{"line":48,"column":4},"end":{"line":48,"column":null}},"type":"if","locations":[{"start":{"line":48,"column":4},"end":{"line":48,"column":null}},{"start":{},"end":{}}]},"2":{"loc":{"start":{"line":50,"column":4},"end":{"line":50,"column":null}},"type":"if","locations":[{"start":{"line":50,"column":4},"end":{"line":50,"column":null}},{"start":{},"end":{}}]},"3":{"loc":{"start":{"line":53,"column":19},"end":{"line":60,"column":null}},"type":"binary-expr","locations":[{"start":{"line":53,"column":19},"end":{"line":53,"column":65}},{"start":{"line":53,"column":65},"end":{"line":60,"column":null}}]},"4":{"loc":{"start":{"line":63,"column":14},"end":{"line":63,"column":null}},"type":"binary-expr","locations":[{"start":{"line":63,"column":14},"end":{"line":63,"column":29}},{"start":{"line":63,"column":29},"end":{"line":63,"column":null}}]},"5":{"loc":{"start":{"line":74,"column":2},"end":{"line":85,"column":null}},"type":"if","locations":[{"start":{"line":74,"column":2},"end":{"line":85,"column":null}},{"start":{},"end":{}}]},"6":{"loc":{"start":{"line":90,"column":28},"end":{"line":90,"column":null}},"type":"binary-expr","locations":[{"start":{"line":90,"column":28},"end":{"line":90,"column":55}},{"start":{"line":90,"column":55},"end":{"line":90,"column":null}}]},"7":{"loc":{"start":{"line":100,"column":21},"end":{"line":100,"column":null}},"type":"binary-expr","locations":[{"start":{"line":100,"column":21},"end":{"line":100,"column":41}},{"start":{"line":100,"column":41},"end":{"line":100,"column":null}}]},"8":{"loc":{"start":{"line":104,"column":27},"end":{"line":104,"column":null}},"type":"binary-expr","locations":[{"start":{"line":104,"column":27},"end":{"line":104,"column":48}},{"start":{"line":104,"column":48},"end":{"line":104,"column":null}}]},"9":{"loc":{"start":{"line":108,"column":23},"end":{"line":108,"column":null}},"type":"binary-expr","locations":[{"start":{"line":108,"column":23},"end":{"line":108,"column":44}},{"start":{"line":108,"column":44},"end":{"line":108,"column":null}}]},"10":{"loc":{"start":{"line":130,"column":27},"end":{"line":130,"column":null}},"type":"binary-expr","locations":[{"start":{"line":130,"column":27},"end":{"line":130,"column":47}},{"start":{"line":130,"column":47},"end":{"line":130,"column":87}},{"start":{"line":130,"column":87},"end":{"line":130,"column":null}}]},"11":{"loc":{"start":{"line":132,"column":18},"end":{"line":134,"column":null}},"type":"cond-expr","locations":[{"start":{"line":133,"column":22},"end":{"line":133,"column":null}},{"start":{"line":134,"column":22},"end":{"line":134,"column":null}}]}},"s":{"0":0,"1":0,"2":0,"3":0,"4":0,"5":0,"6":0,"7":0,"8":0,"9":0,"10":0,"11":0,"12":0,"13":0,"14":0,"15":0},"f":{"0":0,"1":0,"2":0,"3":0,"4":0,"5":0},"b":{"0":[0],"1":[0,0],"2":[0,0],"3":[0,0],"4":[0,0],"5":[0,0],"6":[0,0],"7":[0,0],"8":[0,0],"9":[0,0],"10":[0,0,0],"11":[0,0]}}
,"/Users/dominik.vbric/code/open-jii/apps/web/components/current-protocols-list.tsx": {"path":"/Users/dominik.vbric/code/open-jii/apps/web/components/current-protocols-list.tsx","statementMap":{"0":{"start":{"line":28,"column":16},"end":{"line":28,"column":null}},"1":{"start":{"line":29,"column":17},"end":{"line":29,"column":null}},"2":{"start":{"line":30,"column":2},"end":{"line":39,"column":null}},"3":{"start":{"line":31,"column":4},"end":{"line":37,"column":null}},"4":{"start":{"line":41,"column":2},"end":{"line":101,"column":null}},"5":{"start":{"line":44,"column":8},"end":{"line":99,"column":null}},"6":{"start":{"line":79,"column":29},"end":{"line":79,"column":null}}},"fnMap":{"0":{"name":"ProtocolList","decl":{"start":{"line":22,"column":16},"end":{"line":22,"column":29}},"loc":{"start":{"line":27,"column":22},"end":{"line":103,"column":null}}},"1":{"name":"(anonymous_1)","decl":{"start":{"line":43,"column":21},"end":{"line":43,"column":22}},"loc":{"start":{"line":44,"column":8},"end":{"line":99,"column":null}}},"2":{"name":"(anonymous_2)","decl":{"start":{"line":79,"column":23},"end":{"line":79,"column":29}},"loc":{"start":{"line":79,"column":29},"end":{"line":79,"column":null}}}},"branchMap":{"0":{"loc":{"start":{"line":30,"column":2},"end":{"line":39,"column":null}},"type":"if","locations":[{"start":{"line":30,"column":2},"end":{"line":39,"column":null}},{"start":{},"end":{}}]},"1":{"loc":{"start":{"line":52,"column":17},"end":{"line":52,"column":null}},"type":"binary-expr","locations":[{"start":{"line":52,"column":17},"end":{"line":52,"column":34}},{"start":{"line":52,"column":34},"end":{"line":52,"column":null}}]},"2":{"loc":{"start":{"line":57,"column":13},"end":{"line":61,"column":null}},"type":"binary-expr","locations":[{"start":{"line":57,"column":13},"end":{"line":57,"column":null}},{"start":{"line":58,"column":14},"end":{"line":61,"column":null}}]},"3":{"loc":{"start":{"line":65,"column":13},"end":{"line":69,"column":null}},"type":"binary-expr","locations":[{"start":{"line":65,"column":13},"end":{"line":65,"column":null}},{"start":{"line":66,"column":14},"end":{"line":69,"column":null}}]},"4":{"loc":{"start":{"line":80,"column":24},"end":{"line":80,"column":null}},"type":"binary-expr","locations":[{"start":{"line":80,"column":24},"end":{"line":80,"column":46}},{"start":{"line":80,"column":46},"end":{"line":80,"column":null}}]}},"s":{"0":0,"1":0,"2":0,"3":0,"4":0,"5":0,"6":0},"f":{"0":0,"1":0,"2":0},"b":{"0":[0,0],"1":[0,0],"2":[0,0],"3":[0,0],"4":[0,0]}}
,"/Users/dominik.vbric/code/open-jii/apps/web/components/error-display.tsx": {"path":"/Users/dominik.vbric/code/open-jii/apps/web/components/error-display.tsx","statementMap":{"0":{"start":{"line":17,"column":26},"end":{"line":41,"column":null}},"1":{"start":{"line":18,"column":4},"end":{"line":18,"column":null}},"2":{"start":{"line":18,"column":14},"end":{"line":18,"column":null}},"3":{"start":{"line":19,"column":4},"end":{"line":19,"column":null}},"4":{"start":{"line":19,"column":33},"end":{"line":19,"column":null}},"5":{"start":{"line":22,"column":4},"end":{"line":22,"column":null}},"6":{"start":{"line":22,"column":30},"end":{"line":22,"column":null}},"7":{"start":{"line":26,"column":4},"end":{"line":37,"column":null}},"8":{"start":{"line":29,"column":6},"end":{"line":29,"column":null}},"9":{"start":{"line":29,"column":29},"end":{"line":29,"column":null}},"10":{"start":{"line":32,"column":6},"end":{"line":36,"column":null}},"11":{"start":{"line":33,"column":8},"end":{"line":33,"column":null}},"12":{"start":{"line":35,"column":8},"end":{"line":35,"column":null}},"13":{"start":{"line":40,"column":4},"end":{"line":40,"column":null}},"14":{"start":{"line":43,"column":2},"end":{"line":48,"column":null}}},"fnMap":{"0":{"name":"ErrorDisplay","decl":{"start":{"line":15,"column":16},"end":{"line":15,"column":29}},"loc":{"start":{"line":15,"column":76},"end":{"line":50,"column":null}}},"1":{"name":"(anonymous_1)","decl":{"start":{"line":17,"column":26},"end":{"line":17,"column":27}},"loc":{"start":{"line":17,"column":52},"end":{"line":41,"column":null}}}},"branchMap":{"0":{"loc":{"start":{"line":15,"column":38},"end":{"line":15,"column":54}},"type":"default-arg","locations":[{"start":{"line":15,"column":46},"end":{"line":15,"column":54}}]},"1":{"loc":{"start":{"line":18,"column":4},"end":{"line":18,"column":null}},"type":"if","locations":[{"start":{"line":18,"column":4},"end":{"line":18,"column":null}},{"start":{},"end":{}}]},"2":{"loc":{"start":{"line":19,"column":4},"end":{"line":19,"column":null}},"type":"if","locations":[{"start":{"line":19,"column":
[...]
,"/Users/dominik.vbric/code/open-jii/apps/web/hooks/protocol/useProtocols/useProtocols.ts": {"path":"/Users/dominik.vbric/code/open-jii/apps/web/hooks/protocol/useProtocols/useProtocols.ts","statementMap":{"0":{"start":{"line":10,"column":28},"end":{"line":28,"column":null}},"1":{"start":{"line":11,"column":30},"end":{"line":11,"column":null}},"2":{"start":{"line":13,"column":37},"end":{"line":18,"column":null}},"3":{"start":{"line":21,"column":2},"end":{"line":27,"column":null}}},"fnMap":{"0":{"name":"(anonymous_0)","decl":{"start":{"line":10,"column":28},"end":{"line":10,"column":29}},"loc":{"start":{"line":10,"column":89},"end":{"line":28,"column":null}}}},"branchMap":{"0":{"loc":{"start":{"line":10,"column":29},"end":{"line":10,"column":89}},"type":"default-arg","locations":[{"start":{"line":10,"column":82},"end":{"line":10,"column":89}}]},"1":{"loc":{"start":{"line":10,"column":31},"end":{"line":10,"column":50}},"type":"default-arg","locations":[{"start":{"line":10,"column":47},"end":{"line":10,"column":50}}]},"2":{"loc":{"start":{"line":15,"column":23},"end":{"line":15,"column":43}},"type":"binary-expr","locations":[{"start":{"line":15,"column":23},"end":{"line":15,"column":33}},{"start":{"line":15,"column":33},"end":{"line":15,"column":43}}]}},"s":{"0":0,"1":0,"2":0,"3":0},"f":{"0":0},"b":{"0":[0],"1":[0],"2":[0,0]}}
,"/Users/dominik.vbric/code/open-jii/apps/web/lib/auth.ts": {"path":"/Users/dominik.vbric/code/open-jii/apps/web/lib/auth.ts","statementMap":{"0":{"start":{"line":9,"column":6},"end":{"line":20,"column":null}},"1":{"start":{"line":10,"column":19},"end":{"line":10,"column":null}},"2":{"start":{"line":11,"column":31},"end":{"line":11,"column":null}},"3":{"start":{"line":12,"column":29},"end":{"line":12,"column":null}},"4":{"start":{"line":14,"column":2},"end":{"line":17,"column":null}},"5":{"start":{"line":15,"column":4},"end":{"line":15,"column":null}},"6":{"start":{"line":16,"column":4},"end":{"line":16,"column":null}},"7":{"start":{"line":19,"column":2},"end":{"line":19,"column":null}},"8":{"start":{"line":29,"column":14},"end":{"line":29,"column":null}},"9":{"start":{"line":31,"column":37},"end":{"line":31,"column":null}},"10":{"start":{"line":32,"column":41},"end":{"line":32,"column":null}},"11":{"start":{"line":33,"column":43},"end":{"line":33,"column":null}}},"fnMap":{"0":{"name":"(anonymous_0)","decl":{"start":{"line":9,"column":18},"end":{"line":9,"column":30}},"loc":{"start":{"line":9,"column":30},"end":{"line":20,"column":3}}}},"branchMap":{"0":{"loc":{"start":{"line":14,"column":2},"end":{"line":17,"column":null}},"type":"if","locations":[{"start":{"line":14,"column":2},"end":{"line":17,"column":null}},{"start":{},"end":{}}]},"1":{"loc":{"start":{"line":15,"column":34},"end":{"line":15,"column":68}},"type":"binary-expr","locations":[{"start":{"line":15,"column":34},"end":{"line":15,"column":66}},{"start":{"line":15,"column":66},"end":{"line":15,"column":68}}]},"2":{"loc":{"start":{"line":16,"column":32},"end":{"line":16,"column":63}},"type":"binary-expr","locations":[{"start":{"line":16,"column":32},"end":{"line":16,"column":61}},{"start":{"line":16,"column":61},"end":{"line":16,"column":63}}]}},"s":{"0":0,"1":0,"2":0,"3":0,"4":0,"5":0,"6":0,"7":0,"8":0,"9":0,"10":0,"11":0},"f":{"0":0},"b":{"0":[0,0],"1":[0,0],"2":[0,0]}}
,"/Users/dominik.vbric/code/open-jii/apps/web/lib/contentful.ts": {"path":"/Users/dominik.vbric/code/open-jii/apps/web/lib/contentful.ts","statementMap":{"0":{"start":{"line":23,"column":19},"end":{"line":23,"column":null}},"1":{"start":{"line":24,"column":37},"end":{"line":24,"column":null}},"2":{"start":{"line":27,"column":2},"end":{"line":29,"column":null}},"3":{"start":{"line":28,"column":4},"end":{"line":28,"column":null}},"4":{"start":{"line":32,"column":35},"end":{"line":41,"column":null}},"5":{"start":{"line":43,"column":2},"end":{"line":43,"column":null}},"6":{"start":{"line":47,"column":32},"end":{"line":47,"column":null}},"7":{"start":{"line":50,"column":32},"end":{"line":50,"column":null}},"8":{"start":{"line":56,"column":17},"end":{"line":56,"column":null}},"9":{"start":{"line":58,"column":2},"end":{"line":58,"column":null}},"10":{"start":{"line":62,"column":61},"end":{"line":62,"column":null}},"11":{"start":{"line":64,"column":36},"end":{"line":66,"column":null}},"12":{"start":{"line":65,"column":2},"end":{"line":65,"column":null}}},"fnMap":{"0":{"name":"getContentfulConfig","decl":{"start":{"line":22,"column":22},"end":{"line":22,"column":71}},"loc":{"start":{"line":22,"column":71},"end":{"line":44,"column":null}}},"1":{"name":"initializeContentfulClients","decl":{"start":{"line":55,"column":22},"end":{"line":55,"column":80}},"loc":{"start":{"line":55,"column":80},"end":{"line":59,"column":null}}},"2":{"name":"(anonymous_2)","decl":{"start":{"line":64,"column":36},"end":{"line":64,"column":76}},"loc":{"start":{"line":64,"column":76},"end":{"line":66,"column":null}}}},"branchMap":{"0":{"loc":{"start":{"line":27,"column":2},"end":{"line":29,"column":null}},"type":"if","locations":[{"start":{"line":27,"column":2},"end":{"line":29,"column":null}},{"start":{},"end":{}}]},"1":{"loc":{"start":{"line":28,"column":40},"end":{"line":28,"column":79}},"type":"binary-expr","locations":[{"start":{"line":28,"column":40},"end":{"line":28,"column":77}},{"start":{"line":28,"column":77},"end":{"line":28,"column":79}}]},"2":{"loc":{"start":{"line":33,"column":4},"end":{"line":33,"column":null}},"type":"binary-expr","locations":[{"start":{"line":33,"column":14},"end":{"line":33,"column":55}},{"start":{"line":33,"column":55},"end":{"line":33,"column":83}},{"start":{"line":33,"column":83},"end":{"line":33,"column":null}}]},"3":{"loc":{"start":{"line":34,"column":4},"end":{"line":34,"column":null}},"type":"binary-expr","locations":[{"start":{"line":34,"column":18},"end":{"line":34,"column":63}},{"start":{"line":34,"column":63},"end":{"line":34,"column":95}},{"start":{"line":34,"column":95},"end":{"line":34,"column":null}}]},"4":{"loc":{"start":{"line":35,"column":4},"end":{"line":37,"column":null}},"type":"binary-expr","locations":[{"start":{"line":36,"column":7},"end":{"line":36,"column":60}},{"start":{"line":36,"column":60},"end":{"line":36,"column":null}},{"start":{"line":37,"column":6},"end":{"line":37,"column":null}}]},"5":{"loc":{"start":{"line":38,"column":4},"end":{"line":39,"column":null}},"type":"binary-expr","locations":[{"start":{"line":39,"column":7},"end":{"line":39,"column":54}},{"start":{"line":39,"column":54},"end":{"line":39,"column":88}},{"start":{"line":39,"column":88},"end":{"line":39,"column":null}}]},"6":{"loc":{"start":{"line":40,"column":17},"end":{"line":40,"column":null}},"type":"binary-expr","locations":[{"start":{"line":40,"column":17},"end":{"line":40,"column":53}},{"start":{"line":40,"column":53},"end":{"line":40,"column":null}}]}},"s":{"0":0,"1":0,"2":0,"3":0,"4":0,"5":0,"6":0,"7":0,"8":0,"9":0,"10":0,"11":0,"12":0},"f":{"0":0,"1":0,"2":0},"b":{"0":[0,0],"1":[0,0],"2":[0,0,0],"3":[0,0,0],"4":[0,0,0],"5":[0,0,0],"6":[0,0]}}
,"/Users/dominik.vbric/code/open-jii/apps/web/lib/secrets.ts": {"path":"/Users/dominik.vbric/code/open-jii/apps/web/lib/secrets.ts","statementMap":{"0":{"start":{"line":5,"column":42},"end":{"line":5,"column":null}},"1":{"start":{"line":11,"column":2},"end":{"line":11,"column":null}},"2":{"start":{"line":20,"column":2},"end":{"line":22,"column":null}},"3":{"start":{"line":21,"column":4},"end":{"line":21,"column":null}},"4":{"start":{"line":25,"column":2},"end":{"line":27,"column":null}},"5":{"start":{"line":26,"column":4},"end":{"line":26,"column":null}},"6":{"start":{"line":30,"column":2},"end":{"line":68,"column":null}},"7":{"start":{"line":31,"column":20},"end":{"line":38,"column":null}},"8":{"start":{"line":40,"column":4},"end":{"line":67,"column":null}},"9":{"start":{"line":42,"column":19},"end":{"line":42,"column":null}},"10":{"start":{"line":43,"column":8},"end":{"line":43,"column":null}},"11":{"start":{"line":43,"column":35},"end":{"line":43,"column":49}},"12":{"start":{"line":44,"column":8},"end":{"line":61,"column":null}},"13":{"start":{"line":45,"column":10},"end":{"line":49,"column":null}},"14":{"start":{"line":46,"column":12},"end":{"line":46,"column":null}},"15":{"start":{"line":47,"column":12},"end":{"line":47,"column":null}},"16":{"start":{"line":48,"column":12},"end":{"line":48,"column":null}},"17":{"start":{"line":51,"column":10},"end":{"line":60,"column":null}},"18":{"start":{"line":52,"column":28},"end":{"line":52,"column":null}},"19":{"start":{"line":53,"column":32},"end":{"line":53,"column":null}},"20":{"start":{"line":54,"column":12},"end":{"line":54,"column":null}},"21":{"start":{"line":55,"column":12},"end":{"line":55,"column":null}},"22":{"start":{"line":57,"column":12},"end":{"line":57,"column":null}},"23":{"start":{"line":58,"column":12},"end":{"line":58,"column":null}},"24":{"start":{"line":59,"column":12},"end":{"line":59,"column":null}},"25":{"start":{"line":64,"column":8},"end":{"line":64,"column":null}},"26":{"start":{"line":65,"column":8},"end":{"line":65,"column":null}},"27":{"start":{"line":66,"column":8},"end":{"line":66,"column":null}},"28":{"start":{"line":82,"column":2},"end":{"line":84,"column":null}},"29":{"start":{"line":83,"column":4},"end":{"line":83,"column":null}},"30":{"start":{"line":86,"column":2},"end":{"line":96,"column":null}},"31":{"start":{"line":87,"column":23},"end":{"line":87,"column":null}},"32":{"start":{"line":89,"column":4},"end":{"line":91,"column":null}},"33":{"start":{"line":90,"column":6},"end":{"line":90,"column":null}},"34":{"start":{"line":93,"column":4},"end":{"line":93,"column":null}},"35":{"start":{"line":95,"column":4},"end":{"line":95,"column":null}}},"fnMap":{"0":{"name":"isLambdaEnvironment","decl":{"start":{"line":10,"column":16},"end":{"line":10,"column":47}},"loc":{"start":{"line":10,"column":47},"end":{"line":12,"column":null}}},"1":{"name":"fetchSecret","decl":{"start":{"line":18,"column":22},"end":{"line":18,"column":34}},"loc":{"start":{"line":18,"column":73},"end":{"line":69,"column":null}}},"2":{"name":"(anonymous_2)","decl":{"start":{"line":30,"column":32},"end":{"line":30,"column":33}},"loc":{"start":{"line":30,"column":45},"end":{"line":68,"column":3}}},"3":{"name":"(anonymous_3)","decl":{"start":{"line":41,"column":20},"end":{"line":41,"column":21}},"loc":{"start":{"line":41,"column":29},"end":{"line":62,"column":7}}},"4":{"name":"(anonymous_4)","decl":{"start":{"line":43,"column":23},"end":{"line":43,"column":24}},"loc":{"start":{"line":43,"column":35},"end":{"line":43,"column":49}}},"5":{"name":"(anonymous_5)","decl":{"start":{"line":44,"column":22},"end":{"line":44,"column":28}},"loc":{"start":{"line":44,"column":28},"end":{"line":61,"column":9}}},"6":{"name":"(anonymous_6)","decl":{"start":{"line":63,"column":19},"end":{"line":63,"column":20}},"loc":{"start":{"line":63,"column":30},"end":{"line":67,"column":7}}},"7":{"name":"getSecret","decl":{"start":{"line":77,"column":22},"end":{"line":77,"column":null}},"loc":{"start":{"line":80,"column":43},"end":{"line":97,"column":null}}}},"branchMap":{"0":{"loc":{"start":{"line":20,"column":2},"end":{"line":22,"column":null}},"type":"if","locations":[{"start":{"line":20,"column":2},"end":{"line":22,"column":null}},{"start":{},"end":{}}]},"1":{"loc":{"start":{"line":25,"column":2},"end":{"line":27,"column":null}},"type":"if","locations":[{"start":{"line":25,"column":2},"end":{"line":27,"column":null}},{"start":{},"end":{}}]},"2":{"loc":{"start":{"line":36,"column":42},"end":{"line":36,"column":null}},"type":"binary-expr","locations":[{"start":{"line":36,"column":42},"end":{"line":36,"column":75}},{"start":{"line":36,"column":75},"end":{"line":36,"column":null}}]},"3":{"loc":{"start":{"line":45,"column":10},"end":{"line":49,"column":null}},"type":"if","locations":[{"start":{"line":45,"column":10},"end":{"line":49,"column":null}},{"start":{},"end":{}}]},"4":{"loc":{"start":{"line":82,"column":2},"end":{"line":84,"column":null}},"type":"if","locations":[{"start":{"line":82,"column":2},"end":{"line":84,"column":null}},{"start":{},"end":{}}]},"5":{"loc":{"start":{"line":83,"column":11},"end":{"line":83,"column":null}},"type":"cond-expr","locations":[{"start":{"line":83,"column":17},"end":{"line":83,"column":29}},{"start":{"line":83,"column":29},"end":{"line":83,"column":null}}]},"6":{"loc":{"start":{"line":89,"column":4},"end":{"line":91,"column":null}},"type":"if","locations":[{"start":{"line":89,"column":4},"end":{"line":91,"column":null}},{"start":{},"end":{}}]},"7":{"loc":{"start":{"line":95,"column":11},"end":{"line":95,"column":null}},"type":"cond-expr","locations":[{"start":{"line":95,"column":17},"end":{"line":95,"column":29}},{"start":{"line":95,"column":29},"end":{"line":95,"column":null}}]}},"s":{"0":0,"1":0,"2":0,"3":0,"4":0,"5":0,"6":0,"7":0,"8":0,"9":0,"10":0,"11":0,"12":0,"13":0,"14":0,"15":0,"16":0,"17":0,"18":0,"19":0,"20":0,"21":0,"22":0,"23":0,"24":0,"25":0,"26":0,"27":0,"28":0,"29":0,"30":0,"31":0,"32":0,"33":0,"34":0,"35":0},"f":{"0":0,"1":0,"2":0,"3":0,"4":0,"5":0,"6":0,"7":0},"b":{"0":[0,0],"1":[0,0],"2":[0,0],"3":[0,0],"4":[0,0],"5":[0,0],"6":[0,0],"7":[0,0]}}
,"/Users/dominik.vbric/code/open-jii/apps/web/lib/tsr.ts": {"path":"/Users/dominik.vbric/code/open-jii/apps/web/lib/tsr.ts","statementMap":{"0":{"start":{"line":7,"column":25},"end":{"line":16,"column":null}},"1":{"start":{"line":8,"column":26},"end":{"line":10,"column":null}},"2":{"start":{"line":12,"column":2},"end":{"line":15,"column":null}},"3":{"start":{"line":18,"column":19},"end":{"line":25,"column":null}}},"fnMap":{"0":{"name":"(anonymous_0)","decl":{"start":{"line":7,"column":25},"end":{"line":7,"column":32}},"loc":{"start":{"line":7,"column":57},"end":{"line":16,"column":null}}}},"branchMap":{},"s":{"0":0,"1":0,"2":0,"3":0},"f":{"0":0},"b":{}}
,"/Users/dominik.vbric/code/open-jii/apps/web/providers/QueryProvider.tsx": {"path":"/Users/dominik.vbric/code/open-jii/apps/web/providers/QueryProvider.tsx","statementMap":{"0":{"start":{"line":12,"column":20},"end":{"line":22,"column":null}},"1":{"start":{"line":15,"column":26},"end":{"line":15,"column":null}},"2":{"start":{"line":16,"column":6},"end":{"line":19,"column":null}},"3":{"start":{"line":25,"column":2},"end":{"line":31,"column":null}}},"fnMap":{"0":{"name":"(anonymous_0)","decl":{"start":{"line":14,"column":13},"end":{"line":14,"column":14}},"loc":{"start":{"line":14,"column":24},"end":{"line":20,"column":null}}},"1":{"name":"QueryProvider","decl":{"start":{"line":24,"column":16},"end":{"line":24,"column":30}},"loc":{"start":{"line":24,"column":75},"end":{"line":33,"column":null}}}},"branchMap":{"0":{"loc":{"start":{"line":17,"column":15},"end":{"line":17,"column":null}},"type":"binary-expr","locations":[{"start":{"line":17,"column":15},"end":{"line":17,"column":39}},{"start":{"line":17,"column":39},"end":{"line":17,"column":null}}]},"1":{"loc":{"start":{"line":29,"column":9},"end":{"line":29,"column":null}},"type":"binary-expr","locations":[{"start":{"line":29,"column":9},"end":{"line":29,"column":55}},{"start":{"line":29,"column":55},"end":{"line":29,"column":null}}]}},"s":{"0":0,"1":0,"2":0,"3":0},"f":{"0":0,"1":0},"b":{"0":[0,0],"1":[0,0]}}
,"/Users/dominik.vbric/code/open-jii/apps/web/util/apiError.ts": {"path":"/Users/dominik.vbric/code/open-jii/apps/web/util/apiError.ts","statementMap":{"0":{"start":{"line":3,"column":17},"end":{"line":6,"column":null}},"1":{"start":{"line":9,"column":2},"end":{"line":11,"column":null}},"2":{"start":{"line":10,"column":4},"end":{"line":10,"column":null}},"3":{"start":{"line":12,"column":2},"end":{"line":12,"column":null}}},"fnMap":{"0":{"name":"parseApiError","decl":{"start":{"line":8,"column":16},"end":{"line":8,"column":30}},"loc":{"start":{"line":8,"column":46},"end":{"line":13,"column":null}}}},"branchMap":{"0":{"loc":{"start":{"line":9,"column":2},"end":{"line":11,"column":null}},"type":"if","locations":[{"start":{"line":9,"column":2},"end":{"line":11,"column":null}},{"start":{},"end":{}}]},"1":{"loc":{"start":{"line":9,"column":6},"end":{"line":9,"column":70}},"type":"binary-expr","locations":[{"start":{"line":9,"column":6},"end":{"line":9,"column":35}},{"start":{"line":9,"column":35},"end":{"line":9,"column":53}},{"start":{"line":9,"column":53},"end":{"line":9,"column":70}}]}},"s":{"0":0,"1":0,"2":0,"3":0},"f":{"0":0},"b":{"0":[0,0],"1":[0,0,0]}}
,"/Users/dominik.vbric/code/open-jii/apps/web/util/date.ts": {"path":"/Users/dominik.vbric/code/open-jii/apps/web/util/date.ts","statementMap":{"0":{"start":{"line":7,"column":2},"end":{"line":7,"column":null}},"1":{"start":{"line":7,"column":19},"end":{"line":7,"column":null}},"2":{"start":{"line":9,"column":15},"end":{"line":9,"column":null}},"3":{"start":{"line":10,"column":2},"end":{"line":14,"column":null}}},"fnMap":{"0":{"name":"formatDate","decl":{"start":{"line":6,"column":16},"end":{"line":6,"column":27}},"loc":{"start":{"line":6,"column":55},"end":{"line":15,"column":null}}}},"branchMap":{"0":{"loc":{"start":{"line":7,"column":2},"end":{"line":7,"column":null}},"type":"if","locations":[{"start":{"line":7,"column":2},"end":{"line":7,"column":null}},{"start":{},"end":{}}]}},"s":{"0":0,"1":0,"2":0,"3":0},"f":{"0":0},"b":{"0":[0,0]}}
,"/Users/dominik.vbric/code/open-jii/apps/web/util/schema.ts": {"path":"/Users/dominik.vbric/code/open-jii/apps/web/util/schema.ts","statementMap":{"0":{"start":{"line":5,"column":40},"end":{"line":11,"column":null}},"1":{"start":{"line":15,"column":38},"end":{"line":22,"column":null}}},"fnMap":{},"branchMap":{},"s":{"0":0,"1":0},"f":{},"b":{}}
,"/Users/dominik.vbric/code/open-jii/apps/web/util/searchParams.ts": {"path":"/Users/dominik.vbric/code/open-jii/apps/web/util/searchParams.ts","statementMap":{"0":{"start":{"line":6,"column":2},"end":{"line":6,"column":null}}},"fnMap":{"0":{"name":"getFirstSearchParam","decl":{"start":{"line":5,"column":16},"end":{"line":5,"column":36}},"loc":{"start":{"line":5,"column":66},"end":{"line":7,"column":null}}}},"branchMap":{"0":{"loc":{"start":{"line":6,"column":9},"end":{"line":6,"column":null}},"type":"cond-expr","locations":[{"start":{"line":6,"column":38},"end":{"line":6,"column":55}},{"start":{"line":6,"column":55},"end":{"line":6,"column":null}}]}},"s":{"0":0},"f":{"0":0},"b":{"0":[0,0]}}
}
