{"/Users/dominik.vbric/code/open-jii/packages/ui/src/components/accordion.tsx": {"path":"/Users/dominik.vbric/code/open-jii/packages/ui/src/components/accordion.tsx","statementMap":{"0":{"start":{"line":9,"column":18},"end":{"line":9,"column":null}},"1":{"start":{"line":11,"column":22},"end":{"line":16,"column":null}},"2":{"start":{"line":15,"column":2},"end":{"line":15,"column":null}},"3":{"start":{"line":17,"column":0},"end":{"line":17,"column":null}},"4":{"start":{"line":19,"column":25},"end":{"line":36,"column":null}},"5":{"start":{"line":23,"column":2},"end":{"line":35,"column":null}},"6":{"start":{"line":37,"column":0},"end":{"line":37,"column":null}},"7":{"start":{"line":39,"column":25},"end":{"line":50,"column":null}},"8":{"start":{"line":43,"column":2},"end":{"line":49,"column":null}},"9":{"start":{"line":51,"column":0},"end":{"line":51,"column":null}}},"fnMap":{"0":{"name":"(anonymous_0)","decl":{"start":{"line":14,"column":2},"end":{"line":14,"column":3}},"loc":{"start":{"line":15,"column":2},"end":{"line":15,"column":null}}},"1":{"name":"(anonymous_1)","decl":{"start":{"line":22,"column":2},"end":{"line":22,"column":3}},"loc":{"start":{"line":23,"column":2},"end":{"line":35,"column":null}}},"2":{"name":"(anonymous_2)","decl":{"start":{"line":42,"column":2},"end":{"line":42,"column":3}},"loc":{"start":{"line":43,"column":2},"end":{"line":49,"column":null}}}},"branchMap":{},"s":{"0":0,"1":0,"2":0,"3":0,"4":0,"5":0,"6":0,"7":0,"8":0,"9":0},"f":{"0":0,"1":0,"2":0},"b":{}}
,"/Users/dominik.vbric/code/open-jii/packages/ui/src/components/alert-dialog.tsx": {"path":"/Users/dominik.vbric/code/open-jii/packages/ui/src/components/alert-dialog.tsx","statementMap":{"0":{"start":{"line":9,"column":20},"end":{"line":9,"column":null}},"1":{"start":{"line":11,"column":27},"end":{"line":11,"column":null}},"2":{"start":{"line":13,"column":26},"end":{"line":13,"column":null}},"3":{"start":{"line":15,"column":27},"end":{"line":27,"column":null}},"4":{"start":{"line":19,"column":2},"end":{"line":26,"column":null}},"5":{"start":{"line":28,"column":0},"end":{"line":28,"column":null}},"6":{"start":{"line":30,"column":27},"end":{"line":45,"column":null}},"7":{"start":{"line":34,"column":2},"end":{"line":44,"column":null}},"8":{"start":{"line":46,"column":0},"end":{"line":46,"column":null}},"9":{"start":{"line":48,"column":26},"end":{"line":49,"column":null}},"10":{"start":{"line":49,"column":2},"end":{"line":49,"column":null}},"11":{"start":{"line":51,"column":0},"end":{"line":51,"column":null}},"12":{"start":{"line":53,"column":26},"end":{"line":57,"column":null}},"13":{"start":{"line":54,"column":2},"end":{"line":57,"column":null}},"14":{"start":{"line":59,"column":0},"end":{"line":59,"column":null}},"15":{"start":{"line":61,"column":25},"end":{"line":70,"column":null}},"16":{"start":{"line":65,"column":2},"end":{"line":69,"column":null}},"17":{"start":{"line":71,"column":0},"end":{"line":71,"column":null}},"18":{"start":{"line":73,"column":31},"end":{"line":82,"column":null}},"19":{"start":{"line":77,"column":2},"end":{"line":81,"column":null}},"20":{"start":{"line":83,"column":0},"end":{"line":83,"column":null}},"21":{"start":{"line":85,"column":26},"end":{"line":90,"column":null}},"22":{"start":{"line":89,"column":2},"end":{"line":89,"column":null}},"23":{"start":{"line":91,"column":0},"end":{"line":91,"column":null}},"24":{"start":{"line":93,"column":26},"end":{"line":102,"column":null}},"25":{"start":{"line":97,"column":2},"end":{"line":101,"column":null}},"26":{"start":{"line":103,"column":0},"end":{"line":103,"column":null}}},"fnMap":{"0":{"name":"(anonymous_0)","decl":{"start":{"line":18,"column":2},"end":{"line":18,"column":3}},"loc":{"start":{"line":19,"column":2},"end":{"line":26,"column":null}}},"1":{"name":"(anonymous_1)","decl":{"start":{"line":33,"column":2},"end":{"line":33,"column":3}},"loc":{"start":{"line":34,"column":2},"end":{"line":44,"column":null}}},"2":{"name":"(anonymous_2)","decl":{"start":{"line":48,"column":26},"end":{"line":48,"column":27}},"loc":{"start":{"line":49,"column":2},"end":{"line":49,"column":null}}},"3":{"name":"(anonymous_3)","decl":{"start":{"line":53,"column":26},"end":{"line":53,"column":27}},"loc":{"start":{"line":54,"column":2},"end":{"line":57,"column":null}}},"4":{"name":"(anonymous_4)","decl":{"start":{"line":64,"column":2},"end":{"line":64,"column":3}},"loc":{"start":{"line":65,"column":2},"end":{"line":69,"column":null}}},"5":{"name":"(anonymous_5)","decl":{"start":{"line":76,"column":2},"end":{"line":76,"column":3}},"loc":{"start":{"line":77,"column":2},"end":{"line":81,"column":null}}},"6":{"name":"(anonymous_6)","decl":{"start":{"line":88,"column":2},"end":{"line":88,"column":3}},"loc":{"start":{"line":89,"column":2},"end":{"line":89,"column":null}}},"7":{"name":"(anonymous_7)","decl":{"start":{"line":96,"column":2},"end":{"line":96,"column":3}},"loc":{"start":{"line":97,"column":2},"end":{"line":101,"column":null}}}},"branchMap":{},"s":{"0":0,"1":0,"2":0,"3":0,"4":0,"5":0,"6":0,"7":0,"8":0,"9":0,"10":0,"11":0,"12":0,"13":0,"14":0,"15":0,"16":0,"17":0,"18":0,"19":0,"20":0,"21":0,"22":0,"23":0,"24":0,"25":0,"26":0},"f":{"0":0,"1":0,"2":0,"3":0,"4":0,"5":0,"6":0,"7":0},"b":{}}
,"/Users/dominik.vbric/code/open-jii/packages/ui/src/components/alert.tsx": {"path":"/Users/dominik.vbric/code/open-jii/packages/ui/src/components/alert.tsx","statementMap":{"0":{"start":{"line":7,"column":22},"end":{"line":21,"column":null}},"1":{"start":{"line":23,"column":14},"end":{"line":28,"column":null}},"2":{"start":{"line":27,"column":2},"end":{"line":27,"column":null}},"3":{"start":{"line":29,"column":0},"end":{"line":29,"column":null}},"4":{"start":{"line":31,"column":19},"end":{"line":39,"column":null}},"5":{"start":{"line":33,"column":4},"end":{"line":37,"column":null}},"6":{"start":{"line":40,"column":0},"end":{"line":40,"column":null}},"7":{"start":{"line":42,"column":25},"end":{"line":47,"column":null}},"8":{"start":{"line":46,"column":2},"end":{"line":46,"column":null}},"9":{"start":{"line":48,"column":0},"end":{"line":48,"column":null}}},"fnMap":{"0":{"name":"(anonymous_0)","decl":{"start":{"line":26,"column":2},"end":{"line":26,"column":3}},"loc":{"start":{"line":27,"column":2},"end":{"line":27,"column":null}}},"1":{"name":"(anonymous_1)","decl":{"start":{"line":32,"column":2},"end":{"line":32,"column":3}},"loc":{"start":{"line":33,"column":4},"end":{"line":37,"column":null}}},"2":{"name":"(anonymous_2)","decl":{"start":{"line":45,"column":2},"end":{"line":45,"column":3}},"loc":{"start":{"line":46,"column":2},"end":{"line":46,"column":null}}}},"branchMap":{},"s":{"0":0,"1":0,"2":0,"3":0,"4":0,"5":0,"6":0,"7":0,"8":0,"9":0},"f":{"0":0,"1":0,"2":0},"b":{}}
,"/Users/dominik.vbric/code/open-jii/packages/ui/src/components/aspect-ratio.tsx": {"path":"/Users/dominik.vbric/code/open-jii/packages/ui/src/components/aspect-ratio.tsx","statementMap":{"0":{"start":{"line":5,"column":20},"end":{"line":5,"column":null}}},"fnMap":{},"branchMap":{},"s":{"0":0},"f":{},"b":{}}
,"/Users/dominik.vbric/code/open-jii/packages/ui/src/components/avatar.tsx": {"path":"/Users/dominik.vbric/code/open-jii/packages/ui/src/components/avatar.tsx","statementMap":{"0":{"start":{"line":8,"column":15},"end":{"line":17,"column":null}},"1":{"start":{"line":12,"column":2},"end":{"line":16,"column":null}},"2":{"start":{"line":18,"column":0},"end":{"line":18,"column":null}},"3":{"start":{"line":20,"column":20},"end":{"line":29,"column":null}},"4":{"start":{"line":24,"column":2},"end":{"line":28,"column":null}},"5":{"start":{"line":30,"column":0},"end":{"line":30,"column":null}},"6":{"start":{"line":32,"column":23},"end":{"line":44,"column":null}},"7":{"start":{"line":36,"column":2},"end":{"line":43,"column":null}},"8":{"start":{"line":45,"column":0},"end":{"line":45,"column":null}}},"fnMap":{"0":{"name":"(anonymous_0)","decl":{"start":{"line":11,"column":2},"end":{"line":11,"column":3}},"loc":{"start":{"line":12,"column":2},"end":{"line":16,"column":null}}},"1":{"name":"(anonymous_1)","decl":{"start":{"line":23,"column":2},"end":{"line":23,"column":3}},"loc":{"start":{"line":24,"column":2},"end":{"line":28,"column":null}}},"2":{"name":"(anonymous_2)","decl":{"start":{"line":35,"column":2},"end":{"line":35,"column":3}},"loc":{"start":{"line":36,"column":2},"end":{"line":43,"column":null}}}},"branchMap":{},"s":{"0":0,"1":0,"2":0,"3":0,"4":0,"5":0,"6":0,"7":0,"8":0},"f":{"0":0,"1":0,"2":0},"b":{}}
,"/Users/dominik.vbric/code/open-jii/packages/ui/src/components/badge.tsx": {"path":"/Users/dominik.vbric/code/open-jii/packages/ui/src/components/badge.tsx","statementMap":{"0":{"start":{"line":7,"column":22},"end":{"line":24,"column":null}},"1":{"start":{"line":31,"column":2},"end":{"line":31,"column":null}}},"fnMap":{"0":{"name":"Badge","decl":{"start":{"line":30,"column":9},"end":{"line":30,"column":15}},"loc":{"start":{"line":30,"column":61},"end":{"line":32,"column":null}}}},"branchMap":{},"s":{"0":0,"1":0},"f":{"0":0},"b":{}}
,"/Users/dominik.vbric/code/open-jii/packages/ui/src/components/breadcrumb.tsx": {"path":"/Users/dominik.vbric/code/open-jii/packages/ui/src/components/breadcrumb.tsx","statementMap":{"0":{"start":{"line":7,"column":19},"end":{"line":12,"column":null}},"1":{"start":{"line":12,"column":25},"end":{"line":12,"column":77}},"2":{"start":{"line":13,"column":0},"end":{"line":13,"column":null}},"3":{"start":{"line":15,"column":23},"end":{"line":26,"column":null}},"4":{"start":{"line":17,"column":4},"end":{"line":24,"column":null}},"5":{"start":{"line":27,"column":0},"end":{"line":27,"column":null}},"6":{"start":{"line":29,"column":23},"end":{"line":33,"column":null}},"7":{"start":{"line":31,"column":4},"end":{"line":31,"column":null}},"8":{"start":{"line":34,"column":0},"end":{"line":34,"column":null}},"9":{"start":{"line":36,"column":23},"end":{"line":51,"column":null}},"10":{"start":{"line":42,"column":15},"end":{"line":42,"column":null}},"11":{"start":{"line":44,"column":2},"end":{"line":49,"column":null}},"12":{"start":{"line":52,"column":0},"end":{"line":52,"column":null}},"13":{"start":{"line":54,"column":23},"end":{"line":65,"column":null}},"14":{"start":{"line":56,"column":4},"end":{"line":63,"column":null}},"15":{"start":{"line":66,"column":0},"end":{"line":66,"column":null}},"16":{"start":{"line":68,"column":28},"end":{"line":76,"column":null}},"17":{"start":{"line":69,"column":2},"end":{"line":76,"column":null}},"18":{"start":{"line":78,"column":0},"end":{"line":78,"column":null}},"19":{"start":{"line":80,"column":27},"end":{"line":89,"column":null}},"20":{"start":{"line":81,"column":2},"end":{"line":89,"column":null}},"21":{"start":{"line":91,"column":0},"end":{"line":91,"column":null}}},"fnMap":{"0":{"name":"(anonymous_0)","decl":{"start":{"line":12,"column":2},"end":{"line":12,"column":3}},"loc":{"start":{"line":12,"column":25},"end":{"line":12,"column":77}}},"1":{"name":"(anonymous_1)","decl":{"start":{"line":16,"column":2},"end":{"line":16,"column":3}},"loc":{"start":{"line":17,"column":4},"end":{"line":24,"column":null}}},"2":{"name":"(anonymous_2)","decl":{"start":{"line":30,"column":2},"end":{"line":30,"column":3}},"loc":{"start":{"line":31,"column":4},"end":{"line":31,"column":null}}},"3":{"name":"(anonymous_3)","decl":{"start":{"line":41,"column":2},"end":{"line":41,"column":3}},"loc":{"start":{"line":41,"column":45},"end":{"line":51,"column":1}}},"4":{"name":"(anonymous_4)","decl":{"start":{"line":55,"column":2},"end":{"line":55,"column":3}},"loc":{"start":{"line":56,"column":4},"end":{"line":63,"column":null}}},"5":{"name":"(anonymous_5)","decl":{"start":{"line":68,"column":28},"end":{"line":68,"column":29}},"loc":{"start":{"line":69,"column":2},"end":{"line":76,"column":null}}},"6":{"name":"(anonymous_6)","decl":{"start":{"line":80,"column":27},"end":{"line":80,"column":28}},"loc":{"start":{"line":81,"column":2},"end":{"line":89,"column":null}}}},"branchMap":{"0":{"loc":{"start":{"line":42,"column":15},"end":{"line":42,"column":null}},"type":"cond-expr","locations":[{"start":{"line":42,"column":25},"end":{"line":42,"column":46}},{"start":{"line":42,"column":46},"end":{"line":42,"column":null}}]},"1":{"loc":{"start":{"line":75,"column":5},"end":{"line":75,"column":null}},"type":"binary-expr","locations":[{"start":{"line":75,"column":5},"end":{"line":75,"column":17}},{"start":{"line":75,"column":17},"end":{"line":75,"column":null}}]}},"s":{"0":0,"1":0,"2":0,"3":0,"4":0,"5":0,"6":0,"7":0,"8":0,"9":0,"10":0,"11":0,"12":0,"13":0,"14":0,"15":0,"16":0,"17":0,"18":0,"19":0,"20":0,"21":0},"f":{"0":0,"1":0,"2":0,"3":0,"4":0,"5":0,"6":0},"b":{"0":[0,0],"1":[0,0]}}
,"/Users/dominik.vbric/code/open-jii/packages/ui/src/components/button.tsx": {"path":"/Users/dominik.vbric/code/open-jii/packages/ui/src/components/button.tsx","statementMap":{"0":{"start":{"line":8,"column":23},"end":{"line":33,"column":null}},"1":{"start":{"line":41,"column":15},"end":{"line":48,"column":null}},"2":{"start":{"line":43,"column":17},"end":{"line":43,"column":null}},"3":{"start":{"line":44,"column":4},"end":{"line":45,"column":null}},"4":{"start":{"line":49,"column":0},"end":{"line":49,"column":null}}},"fnMap":{"0":{"name":"(anonymous_0)","decl":{"start":{"line":42,"column":2},"end":{"line":42,"column":3}},"loc":{"start":{"line":42,"column":68},"end":{"line":47,"column":null}}}},"branchMap":{"0":{"loc":{"start":{"line":42,"column":31},"end":{"line":42,"column":48}},"type":"default-arg","locations":[{"start":{"line":42,"column":41},"end":{"line":42,"column":48}}]},"1":{"loc":{"start":{"line":43,"column":17},"end":{"line":43,"column":null}},"type":"cond-expr","locations":[{"start":{"line":43,"column":27},"end":{"line":43,"column":48}},{"start":{"line":43,"column":48},"end":{"line":43,"column":null}}]}},"s":{"0":1,"1":1,"2":10,"3":10,"4":1},"f":{"0":10},"b":{"0":[10],"1":[0,10]}}
,"/Users/dominik.vbric/code/open-jii/packages/ui/src/components/card.tsx": {"path":"/Users/dominik.vbric/code/open-jii/packages/ui/src/components/card.tsx","statementMap":{"0":{"start":{"line":5,"column":13},"end":{"line":13,"column":null}},"1":{"start":{"line":7,"column":4},"end":{"line":11,"column":null}},"2":{"start":{"line":14,"column":0},"end":{"line":14,"column":null}},"3":{"start":{"line":16,"column":19},"end":{"line":20,"column":null}},"4":{"start":{"line":18,"column":4},"end":{"line":18,"column":null}},"5":{"start":{"line":21,"column":0},"end":{"line":21,"column":null}},"6":{"start":{"line":23,"column":18},"end":{"line":31,"column":null}},"7":{"start":{"line":25,"column":4},"end":{"line":29,"column":null}},"8":{"start":{"line":32,"column":0},"end":{"line":32,"column":null}},"9":{"start":{"line":34,"column":24},"end":{"line":38,"column":null}},"10":{"start":{"line":36,"column":4},"end":{"line":36,"column":null}},"11":{"start":{"line":39,"column":0},"end":{"line":39,"column":null}},"12":{"start":{"line":41,"column":20},"end":{"line":45,"column":null}},"13":{"start":{"line":43,"column":4},"end":{"line":43,"column":null}},"14":{"start":{"line":46,"column":0},"end":{"line":46,"column":null}},"15":{"start":{"line":48,"column":19},"end":{"line":52,"column":null}},"16":{"start":{"line":50,"column":4},"end":{"line":50,"column":null}},"17":{"start":{"line":53,"column":0},"end":{"line":53,"column":null}}},"fnMap":{"0":{"name":"(anonymous_0)","decl":{"start":{"line":6,"column":2},"end":{"line":6,"column":3}},"loc":{"start":{"line":7,"column":4},"end":{"line":11,"column":null}}},"1":{"name":"(anonymous_1)","decl":{"start":{"line":17,"column":2},"end":{"line":17,"column":3}},"loc":{"start":{"line":18,"column":4},"end":{"line":18,"column":null}}},"2":{"name":"(anonymous_2)","decl":{"start":{"line":24,"column":2},"end":{"line":24,"column":3}},"loc":{"start":{"line":25,"column":4},"end":{"line":29,"column":null}}},"3":{"name":"(anonymous_3)","decl":{"start":{"line":35,"column":2},"end":{"line":35,"column":3}},"loc":{"start":{"line":36,"column":4},"end":{"line":36,"column":null}}},"4":{"name":"(anonymous_4)","decl":{"start":{"line":42,"column":2},"end":{"line":42,"column":3}},"loc":{"start":{"line":43,"column":4},"end":{"line":43,"column":null}}},"5":{"name":"(anonymous_5)","decl":{"start":{"line":49,"column":2},"end":{"line":49,"column":3}},"loc":{"start":{"line":50,"column":4},"end":{"line":50,"column":null}}}},"branchMap":{},"s":{"0":0,"1":0,"2":0,"3":0,"4":0,"5":0,"6":0,"7":0,"8":0,"9":0,"10":0,"11":0,"12":0,"13":0,"14":0,"15":0,"16":0,"17":0},"f":{"0":0,"1":0,"2":0,"3":0,"4":0,"5":0},"b":{}}
,"/Users/dominik.vbric/code/open-jii/packages/ui/src/components/carousel.tsx": {"path":"/Users/dominik.vbric/code/open-jii/packages/ui/src/components/carousel.tsx","statementMap":{"0":{"start":{"line":32,"column":24},"end":{"line":32,"column":null}},"1":{"start":{"line":35,"column":18},"end":{"line":35,"column":null}},"2":{"start":{"line":37,"column":2},"end":{"line":39,"column":null}},"3":{"start":{"line":38,"column":4},"end":{"line":38,"column":null}},"4":{"start":{"line":41,"column":2},"end":{"line":41,"column":null}},"5":{"start":{"line":44,"column":17},"end":{"line":135,"column":null}},"6":{"start":{"line":48,"column":29},"end":{"line":54,"column":null}},"7":{"start":{"line":55,"column":44},"end":{"line":55,"column":null}},"8":{"start":{"line":56,"column":44},"end":{"line":56,"column":null}},"9":{"start":{"line":58,"column":19},"end":{"line":65,"column":null}},"10":{"start":{"line":59,"column":4},"end":{"line":61,"column":null}},"11":{"start":{"line":60,"column":6},"end":{"line":60,"column":null}},"12":{"start":{"line":63,"column":4},"end":{"line":63,"column":null}},"13":{"start":{"line":64,"column":4},"end":{"line":64,"column":null}},"14":{"start":{"line":67,"column":21},"end":{"line":69,"column":null}},"15":{"start":{"line":68,"column":4},"end":{"line":68,"column":null}},"16":{"start":{"line":71,"column":21},"end":{"line":73,"column":null}},"17":{"start":{"line":72,"column":4},"end":{"line":72,"column":null}},"18":{"start":{"line":75,"column":24},"end":{"line":86,"column":null}},"19":{"start":{"line":77,"column":6},"end":{"line":83,"column":null}},"20":{"start":{"line":78,"column":8},"end":{"line":78,"column":null}},"21":{"start":{"line":79,"column":8},"end":{"line":79,"column":null}},"22":{"start":{"line":80,"column":6},"end":{"line":83,"column":null}},"23":{"start":{"line":81,"column":8},"end":{"line":81,"column":null}},"24":{"start":{"line":82,"column":8},"end":{"line":82,"column":null}},"25":{"start":{"line":88,"column":2},"end":{"line":94,"column":null}},"26":{"start":{"line":89,"column":4},"end":{"line":91,"column":null}},"27":{"start":{"line":90,"column":6},"end":{"line":90,"column":null}},"28":{"start":{"line":93,"column":4},"end":{"line":93,"column":null}},"29":{"start":{"line":96,"column":2},"end":{"line":108,"column":null}},"30":{"start":{"line":97,"column":4},"end":{"line":99,"column":null}},"31":{"start":{"line":98,"column":6},"end":{"line":98,"column":null}},"32":{"start":{"line":101,"column":4},"end":{"line":101,"column":null}},"33":{"start":{"line":102,"column":4},"end":{"line":102,"column":null}},"34":{"start":{"line":103,"column":4},"end":{"line":103,"column":null}},"35":{"start":{"line":105,"column":4},"end":{"line":107,"column":null}},"36":{"start":{"line":106,"column":6},"end":{"line":106,"column":null}},"37":{"start":{"line":110,"column":2},"end":{"line":133,"column":null}},"38":{"start":{"line":136,"column":0},"end":{"line":136,"column":null}},"39":{"start":{"line":138,"column":24},"end":{"line":156,"column":null}},"40":{"start":{"line":140,"column":41},"end":{"line":140,"column":null}},"41":{"start":{"line":142,"column":4},"end":{"line":153,"column":null}},"42":{"start":{"line":157,"column":0},"end":{"line":157,"column":null}},"43":{"start":{"line":159,"column":21},"end":{"line":177,"column":null}},"44":{"start":{"line":161,"column":28},"end":{"line":161,"column":null}},"45":{"start":{"line":163,"column":4},"end":{"line":174,"column":null}},"46":{"start":{"line":178,"column":0},"end":{"line":178,"column":null}},"47":{"start":{"line":180,"column":25},"end":{"line":205,"column":null}},"48":{"start":{"line":182,"column":55},"end":{"line":182,"column":null}},"49":{"start":{"line":184,"column":4},"end":{"line":202,"column":null}},"50":{"start":{"line":206,"column":0},"end":{"line":206,"column":null}},"51":{"start":{"line":208,"column":21},"end":{"line":233,"column":null}},"52":{"start":{"line":210,"column":55},"end":{"line":210,"column":null}},"53":{"start":{"line":212,"column":4},"end":{"line":230,"column":null}},"54":{"start":{"line":234,"column":0},"end":{"line":234,"column":null}}},"fnMap":{"0":{"name":"useCarousel","decl":{"start":{"line":34,"column":9},"end":{"line":34,"column":23}},"loc":{"start":{"line":34,"column":23},"end":{"line":42,"column":null}}},"1":{"name":"(anonymous_1)","decl":{"start":{"line":47,"column":2},"end":{"line":47,"column":3}},"loc":{"start":{"line":47,"column":97},"end":{"line":135,"column":1}}},"2":{"name":"(anonymous_2)","decl":{"start":{"line":58,"column":37},"end":{"line":58,"column":38}},"loc":{"start":{"line":58,"column":59},"end":{"line":65,"column":5}}},"3":{"name":"(anonymous_3)","decl":{"start":{"line":67,"column":39},"end":{"line":67,"column":45}},"loc":{"start":{"line":67,"column":45},"end":{"line":69,"column":5}}},"4":{"name":"(anonymous_4)","decl":{"start":{"line":71,"column":39},"end":{"line":71,"column":45}},"loc":{"start":{"line":71,"column":45},"end":{"line":73,"column":5}}},"5":{"name":"(anonymous_5)","decl":{"start":{"line":76,"column":4},"end":{"line":76,"column":5}},"loc":{"start":{"line":76,"column":52},"end":{"line":84,"column":null}}},"6":{"name":"(anonymous_6)","decl":{"start":{"line":88,"column":18},"end":{"line":88,"column":24}},"loc":{"start":{"line":88,"column":24},"end":{"line":94,"column":5}}},"7":{"name":"(anonymous_7)","decl":{"start":{"line":96,"column":18},"end":{"line":96,"column":24}},"loc":{"start":{"line":96,"column":24},"end":{"line":108,"column":5}}},"8":{"name":"(anonymous_8)","decl":{"start":{"line":105,"column":11},"end":{"line":105,"column":17}},"loc":{"start":{"line":105,"column":17},"end":{"line":107,"column":null}}},"9":{"name":"(anonymous_9)","decl":{"start":{"line":139,"column":2},"end":{"line":139,"column":3}},"loc":{"start":{"line":139,"column":36},"end":{"line":155,"column":null}}},"10":{"name":"(anonymous_10)","decl":{"start":{"line":160,"column":2},"end":{"line":160,"column":3}},"loc":{"start":{"line":160,"column":36},"end":{"line":176,"column":null}}},"11":{"name":"(anonymous_11)","decl":{"start":{"line":181,"column":2},"end":{"line":181,"column":3}},"loc":{"start":{"line":181,"column":72},"end":{"line":204,"column":null}}},"12":{"name":"(anonymous_12)","decl":{"start":{"line":209,"column":2},"end":{"line":209,"column":3}},"loc":{"start":{"line":209,"column":72},"end":{"line":232,"column":null}}}},"branchMap":{"0":{"loc":{"start":{"line":37,"column":2},"end":{"line":39,"column":null}},"type":"if","locations":[{"start":{"line":37,"column":2},"end":{"line":39,"column":null}},{"start":{},"end":{}}]},"1":{"loc":{"start":{"line":47,"column":5},"end":{"line":47,"column":33}},"type":"default-arg","locations":[{"start":{"line":47,"column":19},"end":{"line":47,"column":33}}]},"2":{"loc":{"start":{"line":51,"column":12},"end":{"line":51,"column":null}},"type":"cond-expr","locations":[{"start":{"line":51,"column":43},"end":{"line":51,"column":49}},{"start":{"line":51,"column":49},"end":{"line":51,"column":null}}]},"3":{"loc":{"start":{"line":59,"column":4},"end":{"line":61,"column":null}},"type":"if","locations":[{"start":{"line":59,"column":4},"end":{"line":61,"column":null}},{"start":{},"end":{}}]},"4":{"loc":{"start":{"line":77,"column":6},"end":{"line":83,"column":null}},"type":"if","locations":[{"start":{"line":77,"column":6},"end":{"line":83,"column":null}},{"start":{"line":80,"column":6},"end":{"line":83,"column":null}}]},"5":{"loc":{"start":{"line":80,"column":6},"end":{"line":83,"column":null}},"type":"if","locations":[{"start":{"line":80,"column":6},"end":{"line":83,"column":null}},{"start":{},"end":{}}]},"6":{"loc":{"start":{"line":89,"column":4},"end":{"line":91,"column":null}},"type":"if","locations":[{"start":{"line":89,"column":4},"end":{"line":91,"column":null}},{"start":{},"end":{}}]},"7":{"loc":{"start":{"line":89,"column":8},"end":{"line":89,"column":25}},"type":"binary-expr","locations":[{"start":{"line":89,"column":8},"end":{"line":89,"column":16}},{"start":{"line":89,"column":16},"end":{"line":89,"column":25}}]},"8":{"loc":{"start":{"line":97,"column":4},"end":{"line":99,"column":null}},"type":"if","locations":[{"start":{"line":97,"column":4},"end":{"line":99,"column":null}},{"start":{},"end":{}}]},"9":{"loc":{"start":{"line":116,"column":21},"end":{"line":116,"column":null}},"type":"binary-expr","locations":[{"start":{"line":116,"column":21},"end":{"line":116,"column":37}},{"start":{"line":116,"column":37},"end":{"line":116,"column":null}}]},"10":{"loc":{"start":{"line":116,"column":37},"end":{"line":116,"column":null}},"type":"cond-expr","locations":[{"start":{"line":116,"column":58},"end":{"line":116,"column":71}},{"start":{"line":116,"column":71},"end":{"line":116,"column":null}}]},"11":{"loc":{"start":{"line":148,"column":12},"end":{"line":148,"column":null}},"type":"cond-expr","locations":[{"start":{"line":148,"column":43},"end":{"line":148,"column":53}},{"start":{"line":148,"column":53},"end":{"line":148,"column":null}}]},"12":{"loc":{"start":{"line":170,"column":10},"end":{"line":170,"column":null}},"type":"cond-expr","locations":[{"start":{"line":170,"column":41},"end":{"line":170,"column":50}},{"start":{"line":170,"column":50},"end":{"line":170,"column":null}}]},"13":{"loc":{"start":{"line":181,"column":16},"end":{"line":181,"column":37}},"type":"default-arg","locations":[{"start":{"line":181,"column":26},"end":{"line":181,"column":37}}]},"14":{"loc":{"start":{"line":181,"column":37},"end":{"line":181,"column":52}},"type":"default-arg","locations":[{"start":{"line":181,"column":44},"end":{"line":181,"column":52}}]},"15":{"loc":{"start":{"line":191,"column":10},"end":{"line":193,"column":null}},"type":"cond-expr","locations":[{"start":{"line":192,"column":14},"end":{"line":192,"column":null}},{"start":{"line":193,"column":14},"end":{"line":193,"column":null}}]},"16":{"loc":{"start":{"line":209,"column":16},"end":{"line":209,"column":37}},"type":"default-arg","locations":[{"start":{"line":209,"column":26},"end":{"line":209,"column":37}}]},"17":{"loc":{"start":{"line":209,"column":37},"end":{"line":209,"column":52}},"type":"default-arg","locations":[{"start":{"line":209,"column":44},"end":{"line":209,"column":52}}]},"18":{"loc":{"start":{"line":219,"column":10},"end":{"line":221,"column":null}},"type":"cond-expr","locations":[{"start":{"line":220,"column":14},"end":{"line":220,"column":null}},{"start":{"line":221,"column":14},"end":{"line":221,"column":null}}]}},"s":{"0":0,"1":0,"2":0,"3":0,"4":0,"5":0,"6":0,"7":0,"8":0,"9":0,"10":0,"11":0,"12":0,"13":0,"14":0,"15":0,"16":0,"17":0,"18":0,"19":0,"20":0,"21":0,"22":0,"23":0,"24":0,"25":0,"26":0,"27":0,"28":0,"29":0,"30":0,"31":0,"32":0,"33":0,"34":0,"35":0,"36":0,"37":0,"38":0,"39":0,"40":0,"41":0,"42":0,"43":0,"44":0,"45":0,"46":0,"47":0,"48":0,"49":0,"50":0,"51":0,"52":0,"53":0,"54":0},"f":{"0":0,"1":0,"2":0,"3":0,"4":0,"5":0,"6":0,"7":0,"8":0,"9":0,"10":0,"11":0,"12":0},"b":{"0":[0,0],"1":[0],"2":[0,0],"3":[0,0],"4":[0,0],"5":[0,0],"6":[0,0],"7":[0,0],"8":[0,0],"9":[0,0],"10":[0,0],"11":[0,0],"12":[0,0],"13":[0],"14":[0],"15":[0,0],"16":[0],"17":[0],"18":[0,0]}}
,"/Users/dominik.vbric/code/open-jii/packages/ui/src/components/chart.tsx": {"path":"/Users/dominik.vbric/code/open-jii/packages/ui/src/components/chart.tsx","statementMap":{"0":{"start":{"line":9,"column":15},"end":{"line":9,"column":null}},"1":{"start":{"line":26,"column":21},"end":{"line":26,"column":null}},"2":{"start":{"line":29,"column":18},"end":{"line":29,"column":null}},"3":{"start":{"line":31,"column":2},"end":{"line":33,"column":null}},"4":{"start":{"line":32,"column":4},"end":{"line":32,"column":null}},"5":{"start":{"line":35,"column":2},"end":{"line":35,"column":null}},"6":{"start":{"line":38,"column":23},"end":{"line":64,"column":null}},"7":{"start":{"line":45,"column":19},"end":{"line":45,"column":null}},"8":{"start":{"line":46,"column":18},"end":{"line":46,"column":null}},"9":{"start":{"line":48,"column":2},"end":{"line":62,"column":null}},"10":{"start":{"line":65,"column":0},"end":{"line":65,"column":null}},"11":{"start":{"line":67,"column":19},"end":{"line":94,"column":null}},"12":{"start":{"line":68,"column":22},"end":{"line":68,"column":null}},"13":{"start":{"line":68,"column":68},"end":{"line":68,"column":96}},"14":{"start":{"line":70,"column":2},"end":{"line":72,"column":null}},"15":{"start":{"line":71,"column":4},"end":{"line":71,"column":null}},"16":{"start":{"line":74,"column":2},"end":{"line":92,"column":null}},"17":{"start":{"line":79,"column":33},"end":{"line":86,"column":null}},"18":{"start":{"line":83,"column":18},"end":{"line":83,"column":null}},"19":{"start":{"line":84,"column":4},"end":{"line":84,"column":null}},"20":{"start":{"line":96,"column":21},"end":{"line":96,"column":null}},"21":{"start":{"line":98,"column":28},"end":{"line":237,"column":null}},"22":{"start":{"line":127,"column":23},"end":{"line":127,"column":null}},"23":{"start":{"line":129,"column":25},"end":{"line":151,"column":null}},"24":{"start":{"line":130,"column":6},"end":{"line":132,"column":null}},"25":{"start":{"line":131,"column":8},"end":{"line":131,"column":null}},"26":{"start":{"line":134,"column":21},"end":{"line":134,"column":null}},"27":{"start":{"line":135,"column":18},"end":{"line":135,"column":null}},"28":{"start":{"line":136,"column":25},"end":{"line":136,"column":null}},"29":{"start":{"line":138,"column":8},"end":{"line":138,"column":null}},"30":{"start":{"line":140,"column":6},"end":{"line":144,"column":null}},"31":{"start":{"line":141,"column":8},"end":{"line":142,"column":null}},"32":{"start":{"line":146,"column":6},"end":{"line":148,"column":null}},"33":{"start":{"line":147,"column":8},"end":{"line":147,"column":null}},"34":{"start":{"line":150,"column":6},"end":{"line":150,"column":null}},"35":{"start":{"line":153,"column":4},"end":{"line":155,"column":null}},"36":{"start":{"line":154,"column":6},"end":{"line":154,"column":null}},"37":{"start":{"line":157,"column":22},"end":{"line":157,"column":null}},"38":{"start":{"line":159,"column":4},"end":{"line":234,"column":null}},"39":{"start":{"line":170,"column":24},"end":{"line":170,"column":null}},"40":{"start":{"line":171,"column":31},"end":{"line":171,"column":null}},"41":{"start":{"line":172,"column":35},"end":{"line":172,"column":null}},"42":{"start":{"line":174,"column":12},"end":{"line":230,"column":null}},"43":{"start":{"line":238,"column":0},"end":{"line":238,"column":null}},"44":{"start":{"line":240,"column":20},"end":{"line":240,"column":null}},"45":{"start":{"line":242,"column":27},"end":{"line":292,"column":null}},"46":{"start":{"line":250,"column":21},"end":{"line":250,"column":null}},"47":{"start":{"line":252,"column":2},"end":{"line":254,"column":null}},"48":{"start":{"line":253,"column":4},"end":{"line":253,"column":null}},"49":{"start":{"line":256,"column":2},"end":{"line":290,"column":null}},"50":{"start":{"line":266,"column":20},"end":{"line":266,"column":null}},"51":{"start":{"line":267,"column":27},"end":{"line":267,"column":null}},"52":{"start":{"line":269,"column":8},"end":{"line":287,"column":null}},"53":{"start":{"line":293,"column":0},"end":{"line":293,"column":null}},"54":{"start":{"line":297,"column":2},"end":{"line":299,"column":null}},"55":{"start":{"line":298,"column":4},"end":{"line":298,"column":null}},"56":{"start":{"line":302,"column":4},"end":{"line":304,"column":null}},"57":{"start":{"line":306,"column":31},"end":{"line":306,"column":null}},"58":{"start":{"line":308,"column":2},"end":{"line":316,"column":null}},"59":{"start":{"line":309,"column":4},"end":{"line":309,"column":null}},"60":{"start":{"line":310,"column":2},"end":{"line":316,"column":null}},"61":{"start":{"line":315,"column":4},"end":{"line":315,"column":null}},"62":{"start":{"line":318,"column":2},"end":{"line":318,"column":null}}},"fnMap":{"0":{"name":"useChart","decl":{"start":{"line":28,"column":9},"end":{"line":28,"column":20}},"loc":{"start":{"line":28,"column":20},"end":{"line":36,"column":null}}},"1":{"name":"(anonymous_1)","decl":{"start":{"line":44,"column":2},"end":{"line":44,"column":3}},"loc":{"start":{"line":44,"column":58},"end":{"line":64,"column":1}}},"2":{"name":"(anonymous_2)","decl":{"start":{"line":67,"column":19},"end":{"line":67,"column":20}},"loc":{"start":{"line":67,"column":76},"end":{"line":94,"column":null}}},"3":{"name":"(anonymous_3)","decl":{"start":{"line":68,"column":52},"end":{"line":68,"column":53}},"loc":{"start":{"line":68,"column":68},"end":{"line":68,"column":96}}},"4":{"name":"(anonymous_4)","decl":{"start":{"line":79,"column":12},"end":{"line":79,"column":13}},"loc":{"start":{"line":79,"column":33},"end":{"line":86,"column":null}}},"5":{"name":"(anonymous_5)","decl":{"start":{"line":82,"column":7},"end":{"line":82,"column":8}},"loc":{"start":{"line":82,"column":30},"end":{"line":85,"column":3}}},"6":{"name":"(anonymous_6)","decl":{"start":{"line":109,"column":2},"end":{"line":109,"column":null}},"loc":{"start":{"line":126,"column":7},"end":{"line":236,"column":null}}},"7":{"name":"(anonymous_7)","decl":{"start":{"line":129,"column":39},"end":{"line":129,"column":45}},"loc":{"start":{"line":129,"column":45},"end":{"line":151,"column":7}}},"8":{"name":"(anonymous_8)","decl":{"start":{"line":169,"column":23},"end":{"line":169,"column":24}},"loc":{"start":{"line":169,"column":40},"end":{"line":232,"column":11}}},"9":{"name":"(anonymous_9)","decl":{"start":{"line":249,"column":2},"end":{"line":249,"column":3}},"loc":{"start":{"line":249,"column":88},"end":{"line":292,"column":1}}},"10":{"name":"(anonymous_10)","decl":{"start":{"line":265,"column":19},"end":{"line":265,"column":20}},"loc":{"start":{"line":265,"column":29},"end":{"line":289,"column":7}}},"11":{"name":"getPayloadConfigFromPayload","decl":{"start":{"line":296,"column":9},"end":{"line":296,"column":37}},"loc":{"start":{"line":296,"column":89},"end":{"line":319,"column":null}}}},"branchMap":{"0":{"loc":{"start":{"line":31,"column":2},"end":{"line":33,"column":null}},"type":"if","locations":[{"start":{"line":31,"column":2},"end":{"line":33,"column":null}},{"start":{},"end":{}}]},"1":{"loc":{"start":{"line":46,"column":27},"end":{"line":46,"column":59}},"type":"binary-expr","locations":[{"start":{"line":46,"column":27},"end":{"line":46,"column":33}},{"start":{"line":46,"column":33},"end":{"line":46,"column":59}}]},"2":{"loc":{"start":{"line":68,"column":68},"end":{"line":68,"column":96}},"type":"binary-expr","locations":[{"start":{"line":68,"column":68},"end":{"line":68,"column":84}},{"start":{"line":68,"column":84},"end":{"line":68,"column":96}}]},"3":{"loc":{"start":{"line":70,"column":2},"end":{"line":72,"column":null}},"type":"if","locations":[{"start":{"line":70,"column":2},"end":{"line":72,"column":null}},{"start":{},"end":{}}]},"4":{"loc":{"start":{"line":83,"column":18},"end":{"line":83,"column":null}},"type":"binary-expr","locations":[{"start":{"line":83,"column":18},"end":{"line":83,"column":80}},{"start":{"line":83,"column":80},"end":{"line":83,"column":null}}]},"5":{"loc":{"start":{"line":84,"column":11},"end":{"line":84,"column":null}},"type":"cond-expr","locations":[{"start":{"line":84,"column":19},"end":{"line":84,"column":51}},{"start":{"line":84,"column":51},"end":{"line":84,"column":null}}]},"6":{"loc":{"start":{"line":114,"column":6},"end":{"line":114,"column":null}},"type":"default-arg","locations":[{"start":{"line":114,"column":18},"end":{"line":114,"column":null}}]},"7":{"loc":{"start":{"line":115,"column":6},"end":{"line":115,"column":null}},"type":"default-arg","locations":[{"start":{"line":115,"column":18},"end":{"line":115,"column":null}}]},"8":{"loc":{"start":{"line":116,"column":6},"end":{"line":116,"column":null}},"type":"default-arg","locations":[{"start":{"line":116,"column":22},"end":{"line":116,"column":null}}]},"9":{"loc":{"start":{"line":130,"column":6},"end":{"line":132,"column":null}},"type":"if","locations":[{"start":{"line":130,"column":6},"end":{"line":132,"column":null}},{"start":{},"end":{}}]},"10":{"loc":{"start":{"line":130,"column":10},"end":{"line":130,"column":41}},"type":"binary-expr","locations":[{"start":{"line":130,"column":10},"end":{"line":130,"column":23}},{"start":{"line":130,"column":23},"end":{"line":130,"column":41}}]},"11":{"loc":{"start":{"line":135,"column":21},"end":{"line":135,"column":71}},"type":"binary-expr","locations":[{"start":{"line":135,"column":21},"end":{"line":135,"column":33}},{"start":{"line":135,"column":33},"end":{"line":135,"column":50}},{"start":{"line":135,"column":50},"end":{"line":135,"column":64}},{"start":{"line":135,"column":64},"end":{"line":135,"column":71}}]},"12":{"loc":{"start":{"line":138,"column":8},"end":{"line":138,"column":null}},"type":"cond-expr","locations":[{"start":{"line":138,"column":49},"end":{"line":138,"column":81}},{"start":{"line":138,"column":81},"end":{"line":138,"column":null}}]},"13":{"loc":{"start":{"line":138,"column":8},"end":{"line":138,"column":49}},"type":"binary-expr","locations":[{"start":{"line":138,"column":8},"end":{"line":138,"column":21}},{"start":{"line":138,"column":21},"end":{"line":138,"column":49}}]},"14":{"loc":{"start":{"line":138,"column":49},"end":{"line":138,"column":81}},"type":"binary-expr","locations":[{"start":{"line":138,"column":49},"end":{"line":138,"column":73}},{"start":{"line":138,"column":73},"end":{"line":138,"column":81}}]},"15":{"loc":{"start":{"line":140,"column":6},"end":{"line":144,"column":null}},"type":"if","locations":[{"start":{"line":140,"column":6},"end":{"line":144,"column":null}},{"start":{},"end":{}}]},"16":{"loc":{"start":{"line":146,"column":6},"end":{"line":148,"column":null}},"type":"if","locations":[{"start":{"line":146,"column":6},"end":{"line":148,"column":null}},{"start":{},"end":{}}]},"17":{"loc":{"start":{"line":153,"column":4},"end":{"line":155,"column":null}},"type":"if","locations":[{"start":{"line":153,"column":4},"end":{"line":155,"column":null}},{"start":{},"end":{}}]},"18":{"loc":{"start":{"line":153,"column":8},"end":{"line":153,"column":37}},"type":"binary-expr","locations":[{"start":{"line":153,"column":8},"end":{"line":153,"column":19}},{"start":{"line":153,"column":19},"end":{"line":153,"column":37}}]},"19":{"loc":{"start":{"line":157,"column":22},"end":{"line":157,"column":null}},"type":"binary-expr","locations":[{"start":{"line":157,"column":22},"end":{"line":157,"column":46}},{"start":{"line":157,"column":46},"end":{"line":157,"column":null}}]},"20":{"loc":{"start":{"line":167,"column":9},"end":{"line":167,"column":null}},"type":"cond-expr","locations":[{"start":{"line":167,"column":22},"end":{"line":167,"column":37}},{"start":{"line":167,"column":37},"end":{"line":167,"column":null}}]},"21":{"loc":{"start":{"line":170,"column":27},"end":{"line":170,"column":74}},"type":"binary-expr","locations":[{"start":{"line":170,"column":27},"end":{"line":170,"column":38}},{"start":{"line":170,"column":38},"end":{"line":170,"column":51}},{"start":{"line":170,"column":51},"end":{"line":170,"column":67}},{"start":{"line":170,"column":67},"end":{"line":170,"column":74}}]},"22":{"loc":{"start":{"line":172,"column":35},"end":{"line":172,"column":null}},"type":"binary-expr","locations":[{"start":{"line":172,"column":35},"end":{"line":172,"column":44}},{"start":{"line":172,"column":44},"end":{"line":172,"column":65}},{"start":{"line":172,"column":65},"end":{"line":172,"column":null}}]},"23":{"loc":{"start":{"line":179,"column":18},"end":{"line":179,"column":null}},"type":"binary-expr","locations":[{"start":{"line":179,"column":18},"end":{"line":179,"column":41}},{"start":{"line":179,"column":41},"end":{"line":179,"column":null}}]},"24":{"loc":{"start":{"line":182,"column":17},"end":{"line":228,"column":null}},"type":"cond-expr","locations":[{"start":{"line":183,"column":18},"end":{"line":183,"column":null}},{"start":{"line":185,"column":18},"end":{"line":228,"column":null}}]},"25":{"loc":{"start":{"line":182,"column":17},"end":{"line":182,"column":null}},"type":"binary-expr","locations":[{"start":{"line":182,"column":17},"end":{"line":182,"column":30}},{"start":{"line":182,"column":30},"end":{"line":182,"column":59}},{"start":{"line":182,"column":59},"end":{"line":182,"column":null}}]},"26":{"loc":{"start":{"line":186,"column":21},"end":{"line":207,"column":null}},"type":"cond-expr","locations":[{"start":{"line":187,"column":22},"end":{"line":187,"column":null}},{"start":{"line":189,"column":22},"end":{"line":207,"column":null}}]},"27":{"loc":{"start":{"line":189,"column":22},"end":{"line":207,"column":null}},"type":"binary-expr","locations":[{"start":{"line":189,"column":22},"end":{"line":189,"column":null}},{"start":{"line":190,"column":24},"end":{"line":207,"column":null}}]},"28":{"loc":{"start":{"line":198,"column":40},"end":{"line":198,"column":null}},"type":"binary-expr","locations":[{"start":{"line":198,"column":40},"end":{"line":198,"column":53}},{"start":{"line":198,"column":53},"end":{"line":198,"column":null}}]},"29":{"loc":{"start":{"line":213,"column":24},"end":{"line":213,"column":null}},"type":"cond-expr","locations":[{"start":{"line":213,"column":36},"end":{"line":213,"column":50}},{"start":{"line":213,"column":50},"end":{"line":213,"column":null}}]},"30":{"loc":{"start":{"line":217,"column":25},"end":{"line":217,"column":null}},"type":"cond-expr","locations":[{"start":{"line":217,"column":37},"end":{"line":217,"column":52}},{"start":{"line":217,"column":52},"end":{"line":217,"column":null}}]},"31":{"loc":{"start":{"line":219,"column":27},"end":{"line":219,"column":null}},"type":"binary-expr","locations":[{"start":{"line":219,"column":27},"end":{"line":219,"column":48}},{"start":{"line":219,"column":48},"end":{"line":219,"column":null}}]},"32":{"loc":{"start":{"line":222,"column":23},"end":{"line":225,"column":null}},"type":"binary-expr","locations":[{"start":{"line":222,"column":23},"end":{"line":222,"column":null}},{"start":{"line":223,"column":24},"end":{"line":225,"column":null}}]},"33":{"loc":{"start":{"line":249,"column":16},"end":{"line":249,"column":34}},"type":"default-arg","locations":[{"start":{"line":249,"column":27},"end":{"line":249,"column":34}}]},"34":{"loc":{"start":{"line":249,"column":43},"end":{"line":249,"column":69}},"type":"default-arg","locations":[{"start":{"line":249,"column":59},"end":{"line":249,"column":69}}]},"35":{"loc":{"start":{"line":252,"column":2},"end":{"line":254,"column":null}},"type":"if","locations":[{"start":{"line":252,"column":2},"end":{"line":254,"column":null}},{"start":{},"end":{}}]},"36":{"loc":{"start":{"line":261,"column":8},"end":{"line":261,"column":null}},"type":"cond-expr","locations":[{"start":{"line":261,"column":34},"end":{"line":261,"column":43}},{"start":{"line":261,"column":43},"end":{"line":261,"column":null}}]},"37":{"loc":{"start":{"line":266,"column":23},"end":{"line":266,"column":57}},"type":"binary-expr","locations":[{"start":{"line":266,"column":23},"end":{"line":266,"column":34}},{"start":{"line":266,"column":34},"end":{"line":266,"column":50}},{"start":{"line":266,"column":50},"end":{"line":266,"column":57}}]},"38":{"loc":{"start":{"line":276,"column":13},"end":{"line":284,"column":null}},"type":"cond-expr","locations":[{"start":{"line":277,"column":14},"end":{"line":277,"column":null}},{"start":{"line":279,"column":14},"end":{"line":284,"column":null}}]},"39":{"loc":{"start":{"line":276,"column":13},"end":{"line":276,"column":null}},"type":"binary-expr","locations":[{"start":{"line":276,"column":13},"end":{"line":276,"column":33}},{"start":{"line":276,"column":33},"end":{"line":276,"column":null}}]},"40":{"loc":{"start":{"line":297,"column":2},"end":{"line":299,"column":null}},"type":"if","locations":[{"start":{"line":297,"column":2},"end":{"line":299,"column":null}},{"start":{},"end":{}}]},"41":{"loc":{"start":{"line":297,"column":6},"end":{"line":297,"column":55}},"type":"binary-expr","locations":[{"start":{"line":297,"column":6},"end":{"line":297,"column":37}},{"start":{"line":297,"column":37},"end":{"line":297,"column":55}}]},"42":{"loc":{"start":{"line":302,"column":4},"end":{"line":304,"column":null}},"type":"cond-expr","locations":[{"start":{"line":303,"column":8},"end":{"line":303,"column":null}},{"start":{"line":304,"column":8},"end":{"line":304,"column":null}}]},"43":{"loc":{"start":{"line":302,"column":4},"end":{"line":302,"column":null}},"type":"binary-expr","locations":[{"start":{"line":302,"column":4},"end":{"line":302,"column":28}},{"start":{"line":302,"column":28},"end":{"line":302,"column":67}},{"start":{"line":302,"column":67},"end":{"line":302,"column":null}}]},"44":{"loc":{"start":{"line":308,"column":2},"end":{"line":316,"column":null}},"type":"if","locations":[{"start":{"line":308,"column":2},"end":{"line":316,"column":null}},{"start":{"line":310,"column":2},"end":{"line":316,"column":null}}]},"45":{"loc":{"start":{"line":308,"column":6},"end":{"line":308,"column":82}},"type":"binary-expr","locations":[{"start":{"line":308,"column":6},"end":{"line":308,"column":24}},{"start":{"line":308,"column":24},"end":{"line":308,"column":82}}]},"46":{"loc":{"start":{"line":310,"column":2},"end":{"line":316,"column":null}},"type":"if","locations":[{"start":{"line":310,"column":2},"end":{"line":316,"column":null}},{"start":{},"end":{}}]},"47":{"loc":{"start":{"line":311,"column":4},"end":{"line":313,"column":null}},"type":"binary-expr","locations":[{"start":{"line":311,"column":4},"end":{"line":311,"column":null}},{"start":{"line":312,"column":4},"end":{"line":312,"column":null}},{"start":{"line":313,"column":4},"end":{"line":313,"column":null}}]},"48":{"loc":{"start":{"line":318,"column":9},"end":{"line":318,"column":null}},"type":"cond-expr","locations":[{"start":{"line":318,"column":36},"end":{"line":318,"column":61}},{"start":{"line":318,"column":61},"end":{"line":318,"column":null}}]}},"s":{"0":0,"1":0,"2":0,"3":0,"4":0,"5":0,"6":0,"7":0,"8":0,"9":0,"10":0,"11":0,"12":0,"13":0,"14":0,"15":0,"16":0,"17":0,"18":0,"19":0,"20":0,"21":0,"22":0,"23":0,"24":0,"25":0,"26":0,"27":0,"28":0,"29":0,"30":0,"31":0,"32":0,"33":0,"34":0,"35":0,"36":0,"37":0,"38":0,"39":0,"40":0,"41":0,"42":0,"43":0,"44":0,"45":0,"46":0,"47":0,"48":0,"49":0,"50":0,"51":0,"52":0,"53":0,"54":0,"55":0,"56":0,"57":0,"58":0,"59":0,"60":0,"61":0,"62":0},"f":{"0":0,"1":0,"2":0,"3":0,"4":0,"5":0,"6":0,"7":0,"8":0,"9":0,"10":0,"11":0},"b":{"0":[0,0],"1":[0,0],"2":[0,0],"3":[0,0],"4":[0,0],"5":[0,0],"6":[0],"7":[0],"8":[0],"9":[0,0],"10":[0,0],"11":[0,0,0,0],"12":[0,0],"13":[0,0],"14":[0,0],"15":[0,0],"16":[0,0],"17":[0,0],"18":[0,0],"19":[0,0],"20":[0,0],"21":[0,0,0,0],"22":[0,0,0],"23":[0,0],"24":[0,0],"25":[0,0,0],"26":[0,0],"27":[0,0],"28":[0,0],"29":[0,0],"30":[0,0],"31":[0,0],"32":[0,0],"33":[0],"34":[0],"35":[0,0],"36":[0,0],"37":[0,0,0],"38":[0,0],"39":[0,0],"40":[0,0],"41":[0,0],"42":[0,0],"43":[0,0,0],"44":[0,0],"45":[0,0],"46":[0,0],"47":[0,0,0],"48":[0,0]}}
,"/Users/dominik.vbric/code/open-jii/packages/ui/src/components/checkbox.tsx": {"path":"/Users/dominik.vbric/code/open-jii/packages/ui/src/components/checkbox.tsx","statementMap":{"0":{"start":{"line":9,"column":17},"end":{"line":25,"column":null}},"1":{"start":{"line":13,"column":2},"end":{"line":24,"column":null}},"2":{"start":{"line":26,"column":0},"end":{"line":26,"column":null}}},"fnMap":{"0":{"name":"(anonymous_0)","decl":{"start":{"line":12,"column":2},"end":{"line":12,"column":3}},"loc":{"start":{"line":13,"column":2},"end":{"line":24,"column":null}}}},"branchMap":{},"s":{"0":0,"1":0,"2":0},"f":{"0":0},"b":{}}
,"/Users/dominik.vbric/code/open-jii/packages/ui/src/components/collapsible.tsx": {"path":"/Users/dominik.vbric/code/open-jii/packages/ui/src/components/collapsible.tsx","statementMap":{"0":{"start":{"line":5,"column":20},"end":{"line":5,"column":null}},"1":{"start":{"line":7,"column":27},"end":{"line":7,"column":null}},"2":{"start":{"line":9,"column":27},"end":{"line":9,"column":null}}},"fnMap":{},"branchMap":{},"s":{"0":0,"1":0,"2":0},"f":{},"b":{}}
,"/Users/dominik.vbric/code/open-jii/packages/ui/src/components/command.tsx": {"path":"/Users/dominik.vbric/code/open-jii/packages/ui/src/components/command.tsx","statementMap":{"0":{"start":{"line":10,"column":16},"end":{"line":22,"column":null}},"1":{"start":{"line":14,"column":2},"end":{"line":21,"column":null}},"2":{"start":{"line":23,"column":0},"end":{"line":23,"column":null}},"3":{"start":{"line":25,"column":22},"end":{"line":35,"column":null}},"4":{"start":{"line":26,"column":2},"end":{"line":33,"column":null}},"5":{"start":{"line":37,"column":21},"end":{"line":52,"column":null}},"6":{"start":{"line":41,"column":2},"end":{"line":51,"column":null}},"7":{"start":{"line":54,"column":0},"end":{"line":54,"column":null}},"8":{"start":{"line":56,"column":20},"end":{"line":65,"column":null}},"9":{"start":{"line":60,"column":2},"end":{"line":64,"column":null}},"10":{"start":{"line":67,"column":0},"end":{"line":67,"column":null}},"11":{"start":{"line":69,"column":21},"end":{"line":74,"column":null}},"12":{"start":{"line":73,"column":2},"end":{"line":73,"column":null}},"13":{"start":{"line":76,"column":0},"end":{"line":76,"column":null}},"14":{"start":{"line":78,"column":21},"end":{"line":90,"column":null}},"15":{"start":{"line":82,"column":2},"end":{"line":89,"column":null}},"16":{"start":{"line":92,"column":0},"end":{"line":92,"column":null}},"17":{"start":{"line":94,"column":25},"end":{"line":103,"column":null}},"18":{"start":{"line":98,"column":2},"end":{"line":102,"column":null}},"19":{"start":{"line":104,"column":0},"end":{"line":104,"column":null}},"20":{"start":{"line":106,"column":20},"end":{"line":118,"column":null}},"21":{"start":{"line":110,"column":2},"end":{"line":117,"column":null}},"22":{"start":{"line":120,"column":0},"end":{"line":120,"column":null}},"23":{"start":{"line":122,"column":24},"end":{"line":129,"column":null}},"24":{"start":{"line":123,"column":2},"end":{"line":127,"column":null}},"25":{"start":{"line":130,"column":0},"end":{"line":130,"column":null}}},"fnMap":{"0":{"name":"(anonymous_0)","decl":{"start":{"line":13,"column":2},"end":{"line":13,"column":3}},"loc":{"start":{"line":14,"column":2},"end":{"line":21,"column":null}}},"1":{"name":"(anonymous_1)","decl":{"start":{"line":25,"column":22},"end":{"line":25,"column":23}},"loc":{"start":{"line":25,"column":87},"end":{"line":35,"column":null}}},"2":{"name":"(anonymous_2)","decl":{"start":{"line":40,"column":2},"end":{"line":40,"column":3}},"loc":{"start":{"line":41,"column":2},"end":{"line":51,"column":null}}},"3":{"name":"(anonymous_3)","decl":{"start":{"line":59,"column":2},"end":{"line":59,"column":3}},"loc":{"start":{"line":60,"column":2},"end":{"line":64,"column":null}}},"4":{"name":"(anonymous_4)","decl":{"start":{"line":72,"column":2},"end":{"line":72,"column":3}},"loc":{"start":{"line":73,"column":2},"end":{"line":73,"column":null}}},"5":{"name":"(anonymous_5)","decl":{"start":{"line":81,"column":2},"end":{"line":81,"column":3}},"loc":{"start":{"line":82,"column":2},"end":{"line":89,"column":null}}},"6":{"name":"(anonymous_6)","decl":{"start":{"line":97,"column":2},"end":{"line":97,"column":3}},"loc":{"start":{"line":98,"column":2},"end":{"line":102,"column":null}}},"7":{"name":"(anonymous_7)","decl":{"start":{"line":109,"column":2},"end":{"line":109,"column":3}},"loc":{"start":{"line":110,"column":2},"end":{"line":117,"column":null}}},"8":{"name":"(anonymous_8)","decl":{"start":{"line":122,"column":24},"end":{"line":122,"column":25}},"loc":{"start":{"line":122,"column":92},"end":{"line":129,"column":null}}}},"branchMap":{},"s":{"0":0,"1":0,"2":0,"3":0,"4":0,"5":0,"6":0,"7":0,"8":0,"9":0,"10":0,"11":0,"12":0,"13":0,"14":0,"15":0,"16":0,"17":0,"18":0,"19":0,"20":0,"21":0,"22":0,"23":0,"24":0,"25":0},"f":{"0":0,"1":0,"2":0,"3":0,"4":0,"5":0,"6":0,"7":0,"8":0},"b":{}}
,"/Users/dominik.vbric/code/open-jii/packages/ui/src/components/context-menu.tsx": {"path":"/Users/dominik.vbric/code/open-jii/packages/ui/src/components/context-menu.tsx","statementMap":{"0":{"start":{"line":9,"column":20},"end":{"line":9,"column":null}},"1":{"start":{"line":11,"column":27},"end":{"line":11,"column":null}},"2":{"start":{"line":13,"column":25},"end":{"line":13,"column":null}},"3":{"start":{"line":15,"column":26},"end":{"line":15,"column":null}},"4":{"start":{"line":17,"column":23},"end":{"line":17,"column":null}},"5":{"start":{"line":19,"column":30},"end":{"line":19,"column":null}},"6":{"start":{"line":21,"column":30},"end":{"line":39,"column":null}},"7":{"start":{"line":27,"column":2},"end":{"line":38,"column":null}},"8":{"start":{"line":40,"column":0},"end":{"line":40,"column":null}},"9":{"start":{"line":42,"column":30},"end":{"line":54,"column":null}},"10":{"start":{"line":46,"column":2},"end":{"line":53,"column":null}},"11":{"start":{"line":55,"column":0},"end":{"line":55,"column":null}},"12":{"start":{"line":57,"column":27},"end":{"line":71,"column":null}},"13":{"start":{"line":61,"column":2},"end":{"line":70,"column":null}},"14":{"start":{"line":72,"column":0},"end":{"line":72,"column":null}},"15":{"start":{"line":74,"column":24},"end":{"line":89,"column":null}},"16":{"start":{"line":80,"column":2},"end":{"line":88,"column":null}},"17":{"start":{"line":90,"column":0},"end":{"line":90,"column":null}},"18":{"start":{"line":92,"column":32},"end":{"line":112,"column":null}},"19":{"start":{"line":96,"column":2},"end":{"line":111,"column":null}},"20":{"start":{"line":113,"column":0},"end":{"line":113,"column":null}},"21":{"start":{"line":115,"column":29},"end":{"line":134,"column":null}},"22":{"start":{"line":119,"column":2},"end":{"line":133,"column":null}},"23":{"start":{"line":135,"column":0},"end":{"line":135,"column":null}},"24":{"start":{"line":137,"column":25},"end":{"line":148,"column":null}},"25":{"start":{"line":143,"column":2},"end":{"line":147,"column":null}},"26":{"start":{"line":149,"column":0},"end":{"line":149,"column":null}},"27":{"start":{"line":151,"column":29},"end":{"line":160,"column":null}},"28":{"start":{"line":155,"column":2},"end":{"line":159,"column":null}},"29":{"start":{"line":161,"column":0},"end":{"line":161,"column":null}},"30":{"start":{"line":163,"column":28},"end":{"line":170,"column":null}},"31":{"start":{"line":164,"column":2},"end":{"line":168,"column":null}},"32":{"start":{"line":171,"column":0},"end":{"line":171,"column":null}}},"fnMap":{"0":{"name":"(anonymous_0)","decl":{"start":{"line":26,"column":2},"end":{"line":26,"column":3}},"loc":{"start":{"line":27,"column":2},"end":{"line":38,"column":null}}},"1":{"name":"(anonymous_1)","decl":{"start":{"line":45,"column":2},"end":{"line":45,"column":3}},"loc":{"start":{"line":46,"column":2},"end":{"line":53,"column":null}}},"2":{"name":"(anonymous_2)","decl":{"start":{"line":60,"column":2},"end":{"line":60,"column":3}},"loc":{"start":{"line":61,"column":2},"end":{"line":70,"column":null}}},"3":{"name":"(anonymous_3)","decl":{"start":{"line":79,"column":2},"end":{"line":79,"column":3}},"loc":{"start":{"line":80,"column":2},"end":{"line":88,"column":null}}},"4":{"name":"(anonymous_4)","decl":{"start":{"line":95,"column":2},"end":{"line":95,"column":3}},"loc":{"start":{"line":96,"column":2},"end":{"line":111,"column":null}}},"5":{"name":"(anonymous_5)","decl":{"start":{"line":118,"column":2},"end":{"line":118,"column":3}},"loc":{"start":{"line":119,"column":2},"end":{"line":133,"column":null}}},"6":{"name":"(anonymous_6)","decl":{"start":{"line":142,"column":2},"end":{"line":142,"column":3}},"loc":{"start":{"line":143,"column":2},"end":{"line":147,"column":null}}},"7":{"name":"(anonymous_7)","decl":{"start":{"line":154,"column":2},"end":{"line":154,"column":3}},"loc":{"start":{"line":155,"column":2},"end":{"line":159,"column":null}}},"8":{"name":"(anonymous_8)","decl":{"start":{"line":163,"column":28},"end":{"line":163,"column":29}},"loc":{"start":{"line":163,"column":96},"end":{"line":170,"column":null}}}},"branchMap":{"0":{"loc":{"start":{"line":31,"column":6},"end":{"line":31,"column":null}},"type":"binary-expr","locations":[{"start":{"line":31,"column":6},"end":{"line":31,"column":15}},{"start":{"line":31,"column":15},"end":{"line":31,"column":null}}]},"1":{"loc":{"start":{"line":84,"column":6},"end":{"line":84,"column":null}},"type":"binary-expr","locations":[{"start":{"line":84,"column":6},"end":{"line":84,"column":15}},{"start":{"line":84,"column":15},"end":{"line":84,"column":null}}]},"2":{"loc":{"start":{"line":145,"column":71},"end":{"line":145,"column":88}},"type":"binary-expr","locations":[{"start":{"line":145,"column":71},"end":{"line":145,"column":80}},{"start":{"line":145,"column":80},"end":{"line":145,"column":88}}]}},"s":{"0":0,"1":0,"2":0,"3":0,"4":0,"5":0,"6":0,"7":0,"8":0,"9":0,"10":0,"11":0,"12":0,"13":0,"14":0,"15":0,"16":0,"17":0,"18":0,"19":0,"20":0,"21":0,"22":0,"23":0,"24":0,"25":0,"26":0,"27":0,"28":0,"29":0,"30":0,"31":0,"32":0},"f":{"0":0,"1":0,"2":0,"3":0,"4":0,"5":0,"6":0,"7":0,"8":0},"b":{"0":[0,0],"1":[0,0],"2":[0,0]}}
,"/Users/dominik.vbric/code/open-jii/packages/ui/src/components/dialog.tsx": {"path":"/Users/dominik.vbric/code/open-jii/packages/ui/src/components/dialog.tsx","statementMap":{"0":{"start":{"line":9,"column":15},"end":{"line":9,"column":null}},"1":{"start":{"line":11,"column":22},"end":{"line":11,"column":null}},"2":{"start":{"line":13,"column":21},"end":{"line":13,"column":null}},"3":{"start":{"line":15,"column":20},"end":{"line":15,"column":null}},"4":{"start":{"line":17,"column":22},"end":{"line":29,"column":null}},"5":{"start":{"line":21,"column":2},"end":{"line":28,"column":null}},"6":{"start":{"line":30,"column":0},"end":{"line":30,"column":null}},"7":{"start":{"line":32,"column":22},"end":{"line":53,"column":null}},"8":{"start":{"line":36,"column":2},"end":{"line":52,"column":null}},"9":{"start":{"line":54,"column":0},"end":{"line":54,"column":null}},"10":{"start":{"line":56,"column":21},"end":{"line":57,"column":null}},"11":{"start":{"line":57,"column":2},"end":{"line":57,"column":null}},"12":{"start":{"line":59,"column":0},"end":{"line":59,"column":null}},"13":{"start":{"line":61,"column":21},"end":{"line":65,"column":null}},"14":{"start":{"line":62,"column":2},"end":{"line":65,"column":null}},"15":{"start":{"line":67,"column":0},"end":{"line":67,"column":null}},"16":{"start":{"line":69,"column":20},"end":{"line":78,"column":null}},"17":{"start":{"line":73,"column":2},"end":{"line":77,"column":null}},"18":{"start":{"line":79,"column":0},"end":{"line":79,"column":null}},"19":{"start":{"line":81,"column":26},"end":{"line":90,"column":null}},"20":{"start":{"line":85,"column":2},"end":{"line":89,"column":null}},"21":{"start":{"line":91,"column":0},"end":{"line":91,"column":null}}},"fnMap":{"0":{"name":"(anonymous_0)","decl":{"start":{"line":20,"column":2},"end":{"line":20,"column":3}},"loc":{"start":{"line":21,"column":2},"end":{"line":28,"column":null}}},"1":{"name":"(anonymous_1)","decl":{"start":{"line":35,"column":2},"end":{"line":35,"column":3}},"loc":{"start":{"line":36,"column":2},"end":{"line":52,"column":null}}},"2":{"name":"(anonymous_2)","decl":{"start":{"line":56,"column":21},"end":{"line":56,"column":22}},"loc":{"start":{"line":57,"column":2},"end":{"line":57,"column":null}}},"3":{"name":"(anonymous_3)","decl":{"start":{"line":61,"column":21},"end":{"line":61,"column":22}},"loc":{"start":{"line":62,"column":2},"end":{"line":65,"column":null}}},"4":{"name":"(anonymous_4)","decl":{"start":{"line":72,"column":2},"end":{"line":72,"column":3}},"loc":{"start":{"line":73,"column":2},"end":{"line":77,"column":null}}},"5":{"name":"(anonymous_5)","decl":{"start":{"line":84,"column":2},"end":{"line":84,"column":3}},"loc":{"start":{"line":85,"column":2},"end":{"line":89,"column":null}}}},"branchMap":{},"s":{"0":0,"1":0,"2":0,"3":0,"4":0,"5":0,"6":0,"7":0,"8":0,"9":0,"10":0,"11":0,"12":0,"13":0,"14":0,"15":0,"16":0,"17":0,"18":0,"19":0,"20":0,"21":0},"f":{"0":0,"1":0,"2":0,"3":0,"4":0,"5":0},"b":{}}
,"/Users/dominik.vbric/code/open-jii/packages/ui/src/components/drawer.tsx": {"path":"/Users/dominik.vbric/code/open-jii/packages/ui/src/components/drawer.tsx","statementMap":{"0":{"start":{"line":8,"column":15},"end":{"line":12,"column":null}},"1":{"start":{"line":12,"column":2},"end":{"line":12,"column":null}},"2":{"start":{"line":14,"column":0},"end":{"line":14,"column":null}},"3":{"start":{"line":16,"column":22},"end":{"line":16,"column":null}},"4":{"start":{"line":18,"column":21},"end":{"line":18,"column":null}},"5":{"start":{"line":20,"column":20},"end":{"line":20,"column":null}},"6":{"start":{"line":22,"column":22},"end":{"line":31,"column":null}},"7":{"start":{"line":26,"column":2},"end":{"line":30,"column":null}},"8":{"start":{"line":32,"column":0},"end":{"line":32,"column":null}},"9":{"start":{"line":34,"column":22},"end":{"line":52,"column":null}},"10":{"start":{"line":38,"column":2},"end":{"line":51,"column":null}},"11":{"start":{"line":53,"column":0},"end":{"line":53,"column":null}},"12":{"start":{"line":55,"column":21},"end":{"line":56,"column":null}},"13":{"start":{"line":56,"column":2},"end":{"line":56,"column":null}},"14":{"start":{"line":58,"column":0},"end":{"line":58,"column":null}},"15":{"start":{"line":60,"column":21},"end":{"line":61,"column":null}},"16":{"start":{"line":61,"column":2},"end":{"line":61,"column":null}},"17":{"start":{"line":63,"column":0},"end":{"line":63,"column":null}},"18":{"start":{"line":65,"column":20},"end":{"line":74,"column":null}},"19":{"start":{"line":69,"column":2},"end":{"line":73,"column":null}},"20":{"start":{"line":75,"column":0},"end":{"line":75,"column":null}},"21":{"start":{"line":77,"column":26},"end":{"line":86,"column":null}},"22":{"start":{"line":81,"column":2},"end":{"line":85,"column":null}},"23":{"start":{"line":87,"column":0},"end":{"line":87,"column":null}}},"fnMap":{"0":{"name":"(anonymous_0)","decl":{"start":{"line":8,"column":15},"end":{"line":8,"column":16}},"loc":{"start":{"line":12,"column":2},"end":{"line":12,"column":null}}},"1":{"name":"(anonymous_1)","decl":{"start":{"line":25,"column":2},"end":{"line":25,"column":3}},"loc":{"start":{"line":26,"column":2},"end":{"line":30,"column":null}}},"2":{"name":"(anonymous_2)","decl":{"start":{"line":37,"column":2},"end":{"line":37,"column":3}},"loc":{"start":{"line":38,"column":2},"end":{"line":51,"column":null}}},"3":{"name":"(anonymous_3)","decl":{"start":{"line":55,"column":21},"end":{"line":55,"column":22}},"loc":{"start":{"line":56,"column":2},"end":{"line":56,"column":null}}},"4":{"name":"(anonymous_4)","decl":{"start":{"line":60,"column":21},"end":{"line":60,"column":22}},"loc":{"start":{"line":61,"column":2},"end":{"line":61,"column":null}}},"5":{"name":"(anonymous_5)","decl":{"start":{"line":68,"column":2},"end":{"line":68,"column":3}},"loc":{"start":{"line":69,"column":2},"end":{"line":73,"column":null}}},"6":{"name":"(anonymous_6)","decl":{"start":{"line":80,"column":2},"end":{"line":80,"column":3}},"loc":{"start":{"line":81,"column":2},"end":{"line":85,"column":null}}}},"branchMap":{"0":{"loc":{"start":{"line":9,"column":2},"end":{"line":9,"column":null}},"type":"default-arg","locations":[{"start":{"line":9,"column":26},"end":{"line":9,"column":null}}]}},"s":{"0":0,"1":0,"2":0,"3":0,"4":0,"5":0,"6":0,"7":0,"8":0,"9":0,"10":0,"11":0,"12":0,"13":0,"14":0,"15":0,"16":0,"17":0,"18":0,"19":0,"20":0,"21":0,"22":0,"23":0},"f":{"0":0,"1":0,"2":0,"3":0,"4":0,"5":0,"6":0},"b":{"0":[0]}}
,"/Users/dominik.vbric/code/open-jii/packages/ui/src/components/dropdown-menu.tsx": {"path":"/Users/dominik.vbric/code/open-jii/packages/ui/src/components/dropdown-menu.tsx","statementMap":{"0":{"start":{"line":9,"column":21},"end":{"line":9,"column":null}},"1":{"start":{"line":11,"column":28},"end":{"line":11,"column":null}},"2":{"start":{"line":13,"column":26},"end":{"line":13,"column":null}},"3":{"start":{"line":15,"column":27},"end":{"line":15,"column":null}},"4":{"start":{"line":17,"column":24},"end":{"line":17,"column":null}},"5":{"start":{"line":19,"column":31},"end":{"line":19,"column":null}},"6":{"start":{"line":21,"column":31},"end":{"line":39,"column":null}},"7":{"start":{"line":27,"column":2},"end":{"line":38,"column":null}},"8":{"start":{"line":40,"column":0},"end":{"line":40,"column":null}},"9":{"start":{"line":42,"column":31},"end":{"line":54,"column":null}},"10":{"start":{"line":46,"column":2},"end":{"line":53,"column":null}},"11":{"start":{"line":55,"column":0},"end":{"line":55,"column":null}},"12":{"start":{"line":57,"column":28},"end":{"line":73,"column":null}},"13":{"start":{"line":61,"column":2},"end":{"line":72,"column":null}},"14":{"start":{"line":74,"column":0},"end":{"line":74,"column":null}},"15":{"start":{"line":76,"column":25},"end":{"line":91,"column":null}},"16":{"start":{"line":82,"column":2},"end":{"line":90,"column":null}},"17":{"start":{"line":92,"column":0},"end":{"line":92,"column":null}},"18":{"start":{"line":94,"column":33},"end":{"line":114,"column":null}},"19":{"start":{"line":98,"column":2},"end":{"line":113,"column":null}},"20":{"start":{"line":115,"column":0},"end":{"line":115,"column":null}},"21":{"start":{"line":117,"column":30},"end":{"line":136,"column":null}},"22":{"start":{"line":121,"column":2},"end":{"line":135,"column":null}},"23":{"start":{"line":137,"column":0},"end":{"line":137,"column":null}},"24":{"start":{"line":139,"column":26},"end":{"line":150,"column":null}},"25":{"start":{"line":145,"column":2},"end":{"line":149,"column":null}},"26":{"start":{"line":151,"column":0},"end":{"line":151,"column":null}},"27":{"start":{"line":153,"column":30},"end":{"line":162,"column":null}},"28":{"start":{"line":157,"column":2},"end":{"line":161,"column":null}},"29":{"start":{"line":163,"column":0},"end":{"line":163,"column":null}},"30":{"start":{"line":165,"column":29},"end":{"line":169,"column":null}},"31":{"start":{"line":166,"column":2},"end":{"line":167,"column":null}},"32":{"start":{"line":170,"column":0},"end":{"line":170,"column":null}}},"fnMap":{"0":{"name":"(anonymous_0)","decl":{"start":{"line":26,"column":2},"end":{"line":26,"column":3}},"loc":{"start":{"line":27,"column":2},"end":{"line":38,"column":null}}},"1":{"name":"(anonymous_1)","decl":{"start":{"line":45,"column":2},"end":{"line":45,"column":3}},"loc":{"start":{"line":46,"column":2},"end":{"line":53,"column":null}}},"2":{"name":"(anonymous_2)","decl":{"start":{"line":60,"column":2},"end":{"line":60,"column":3}},"loc":{"start":{"line":61,"column":2},"end":{"line":72,"column":null}}},"3":{"name":"(anonymous_3)","decl":{"start":{"line":81,"column":2},"end":{"line":81,"column":3}},"loc":{"start":{"line":82,"column":2},"end":{"line":90,"column":null}}},"4":{"name":"(anonymous_4)","decl":{"start":{"line":97,"column":2},"end":{"line":97,"column":3}},"loc":{"start":{"line":98,"column":2},"end":{"line":113,"column":null}}},"5":{"name":"(anonymous_5)","decl":{"start":{"line":120,"column":2},"end":{"line":120,"column":3}},"loc":{"start":{"line":121,"column":2},"end":{"line":135,"column":null}}},"6":{"name":"(anonymous_6)","decl":{"start":{"line":144,"column":2},"end":{"line":144,"column":3}},"loc":{"start":{"line":145,"column":2},"end":{"line":149,"column":null}}},"7":{"name":"(anonymous_7)","decl":{"start":{"line":156,"column":2},"end":{"line":156,"column":3}},"loc":{"start":{"line":157,"column":2},"end":{"line":161,"column":null}}},"8":{"name":"(anonymous_8)","decl":{"start":{"line":165,"column":29},"end":{"line":165,"column":30}},"loc":{"start":{"line":165,"column":97},"end":{"line":169,"column":null}}}},"branchMap":{"0":{"loc":{"start":{"line":31,"column":6},"end":{"line":31,"column":null}},"type":"binary-expr","locations":[{"start":{"line":31,"column":6},"end":{"line":31,"column":15}},{"start":{"line":31,"column":15},"end":{"line":31,"column":null}}]},"1":{"loc":{"start":{"line":60,"column":16},"end":{"line":60,"column":32}},"type":"default-arg","locations":[{"start":{"line":60,"column":29},"end":{"line":60,"column":32}}]},"2":{"loc":{"start":{"line":86,"column":6},"end":{"line":86,"column":null}},"type":"binary-expr","locations":[{"start":{"line":86,"column":6},"end":{"line":86,"column":15}},{"start":{"line":86,"column":15},"end":{"line":86,"column":null}}]},"3":{"loc":{"start":{"line":147,"column":55},"end":{"line":147,"column":72}},"type":"binary-expr","locations":[{"start":{"line":147,"column":55},"end":{"line":147,"column":64}},{"start":{"line":147,"column":64},"end":{"line":147,"column":72}}]}},"s":{"0":0,"1":0,"2":0,"3":0,"4":0,"5":0,"6":0,"7":0,"8":0,"9":0,"10":0,"11":0,"12":0,"13":0,"14":0,"15":0,"16":0,"17":0,"18":0,"19":0,"20":0,"21":0,"22":0,"23":0,"24":0,"25":0,"26":0,"27":0,"28":0,"29":0,"30":0,"31":0,"32":0},"f":{"0":0,"1":0,"2":0,"3":0,"4":0,"5":0,"6":0,"7":0,"8":0},"b":{"0":[0,0],"1":[0],"2":[0,0],"3":[0,0]}}
,"/Users/dominik.vbric/code/open-jii/packages/ui/src/components/form.tsx": {"path":"/Users/dominik.vbric/code/open-jii/packages/ui/src/components/form.tsx","statementMap":{"0":{"start":{"line":12,"column":13},"end":{"line":12,"column":null}},"1":{"start":{"line":21,"column":25},"end":{"line":21,"column":null}},"2":{"start":{"line":23,"column":18},"end":{"line":34,"column":null}},"3":{"start":{"line":29,"column":2},"end":{"line":32,"column":null}},"4":{"start":{"line":36,"column":21},"end":{"line":57,"column":null}},"5":{"start":{"line":37,"column":23},"end":{"line":37,"column":null}},"6":{"start":{"line":38,"column":22},"end":{"line":38,"column":null}},"7":{"start":{"line":39,"column":39},"end":{"line":39,"column":null}},"8":{"start":{"line":41,"column":21},"end":{"line":41,"column":null}},"9":{"start":{"line":43,"column":2},"end":{"line":45,"column":null}},"10":{"start":{"line":44,"column":4},"end":{"line":44,"column":null}},"11":{"start":{"line":47,"column":17},"end":{"line":47,"column":null}},"12":{"start":{"line":49,"column":2},"end":{"line":56,"column":null}},"13":{"start":{"line":63,"column":24},"end":{"line":63,"column":null}},"14":{"start":{"line":65,"column":17},"end":{"line":75,"column":null}},"15":{"start":{"line":67,"column":15},"end":{"line":67,"column":null}},"16":{"start":{"line":69,"column":4},"end":{"line":72,"column":null}},"17":{"start":{"line":76,"column":0},"end":{"line":76,"column":null}},"18":{"start":{"line":78,"column":18},"end":{"line":92,"column":null}},"19":{"start":{"line":82,"column":32},"end":{"line":82,"column":null}},"20":{"start":{"line":84,"column":2},"end":{"line":90,"column":null}},"21":{"start":{"line":93,"column":0},"end":{"line":93,"column":null}},"22":{"start":{"line":95,"column":20},"end":{"line":110,"column":null}},"23":{"start":{"line":99,"column":66},"end":{"line":99,"column":null}},"24":{"start":{"line":101,"column":2},"end":{"line":108,"column":null}},"25":{"start":{"line":111,"column":0},"end":{"line":111,"column":null}},"26":{"start":{"line":113,"column":24},"end":{"line":127,"column":null}},"27":{"start":{"line":117,"column":32},"end":{"line":117,"column":null}},"28":{"start":{"line":119,"column":2},"end":{"line":125,"column":null}},"29":{"start":{"line":128,"column":0},"end":{"line":128,"column":null}},"30":{"start":{"line":130,"column":20},"end":{"line":151,"column":null}},"31":{"start":{"line":134,"column":35},"end":{"line":134,"column":null}},"32":{"start":{"line":135,"column":15},"end":{"line":135,"column":null}},"33":{"start":{"line":137,"column":2},"end":{"line":139,"column":null}},"34":{"start":{"line":138,"column":4},"end":{"line":138,"column":null}},"35":{"start":{"line":141,"column":2},"end":{"line":149,"column":null}},"36":{"start":{"line":152,"column":0},"end":{"line":152,"column":null}}},"fnMap":{"0":{"name":"(anonymous_0)","decl":{"start":{"line":23,"column":18},"end":{"line":23,"column":null}},"loc":{"start":{"line":28,"column":44},"end":{"line":34,"column":null}}},"1":{"name":"(anonymous_1)","decl":{"start":{"line":36,"column":21},"end":{"line":36,"column":27}},"loc":{"start":{"line":36,"column":27},"end":{"line":57,"column":null}}},"2":{"name":"(anonymous_2)","decl":{"start":{"line":66,"column":2},"end":{"line":66,"column":3}},"loc":{"start":{"line":66,"column":36},"end":{"line":74,"column":null}}},"3":{"name":"(anonymous_3)","decl":{"start":{"line":81,"column":2},"end":{"line":81,"column":3}},"loc":{"start":{"line":81,"column":36},"end":{"line":92,"column":1}}},"4":{"name":"(anonymous_4)","decl":{"start":{"line":98,"column":2},"end":{"line":98,"column":3}},"loc":{"start":{"line":98,"column":25},"end":{"line":110,"column":1}}},"5":{"name":"(anonymous_5)","decl":{"start":{"line":116,"column":2},"end":{"line":116,"column":3}},"loc":{"start":{"line":116,"column":36},"end":{"line":127,"column":1}}},"6":{"name":"(anonymous_6)","decl":{"start":{"line":133,"column":2},"end":{"line":133,"column":3}},"loc":{"start":{"line":133,"column":46},"end":{"line":151,"column":1}}}},"branchMap":{"0":{"loc":{"start":{"line":43,"column":2},"end":{"line":45,"column":null}},"type":"if","locations":[{"start":{"line":43,"column":2},"end":{"line":45,"column":null}},{"start":{},"end":{}}]},"1":{"loc":{"start":{"line":87,"column":20},"end":{"line":87,"column":49}},"type":"binary-expr","locations":[{"start":{"line":87,"column":20},"end":{"line":87,"column":29}},{"start":{"line":87,"column":29},"end":{"line":87,"column":49}}]},"2":{"loc":{"start":{"line":105,"column":24},"end":{"line":105,"column":null}},"type":"cond-expr","locations":[{"start":{"line":105,"column":33},"end":{"line":105,"column":58}},{"start":{"line":105,"column":58},"end":{"line":105,"column":null}}]},"3":{"loc":{"start":{"line":135,"column":15},"end":{"line":135,"column":null}},"type":"cond-expr","locations":[{"start":{"line":135,"column":23},"end":{"line":135,"column":54}},{"start":{"line":135,"column":54},"end":{"line":135,"column":null}}]},"4":{"loc":{"start":{"line":135,"column":30},"end":{"line":135,"column":50}},"type":"binary-expr","locations":[{"start":{"line":135,"column":30},"end":{"line":135,"column":48}},{"start":{"line":135,"column":48},"end":{"line":135,"column":50}}]},"5":{"loc":{"start":{"line":137,"column":2},"end":{"line":139,"column":null}},"type":"if","locations":[{"start":{"line":137,"column":2},"end":{"line":139,"column":null}},{"start":{},"end":{}}]}},"s":{"0":0,"1":0,"2":0,"3":0,"4":0,"5":0,"6":0,"7":0,"8":0,"9":0,"10":0,"11":0,"12":0,"13":0,"14":0,"15":0,"16":0,"17":0,"18":0,"19":0,"20":0,"21":0,"22":0,"23":0,"24":0,"25":0,"26":0,"27":0,"28":0,"29":0,"30":0,"31":0,"32":0,"33":0,"34":0,"35":0,"36":0},"f":{"0":0,"1":0,"2":0,"3":0,"4":0,"5":0,"6":0},"b":{"0":[0,0],"1":[0,0],"2":[0,0],"3":[0,0],"4":[0,0],"5":[0,0]}}
,"/Users/dominik.vbric/code/open-jii/packages/ui/src/components/hover-card.tsx": {"path":"/Users/dominik.vbric/code/open-jii/packages/ui/src/components/hover-card.tsx","statementMap":{"0":{"start":{"line":8,"column":18},"end":{"line":8,"column":null}},"1":{"start":{"line":10,"column":25},"end":{"line":10,"column":null}},"2":{"start":{"line":12,"column":25},"end":{"line":26,"column":null}},"3":{"start":{"line":16,"column":2},"end":{"line":25,"column":null}},"4":{"start":{"line":27,"column":0},"end":{"line":27,"column":null}}},"fnMap":{"0":{"name":"(anonymous_0)","decl":{"start":{"line":15,"column":2},"end":{"line":15,"column":3}},"loc":{"start":{"line":16,"column":2},"end":{"line":25,"column":null}}}},"branchMap":{"0":{"loc":{"start":{"line":15,"column":16},"end":{"line":15,"column":34}},"type":"default-arg","locations":[{"start":{"line":15,"column":24},"end":{"line":15,"column":34}}]},"1":{"loc":{"start":{"line":15,"column":34},"end":{"line":15,"column":50}},"type":"default-arg","locations":[{"start":{"line":15,"column":47},"end":{"line":15,"column":50}}]}},"s":{"0":0,"1":0,"2":0,"3":0,"4":0},"f":{"0":0},"b":{"0":[0],"1":[0]}}
,"/Users/dominik.vbric/code/open-jii/packages/ui/src/components/icons.tsx": {"path":"/Users/dominik.vbric/code/open-jii/packages/ui/src/components/icons.tsx","statementMap":{"0":{"start":{"line":3,"column":21},"end":{"line":3,"column":null}}},"fnMap":{},"branchMap":{},"s":{"0":0},"f":{},"b":{}}
,"/Users/dominik.vbric/code/open-jii/packages/ui/src/components/input-otp.tsx": {"path":"/Users/dominik.vbric/code/open-jii/packages/ui/src/components/input-otp.tsx","statementMap":{"0":{"start":{"line":9,"column":17},"end":{"line":22,"column":null}},"1":{"start":{"line":13,"column":2},"end":{"line":21,"column":null}},"2":{"start":{"line":23,"column":0},"end":{"line":23,"column":null}},"3":{"start":{"line":25,"column":22},"end":{"line":30,"column":null}},"4":{"start":{"line":29,"column":2},"end":{"line":29,"column":null}},"5":{"start":{"line":31,"column":0},"end":{"line":31,"column":null}},"6":{"start":{"line":33,"column":21},"end":{"line":62,"column":null}},"7":{"start":{"line":37,"column":26},"end":{"line":37,"column":null}},"8":{"start":{"line":38,"column":43},"end":{"line":42,"column":null}},"9":{"start":{"line":44,"column":2},"end":{"line":60,"column":null}},"10":{"start":{"line":63,"column":0},"end":{"line":63,"column":null}},"11":{"start":{"line":65,"column":26},"end":{"line":72,"column":null}},"12":{"start":{"line":69,"column":2},"end":{"line":71,"column":null}},"13":{"start":{"line":73,"column":0},"end":{"line":73,"column":null}}},"fnMap":{"0":{"name":"(anonymous_0)","decl":{"start":{"line":12,"column":2},"end":{"line":12,"column":3}},"loc":{"start":{"line":13,"column":2},"end":{"line":21,"column":null}}},"1":{"name":"(anonymous_1)","decl":{"start":{"line":28,"column":2},"end":{"line":28,"column":3}},"loc":{"start":{"line":29,"column":2},"end":{"line":29,"column":null}}},"2":{"name":"(anonymous_2)","decl":{"start":{"line":36,"column":2},"end":{"line":36,"column":3}},"loc":{"start":{"line":36,"column":43},"end":{"line":62,"column":1}}},"3":{"name":"(anonymous_3)","decl":{"start":{"line":68,"column":2},"end":{"line":68,"column":3}},"loc":{"start":{"line":69,"column":2},"end":{"line":71,"column":null}}}},"branchMap":{"0":{"loc":{"start":{"line":38,"column":43},"end":{"line":42,"column":null}},"type":"binary-expr","locations":[{"start":{"line":38,"column":43},"end":{"line":38,"column":75}},{"start":{"line":38,"column":75},"end":{"line":42,"column":null}}]},"1":{"loc":{"start":{"line":49,"column":8},"end":{"line":49,"column":null}},"type":"binary-expr","locations":[{"start":{"line":49,"column":8},"end":{"line":49,"column":20}},{"start":{"line":49,"column":20},"end":{"line":49,"column":null}}]},"2":{"loc":{"start":{"line":55,"column":7},"end":{"line":58,"column":null}},"type":"binary-expr","locations":[{"start":{"line":55,"column":7},"end":{"line":55,"column":null}},{"start":{"line":56,"column":8},"end":{"line":58,"column":null}}]}},"s":{"0":0,"1":0,"2":0,"3":0,"4":0,"5":0,"6":0,"7":0,"8":0,"9":0,"10":0,"11":0,"12":0,"13":0},"f":{"0":0,"1":0,"2":0,"3":0},"b":{"0":[0,0],"1":[0,0],"2":[0,0]}}
,"/Users/dominik.vbric/code/open-jii/packages/ui/src/components/input.tsx": {"path":"/Users/dominik.vbric/code/open-jii/packages/ui/src/components/input.tsx","statementMap":{"0":{"start":{"line":7,"column":14},"end":{"line":21,"column":null}},"1":{"start":{"line":9,"column":4},"end":{"line":18,"column":null}},"2":{"start":{"line":22,"column":0},"end":{"line":22,"column":null}}},"fnMap":{"0":{"name":"(anonymous_0)","decl":{"start":{"line":8,"column":2},"end":{"line":8,"column":3}},"loc":{"start":{"line":8,"column":42},"end":{"line":20,"column":null}}}},"branchMap":{},"s":{"0":0,"1":0,"2":0},"f":{"0":0},"b":{}}
[...]
,"/Users/dominik.vbric/code/open-jii/packages/ui/src/components/toast.tsx": {"path":"/Users/dominik.vbric/code/open-jii/packages/ui/src/components/toast.tsx","statementMap":{"0":{"start":{"line":10,"column":22},"end":{"line":10,"column":null}},"1":{"start":{"line":12,"column":22},"end":{"line":24,"column":null}},"2":{"start":{"line":16,"column":2},"end":{"line":23,"column":null}},"3":{"start":{"line":25,"column":0},"end":{"line":25,"column":null}},"4":{"start":{"line":27,"column":22},"end":{"line":41,"column":null}},"5":{"start":{"line":43,"column":14},"end":{"line":54,"column":null}},"6":{"start":{"line":47,"column":2},"end":{"line":52,"column":null}},"7":{"start":{"line":55,"column":0},"end":{"line":55,"column":null}},"8":{"start":{"line":57,"column":20},"end":{"line":69,"column":null}},"9":{"start":{"line":61,"column":2},"end":{"line":68,"column":null}},"10":{"start":{"line":70,"column":0},"end":{"line":70,"column":null}},"11":{"start":{"line":72,"column":19},"end":{"line":87,"column":null}},"12":{"start":{"line":76,"column":2},"end":{"line":86,"column":null}},"13":{"start":{"line":88,"column":0},"end":{"line":88,"column":null}},"14":{"start":{"line":90,"column":19},"end":{"line":99,"column":null}},"15":{"start":{"line":94,"column":2},"end":{"line":98,"column":null}},"16":{"start":{"line":100,"column":0},"end":{"line":100,"column":null}},"17":{"start":{"line":102,"column":25},"end":{"line":111,"column":null}},"18":{"start":{"line":106,"column":2},"end":{"line":110,"column":null}},"19":{"start":{"line":112,"column":0},"end":{"line":112,"column":null}}},"fnMap":{"0":{"name":"(anonymous_0)","decl":{"start":{"line":15,"column":2},"end":{"line":15,"column":3}},"loc":{"start":{"line":16,"column":2},"end":{"line":23,"column":null}}},"1":{"name":"(anonymous_1)","decl":{"start":{"line":46,"column":2},"end":{"line":46,"column":3}},"loc":{"start":{"line":46,"column":45},"end":{"line":54,"column":1}}},"2":{"name":"(anonymous_2)","decl":{"start":{"line":60,"column":2},"end":{"line":60,"column":3}},"loc":{"start":{"line":61,"column":2},"end":{"line":68,"column":null}}},"3":{"name":"(anonymous_3)","decl":{"start":{"line":75,"column":2},"end":{"line":75,"column":3}},"loc":{"start":{"line":76,"column":2},"end":{"line":86,"column":null}}},"4":{"name":"(anonymous_4)","decl":{"start":{"line":93,"column":2},"end":{"line":93,"column":3}},"loc":{"start":{"line":94,"column":2},"end":{"line":98,"column":null}}},"5":{"name":"(anonymous_5)","decl":{"start":{"line":105,"column":2},"end":{"line":105,"column":3}},"loc":{"start":{"line":106,"column":2},"end":{"line":110,"column":null}}}},"branchMap":{},"s":{"0":0,"1":0,"2":0,"3":0,"4":0,"5":0,"6":0,"7":0,"8":0,"9":0,"10":0,"11":0,"12":0,"13":0,"14":0,"15":0,"16":0,"17":0,"18":0,"19":0},"f":{"0":0,"1":0,"2":0,"3":0,"4":0,"5":0},"b":{}}
,"/Users/dominik.vbric/code/open-jii/packages/ui/src/components/toaster.tsx": {"path":"/Users/dominik.vbric/code/open-jii/packages/ui/src/components/toaster.tsx","statementMap":{"0":{"start":{"line":14,"column":21},"end":{"line":14,"column":null}},"1":{"start":{"line":16,"column":2},"end":{"line":31,"column":null}},"2":{"start":{"line":19,"column":8},"end":{"line":27,"column":null}}},"fnMap":{"0":{"name":"Toaster","decl":{"start":{"line":13,"column":16},"end":{"line":13,"column":26}},"loc":{"start":{"line":13,"column":26},"end":{"line":33,"column":null}}},"1":{"name":"(anonymous_1)","decl":{"start":{"line":18,"column":18},"end":{"line":18,"column":28}},"loc":{"start":{"line":18,"column":74},"end":{"line":29,"column":7}}}},"branchMap":{"0":{"loc":{"start":{"line":22,"column":15},"end":{"line":22,"column":null}},"type":"binary-expr","locations":[{"start":{"line":22,"column":15},"end":{"line":22,"column":24}},{"start":{"line":22,"column":24},"end":{"line":22,"column":null}}]},"1":{"loc":{"start":{"line":23,"column":15},"end":{"line":23,"column":null}},"type":"binary-expr","locations":[{"start":{"line":23,"column":15},"end":{"line":23,"column":30}},{"start":{"line":23,"column":30},"end":{"line":23,"column":null}}]}},"s":{"0":0,"1":0,"2":0},"f":{"0":0,"1":0},"b":{"0":[0,0],"1":[0,0]}}
,"/Users/dominik.vbric/code/open-jii/packages/ui/src/components/toggle-group.tsx": {"path":"/Users/dominik.vbric/code/open-jii/packages/ui/src/components/toggle-group.tsx","statementMap":{"0":{"start":{"line":10,"column":27},"end":{"line":13,"column":null}},"1":{"start":{"line":15,"column":20},"end":{"line":27,"column":null}},"2":{"start":{"line":20,"column":2},"end":{"line":26,"column":null}},"3":{"start":{"line":29,"column":0},"end":{"line":29,"column":null}},"4":{"start":{"line":31,"column":24},"end":{"line":53,"column":null}},"5":{"start":{"line":36,"column":18},"end":{"line":36,"column":null}},"6":{"start":{"line":38,"column":2},"end":{"line":51,"column":null}},"7":{"start":{"line":55,"column":0},"end":{"line":55,"column":null}}},"fnMap":{"0":{"name":"(anonymous_0)","decl":{"start":{"line":19,"column":2},"end":{"line":19,"column":3}},"loc":{"start":{"line":20,"column":2},"end":{"line":26,"column":null}}},"1":{"name":"(anonymous_1)","decl":{"start":{"line":35,"column":2},"end":{"line":35,"column":3}},"loc":{"start":{"line":35,"column":61},"end":{"line":53,"column":1}}}},"branchMap":{"0":{"loc":{"start":{"line":43,"column":19},"end":{"line":43,"column":null}},"type":"binary-expr","locations":[{"start":{"line":43,"column":19},"end":{"line":43,"column":38}},{"start":{"line":43,"column":38},"end":{"line":43,"column":null}}]},"1":{"loc":{"start":{"line":44,"column":16},"end":{"line":44,"column":null}},"type":"binary-expr","locations":[{"start":{"line":44,"column":16},"end":{"line":44,"column":32}},{"start":{"line":44,"column":32},"end":{"line":44,"column":null}}]}},"s":{"0":0,"1":0,"2":0,"3":0,"4":0,"5":0,"6":0,"7":0},"f":{"0":0,"1":0},"b":{"0":[0,0],"1":[0,0]}}
,"/Users/dominik.vbric/code/open-jii/packages/ui/src/components/toggle.tsx": {"path":"/Users/dominik.vbric/code/open-jii/packages/ui/src/components/toggle.tsx","statementMap":{"0":{"start":{"line":10,"column":23},"end":{"line":30,"column":null}},"1":{"start":{"line":32,"column":15},"end":{"line":41,"column":null}},"2":{"start":{"line":36,"column":2},"end":{"line":40,"column":null}},"3":{"start":{"line":43,"column":0},"end":{"line":43,"column":null}}},"fnMap":{"0":{"name":"(anonymous_0)","decl":{"start":{"line":35,"column":2},"end":{"line":35,"column":3}},"loc":{"start":{"line":36,"column":2},"end":{"line":40,"column":null}}}},"branchMap":{},"s":{"0":0,"1":0,"2":0,"3":0},"f":{"0":0},"b":{}}
,"/Users/dominik.vbric/code/open-jii/packages/ui/src/components/tooltip.tsx": {"path":"/Users/dominik.vbric/code/open-jii/packages/ui/src/components/tooltip.tsx","statementMap":{"0":{"start":{"line":8,"column":24},"end":{"line":8,"column":null}},"1":{"start":{"line":10,"column":16},"end":{"line":10,"column":null}},"2":{"start":{"line":12,"column":23},"end":{"line":12,"column":null}},"3":{"start":{"line":14,"column":23},"end":{"line":29,"column":null}},"4":{"start":{"line":18,"column":2},"end":{"line":28,"column":null}},"5":{"start":{"line":30,"column":0},"end":{"line":30,"column":null}}},"fnMap":{"0":{"name":"(anonymous_0)","decl":{"start":{"line":17,"column":2},"end":{"line":17,"column":3}},"loc":{"start":{"line":18,"column":2},"end":{"line":28,"column":null}}}},"branchMap":{"0":{"loc":{"start":{"line":17,"column":16},"end":{"line":17,"column":32}},"type":"default-arg","locations":[{"start":{"line":17,"column":29},"end":{"line":17,"column":32}}]}},"s":{"0":0,"1":0,"2":0,"3":0,"4":0,"5":0},"f":{"0":0},"b":{"0":[0]}}
,"/Users/dominik.vbric/code/open-jii/packages/ui/src/hooks/use-mobile.tsx": {"path":"/Users/dominik.vbric/code/open-jii/packages/ui/src/hooks/use-mobile.tsx","statementMap":{"0":{"start":{"line":3,"column":26},"end":{"line":3,"column":null}},"1":{"start":{"line":6,"column":34},"end":{"line":6,"column":null}},"2":{"start":{"line":8,"column":2},"end":{"line":16,"column":null}},"3":{"start":{"line":9,"column":16},"end":{"line":9,"column":null}},"4":{"start":{"line":10,"column":21},"end":{"line":12,"column":null}},"5":{"start":{"line":11,"column":6},"end":{"line":11,"column":null}},"6":{"start":{"line":13,"column":4},"end":{"line":13,"column":null}},"7":{"start":{"line":14,"column":4},"end":{"line":14,"column":null}},"8":{"start":{"line":15,"column":4},"end":{"line":15,"column":null}},"9":{"start":{"line":15,"column":17},"end":{"line":15,"column":null}},"10":{"start":{"line":18,"column":2},"end":{"line":18,"column":null}}},"fnMap":{"0":{"name":"useIsMobile","decl":{"start":{"line":5,"column":16},"end":{"line":5,"column":30}},"loc":{"start":{"line":5,"column":30},"end":{"line":19,"column":null}}},"1":{"name":"(anonymous_1)","decl":{"start":{"line":8,"column":18},"end":{"line":8,"column":24}},"loc":{"start":{"line":8,"column":24},"end":{"line":16,"column":5}}},"2":{"name":"(anonymous_2)","decl":{"start":{"line":10,"column":21},"end":{"line":10,"column":27}},"loc":{"start":{"line":10,"column":27},"end":{"line":12,"column":null}}},"3":{"name":"(anonymous_3)","decl":{"start":{"line":15,"column":11},"end":{"line":15,"column":17}},"loc":{"start":{"line":15,"column":17},"end":{"line":15,"column":null}}}},"branchMap":{},"s":{"0":0,"1":0,"2":0,"3":0,"4":0,"5":0,"6":0,"7":0,"8":0,"9":0,"10":0},"f":{"0":0,"1":0,"2":0,"3":0},"b":{}}
,"/Users/dominik.vbric/code/open-jii/packages/ui/src/hooks/use-toast.ts": {"path":"/Users/dominik.vbric/code/open-jii/packages/ui/src/hooks/use-toast.ts","statementMap":{"0":{"start":{"line":8,"column":20},"end":{"line":8,"column":null}},"1":{"start":{"line":9,"column":27},"end":{"line":9,"column":null}},"2":{"start":{"line":18,"column":20},"end":{"line":23,"column":null}},"3":{"start":{"line":25,"column":12},"end":{"line":25,"column":null}},"4":{"start":{"line":28,"column":2},"end":{"line":28,"column":null}},"5":{"start":{"line":29,"column":2},"end":{"line":29,"column":null}},"6":{"start":{"line":56,"column":22},"end":{"line":56,"column":null}},"7":{"start":{"line":58,"column":25},"end":{"line":72,"column":null}},"8":{"start":{"line":59,"column":2},"end":{"line":61,"column":null}},"9":{"start":{"line":60,"column":4},"end":{"line":60,"column":null}},"10":{"start":{"line":63,"column":18},"end":{"line":69,"column":null}},"11":{"start":{"line":64,"column":4},"end":{"line":64,"column":null}},"12":{"start":{"line":65,"column":4},"end":{"line":68,"column":null}},"13":{"start":{"line":71,"column":2},"end":{"line":71,"column":null}},"14":{"start":{"line":74,"column":23},"end":{"line":125,"column":null}},"15":{"start":{"line":75,"column":2},"end":{"line":124,"column":null}},"16":{"start":{"line":77,"column":6},"end":{"line":80,"column":null}},"17":{"start":{"line":83,"column":6},"end":{"line":86,"column":null}},"18":{"start":{"line":85,"column":41},"end":{"line":85,"column":98}},"19":{"start":{"line":89,"column":26},"end":{"line":89,"column":null}},"20":{"start":{"line":93,"column":6},"end":{"line":99,"column":null}},"21":{"start":{"line":94,"column":8},"end":{"line":94,"column":null}},"22":{"start":{"line":96,"column":8},"end":{"line":98,"column":null}},"23":{"start":{"line":97,"column":10},"end":{"line":97,"column":null}},"24":{"start":{"line":101,"column":6},"end":{"line":111,"column":null}},"25":{"start":{"line":104,"column":10},"end":{"line":109,"column":null}},"26":{"start":{"line":114,"column":6},"end":{"line":119,"column":null}},"27":{"start":{"line":115,"column":8},"end":{"line":118,"column":null}},"28":{"start":{"line":120,"column":6},"end":{"line":123,"column":null}},"29":{"start":{"line":122,"column":43},"end":{"line":122,"column":66}},"30":{"start":{"line":127,"column":49},"end":{"line":127,"column":null}},"31":{"start":{"line":129,"column":25},"end":{"line":129,"column":null}},"32":{"start":{"line":132,"column":2},"end":{"line":132,"column":null}},"33":{"start":{"line":133,"column":2},"end":{"line":135,"column":null}},"34":{"start":{"line":134,"column":4},"end":{"line":134,"column":null}},"35":{"start":{"line":141,"column":13},"end":{"line":141,"column":null}},"36":{"start":{"line":143,"column":17},"end":{"line":147,"column":null}},"37":{"start":{"line":144,"column":4},"end":{"line":147,"column":null}},"38":{"start":{"line":148,"column":18},"end":{"line":148,"column":null}},"39":{"start":{"line":148,"column":24},"end":{"line":148,"column":null}},"40":{"start":{"line":150,"column":2},"end":{"line":160,"column":null}},"41":{"start":{"line":157,"column":8},"end":{"line":157,"column":null}},"42":{"start":{"line":157,"column":19},"end":{"line":157,"column":null}},"43":{"start":{"line":162,"column":2},"end":{"line":166,"column":null}},"44":{"start":{"line":170,"column":28},"end":{"line":170,"column":null}},"45":{"start":{"line":172,"column":2},"end":{"line":180,"column":null}},"46":{"start":{"line":173,"column":4},"end":{"line":173,"column":null}},"47":{"start":{"line":174,"column":4},"end":{"line":179,"column":null}},"48":{"start":{"line":175,"column":20},"end":{"line":175,"column":null}},"49":{"start":{"line":176,"column":6},"end":{"line":178,"column":null}},"50":{"start":{"line":177,"column":8},"end":{"line":177,"column":null}},"51":{"start":{"line":182,"column":2},"end":{"line":186,"column":null}},"52":{"start":{"line":185,"column":35},"end":{"line":185,"column":null}}},"fnMap":{"0":{"name":"genId","decl":{"start":{"line":27,"column":9},"end":{"line":27,"column":17}},"loc":{"start":{"line":27,"column":17},"end":{"line":30,"column":null}}},"1":{"name":"(anonymous_1)","decl":{"start":{"line":58,"column":25},"end":{"line":58,"column":26}},"loc":{"start":{"line":58,"column":46},"end":{"line":72,"column":null}}},"2":{"name":"(anonymous_2)","decl":{"start":{"line":63,"column":29},"end":{"line":63,"column":35}},"loc":{"start":{"line":63,"column":35},"end":{"line":69,"column":5}}},"3":{"name":"(anonymous_3)","decl":{"start":{"line":74,"column":23},"end":{"line":74,"column":24}},"loc":{"start":{"line":74,"column":64},"end":{"line":125,"column":null}}},"4":{"name":"(anonymous_4)","decl":{"start":{"line":85,"column":33},"end":{"line":85,"column":34}},"loc":{"start":{"line":85,"column":41},"end":{"line":85,"column":98}}},"5":{"name":"(anonymous_5)","decl":{"start":{"line":96,"column":29},"end":{"line":96,"column":30}},"loc":{"start":{"line":96,"column":40},"end":{"line":98,"column":9}}},"6":{"name":"(anonymous_6)","decl":{"start":{"line":103,"column":33},"end":{"line":103,"column":34}},"loc":{"start":{"line":104,"column":10},"end":{"line":109,"column":null}}},"7":{"name":"(anonymous_7)","decl":{"start":{"line":122,"column":36},"end":{"line":122,"column":37}},"loc":{"start":{"line":122,"column":43},"end":{"line":122,"column":66}}},"8":{"name":"dispatch","decl":{"start":{"line":131,"column":9},"end":{"line":131,"column":18}},"loc":{"start":{"line":131,"column":34},"end":{"line":136,"column":null}}},"9":{"name":"(anonymous_9)","decl":{"start":{"line":133,"column":20},"end":{"line":133,"column":21}},"loc":{"start":{"line":133,"column":34},"end":{"line":135,"column":3}}},"10":{"name":"toast","decl":{"start":{"line":140,"column":9},"end":{"line":140,"column":15}},"loc":{"start":{"line":140,"column":36},"end":{"line":167,"column":null}}},"11":{"name":"(anonymous_11)","decl":{"start":{"line":143,"column":17},"end":{"line":143,"column":18}},"loc":{"start":{"line":144,"column":4},"end":{"line":147,"column":null}}},"12":{"name":"(anonymous_12)","decl":{"start":{"line":148,"column":18},"end":{"line":148,"column":24}},"loc":{"start":{"line":148,"column":24},"end":{"line":148,"column":null}}},"13":{"name":"(anonymous_13)","decl":{"start":{"line":156,"column":20},"end":{"line":156,"column":21}},"loc":{"start":{"line":156,"column":30},"end":{"line":158,"column":null}}},"14":{"name":"useToast","decl":{"start":{"line":169,"column":9},"end":{"line":169,"column":20}},"loc":{"start":{"line":169,"column":20},"end":{"line":187,"column":null}}},"15":{"name":"(anonymous_15)","decl":{"start":{"line":172,"column":18},"end":{"line":172,"column":24}},"loc":{"start":{"line":172,"column":24},"end":{"line":180,"column":5}}},"16":{"name":"(anonymous_16)","decl":{"start":{"line":174,"column":11},"end":{"line":174,"column":17}},"loc":{"start":{"line":174,"column":17},"end":{"line":179,"column":null}}},"17":{"name":"(anonymous_17)","decl":{"start":{"line":185,"column":13},"end":{"line":185,"column":14}},"loc":{"start":{"line":185,"column":35},"end":{"line":185,"column":null}}}},"branchMap":{"0":{"loc":{"start":{"line":59,"column":2},"end":{"line":61,"column":null}},"type":"if","locations":[{"start":{"line":59,"column":2},"end":{"line":61,"column":null}},{"start":{},"end":{}}]},"1":{"loc":{"start":{"line":75,"column":2},"end":{"line":124,"column":null}},"type":"switch","locations":[{"start":{"line":76,"column":4},"end":{"line":80,"column":null}},{"start":{"line":82,"column":4},"end":{"line":86,"column":null}},{"start":{"line":88,"column":4},"end":{"line":112,"column":null}},{"start":{"line":113,"column":4},"end":{"line":123,"column":null}}]},"2":{"loc":{"start":{"line":85,"column":41},"end":{"line":85,"column":98}},"type":"cond-expr","locations":[{"start":{"line":85,"column":68},"end":{"line":85,"column":96}},{"start":{"line":85,"column":96},"end":{"line":85,"column":98}}]},"3":{"loc":{"start":{"line":93,"column":6},"end":{"line":99,"column":null}},"type":"if","locations":[{"start":{"line":93,"column":6},"end":{"line":99,"column":null}},{"start":{"line":95,"column":13},"end":{"line":99,"column":null}}]},"4":{"loc":{"start":{"line":104,"column":10},"end":{"line":109,"column":null}},"type":"cond-expr","locations":[{"start":{"line":105,"column":14},"end":{"line":108,"column":null}},{"start":{"line":109,"column":14},"end":{"line":109,"column":null}}]},"5":{"loc":{"start":{"line":104,"column":10},"end":{"line":104,"column":null}},"type":"binary-expr","locations":[{"start":{"line":104,"column":10},"end":{"line":104,"column":30}},{"start":{"line":104,"column":30},"end":{"line":104,"column":null}}]},"6":{"loc":{"start":{"line":114,"column":6},"end":{"line":119,"column":null}},"type":"if","locations":[{"start":{"line":114,"column":6},"end":{"line":119,"column":null}},{"start":{},"end":{}}]},"7":{"loc":{"start":{"line":157,"column":8},"end":{"line":157,"column":null}},"type":"if","locations":[{"start":{"line":157,"column":8},"end":{"line":157,"column":null}},{"start":{},"end":{}}]},"8":{"loc":{"start":{"line":176,"column":6},"end":{"line":178,"column":null}},"type":"if","locations":[{"start":{"line":176,"column":6},"end":{"line":178,"column":null}},{"start":{},"end":{}}]}},"s":{"0":0,"1":0,"2":0,"3":0,"4":0,"5":0,"6":0,"7":0,"8":0,"9":0,"10":0,"11":0,"12":0,"13":0,"14":0,"15":0,"16":0,"17":0,"18":0,"19":0,"20":0,"21":0,"22":0,"23":0,"24":0,"25":0,"26":0,"27":0,"28":0,"29":0,"30":0,"31":0,"32":0,"33":0,"34":0,"35":0,"36":0,"37":0,"38":0,"39":0,"40":0,"41":0,"42":0,"43":0,"44":0,"45":0,"46":0,"47":0,"48":0,"49":0,"50":0,"51":0,"52":0},"f":{"0":0,"1":0,"2":0,"3":0,"4":0,"5":0,"6":0,"7":0,"8":0,"9":0,"10":0,"11":0,"12":0,"13":0,"14":0,"15":0,"16":0,"17":0},"b":{"0":[0,0],"1":[0,0,0,0],"2":[0,0],"3":[0,0],"4":[0,0],"5":[0,0],"6":[0,0],"7":[0,0],"8":[0,0]}}
,"/Users/dominik.vbric/code/open-jii/packages/ui/src/lib/utils.ts": {"path":"/Users/dominik.vbric/code/open-jii/packages/ui/src/lib/utils.ts","statementMap":{"0":{"start":{"line":5,"column":2},"end":{"line":5,"column":null}}},"fnMap":{"0":{"name":"cn","decl":{"start":{"line":4,"column":16},"end":{"line":4,"column":22}},"loc":{"start":{"line":4,"column":53},"end":{"line":6,"column":null}}}},"branchMap":{},"s":{"0":10},"f":{"0":10},"b":{}}
}
